[ 2017-09-06T10:40:16+08:00 ] 123.119.221.26 /wx/
INFO: [ app_init ] --START--
INFO: Run Behavior\BuildLiteBehavior [ RunTime:0.000012s ]
INFO: [ app_init ] --END-- [ RunTime:0.000385s ]
INFO: [ app_begin ] --START--
INFO: Run Behavior\ReadHtmlCacheBehavior [ RunTime:0.000506s ]
INFO: [ app_begin ] --END-- [ RunTime:0.000538s ]

[ 2017-09-06T18:39:22+08:00 ] 103.95.95.26 /wx/
INFO: [ app_init ] --START--
INFO: Run Behavior\BuildLiteBehavior [ RunTime:0.000012s ]
INFO: [ app_init ] --END-- [ RunTime:0.000083s ]
INFO: [ app_begin ] --START--
INFO: Run Behavior\ReadHtmlCacheBehavior [ RunTime:0.000048s ]
INFO: [ app_begin ] --END-- [ RunTime:0.000075s ]

[ 2017-09-06T21:39:12+08:00 ] 103.95.95.26 /wx/
INFO: [ app_init ] --START--
INFO: Run Behavior\BuildLiteBehavior [ RunTime:0.000013s ]
INFO: [ app_init ] --END-- [ RunTime:0.000097s ]
INFO: [ app_begin ] --START--
INFO: Run Behavior\ReadHtmlCacheBehavior [ RunTime:0.000056s ]
INFO: [ app_begin ] --END-- [ RunTime:0.000083s ]
NOTIC: [8] Undefined index: nonce /data/wwwroot/default/wx/wx/Home/Controller/IndexController.class.php 第 7 行.
NOTIC: [8] Undefined index: timestamp /data/wwwroot/default/wx/wx/Home/Controller/IndexController.class.php 第 8 行.
NOTIC: [8] Undefined index: signature /data/wwwroot/default/wx/wx/Home/Controller/IndexController.class.php 第 10 行.
NOTIC: [8] Undefined index: echostr /data/wwwroot/default/wx/wx/Home/Controller/IndexController.class.php 第 11 行.
INFO: [ app_end ] --START--
INFO: Run Behavior\ShowPageTraceBehavior [ RunTime:0.000745s ]
INFO: [ app_end ] --END-- [ RunTime:0.000774s ]

[ 2017-09-06T21:39:14+08:00 ] 103.95.95.26 /wx/
INFO: [ app_init ] --START--
INFO: Run Behavior\BuildLiteBehavior [ RunTime:0.000010s ]
INFO: [ app_init ] --END-- [ RunTime:0.000070s ]
INFO: [ app_begin ] --START--
INFO: Run Behavior\ReadHtmlCacheBehavior [ RunTime:0.000029s ]
INFO: [ app_begin ] --END-- [ RunTime:0.000053s ]
NOTIC: [8] Undefined index: nonce /data/wwwroot/default/wx/wx/Home/Controller/IndexController.class.php 第 7 行.
NOTIC: [8] Undefined index: timestamp /data/wwwroot/default/wx/wx/Home/Controller/IndexController.class.php 第 8 行.
NOTIC: [8] Undefined index: signature /data/wwwroot/default/wx/wx/Home/Controller/IndexController.class.php 第 10 行.
NOTIC: [8] Undefined index: echostr /data/wwwroot/default/wx/wx/Home/Controller/IndexController.class.php 第 11 行.
INFO: [ app_end ] --START--
INFO: Run Behavior\ShowPageTraceBehavior [ RunTime:0.000024s ]
INFO: [ app_end ] --END-- [ RunTime:0.000060s ]

[ 2017-09-06T21:39:14+08:00 ] 103.95.95.26 /wx/
INFO: [ app_init ] --START--
INFO: Run Behavior\BuildLiteBehavior [ RunTime:0.000013s ]
INFO: [ app_init ] --END-- [ RunTime:0.000091s ]
INFO: [ app_begin ] --START--
INFO: Run Behavior\ReadHtmlCacheBehavior [ RunTime:0.000052s ]
INFO: [ app_begin ] --END-- [ RunTime:0.000077s ]
NOTIC: [8] Undefined index: nonce /data/wwwroot/default/wx/wx/Home/Controller/IndexController.class.php 第 7 行.
NOTIC: [8] Undefined index: timestamp /data/wwwroot/default/wx/wx/Home/Controller/IndexController.class.php 第 8 行.
NOTIC: [8] Undefined index: signature /data/wwwroot/default/wx/wx/Home/Controller/IndexController.class.php 第 10 行.
NOTIC: [8] Undefined index: echostr /data/wwwroot/default/wx/wx/Home/Controller/IndexController.class.php 第 11 行.
INFO: [ app_end ] --START--
INFO: Run Behavior\ShowPageTraceBehavior [ RunTime:0.000034s ]
INFO: [ app_end ] --END-- [ RunTime:0.000056s ]

[ 2017-09-06T21:39:14+08:00 ] 103.95.95.26 /wx/
INFO: [ app_init ] --START--
INFO: Run Behavior\BuildLiteBehavior [ RunTime:0.000010s ]
INFO: [ app_init ] --END-- [ RunTime:0.000077s ]
INFO: [ app_begin ] --START--
INFO: Run Behavior\ReadHtmlCacheBehavior [ RunTime:0.000027s ]
INFO: [ app_begin ] --END-- [ RunTime:0.000049s ]
NOTIC: [8] Undefined index: nonce /data/wwwroot/default/wx/wx/Home/Controller/IndexController.class.php 第 7 行.
NOTIC: [8] Undefined index: timestamp /data/wwwroot/default/wx/wx/Home/Controller/IndexController.class.php 第 8 行.
NOTIC: [8] Undefined index: signature /data/wwwroot/default/wx/wx/Home/Controller/IndexController.class.php 第 10 行.
NOTIC: [8] Undefined index: echostr /data/wwwroot/default/wx/wx/Home/Controller/IndexController.class.php 第 11 行.
INFO: [ app_end ] --START--
INFO: Run Behavior\ShowPageTraceBehavior [ RunTime:0.000022s ]
INFO: [ app_end ] --END-- [ RunTime:0.000051s ]

[ 2017-09-06T21:44:10+08:00 ] 103.95.95.26 /wx/
INFO: [ app_init ] --START--
INFO: Run Behavior\BuildLiteBehavior [ RunTime:0.000014s ]
INFO: [ app_init ] --END-- [ RunTime:0.000097s ]
INFO: [ app_begin ] --START--
INFO: Run Behavior\ReadHtmlCacheBehavior [ RunTime:0.000063s ]
INFO: [ app_begin ] --END-- [ RunTime:0.000089s ]
NOTIC: [8] Undefined index: nonce /data/wwwroot/default/wx/wx/Home/Controller/IndexController.class.php 第 7 行.
NOTIC: [8] Undefined index: timestamp /data/wwwroot/default/wx/wx/Home/Controller/IndexController.class.php 第 8 行.
NOTIC: [8] Undefined index: signature /data/wwwroot/default/wx/wx/Home/Controller/IndexController.class.php 第 10 行.
NOTIC: [8] Undefined index: echostr /data/wwwroot/default/wx/wx/Home/Controller/IndexController.class.php 第 11 行.
NOTIC: [8] Undefined index: HTTP_RAW_POST_DATA /data/wwwroot/default/wx/wx/Home/Controller/IndexController.class.php 第 43 行.
NOTIC: [2] Creating default object from empty value /data/wwwroot/default/wx/wx/Home/Controller/IndexController.class.php 第 46 行.
INFO: [ app_end ] --START--
INFO: Run Behavior\ShowPageTraceBehavior [ RunTime:0.000040s ]
INFO: [ app_end ] --END-- [ RunTime:0.000063s ]

[ 2017-09-06T21:44:30+08:00 ] 140.207.54.75 /wx/Index/index?signature=2a61813eb4ca900dc3242e03f9042a4447ab2458&timestamp=1504705470&nonce=1268899440&openid=o3QdLwsN5TQb6afbhkKY1tNhnnWI&encrypt_type=aes&msg_signature=2bf1c74515686e4870c21adabd36cfede6eab67e
INFO: [ app_init ] --START--
INFO: Run Behavior\BuildLiteBehavior [ RunTime:0.000010s ]
INFO: [ app_init ] --END-- [ RunTime:0.000063s ]
INFO: [ app_begin ] --START--
INFO: Run Behavior\ReadHtmlCacheBehavior [ RunTime:0.000027s ]
INFO: [ app_begin ] --END-- [ RunTime:0.000060s ]
NOTIC: [8] Undefined index: echostr /data/wwwroot/default/wx/wx/Home/Controller/IndexController.class.php 第 11 行.
INFO: [ app_end ] --START--
INFO: Run Behavior\ShowPageTraceBehavior [ RunTime:0.000025s ]
INFO: [ app_end ] --END-- [ RunTime:0.000051s ]

[ 2017-09-06T21:44:37+08:00 ] 140.207.54.75 /wx/Index/index?signature=5917a18467730bf41bc267c7000e8e09e59898a8&timestamp=1504705477&nonce=1123321560&openid=o3QdLwsN5TQb6afbhkKY1tNhnnWI&encrypt_type=aes&msg_signature=03fdde3354bd392757c9813fdef2f795b24281a2
INFO: [ app_init ] --START--
INFO: Run Behavior\BuildLiteBehavior [ RunTime:0.000010s ]
INFO: [ app_init ] --END-- [ RunTime:0.000065s ]
INFO: [ app_begin ] --START--
INFO: Run Behavior\ReadHtmlCacheBehavior [ RunTime:0.000037s ]
INFO: [ app_begin ] --END-- [ RunTime:0.000063s ]
NOTIC: [8] Undefined index: echostr /data/wwwroot/default/wx/wx/Home/Controller/IndexController.class.php 第 11 行.
INFO: [ app_end ] --START--
INFO: Run Behavior\ShowPageTraceBehavior [ RunTime:0.000026s ]
INFO: [ app_end ] --END-- [ RunTime:0.000052s ]

[ 2017-09-06T21:45:47+08:00 ] 140.207.54.75 /wx/Index/index?signature=cfbe8ac1aa1a0b8052abd2ef7b7213e84a5a0e1f&timestamp=1504705547&nonce=2041302817&openid=o3QdLwsN5TQb6afbhkKY1tNhnnWI&encrypt_type=aes&msg_signature=d72ed32aeee3d0b560723ec22b08e1c11de4eb66
INFO: [ app_init ] --START--
INFO: Run Behavior\BuildLiteBehavior [ RunTime:0.000011s ]
INFO: [ app_init ] --END-- [ RunTime:0.000079s ]
INFO: [ app_begin ] --START--
INFO: Run Behavior\ReadHtmlCacheBehavior [ RunTime:0.000037s ]
INFO: [ app_begin ] --END-- [ RunTime:0.000067s ]
NOTIC: [8] Undefined index: echostr /data/wwwroot/default/wx/wx/Home/Controller/IndexController.class.php 第 11 行.

[ 2017-09-06T21:45:50+08:00 ] 140.207.54.75 /wx/Index/index?signature=8029734a7db24e0a65b5c93459287f592351448c&timestamp=1504705550&nonce=882690679&openid=o3QdLwsN5TQb6afbhkKY1tNhnnWI&encrypt_type=aes&msg_signature=37eeb7ec80f5f8eae22447cf23bb7f75fe238fd0
INFO: [ app_init ] --START--
INFO: Run Behavior\BuildLiteBehavior [ RunTime:0.000022s ]
INFO: [ app_init ] --END-- [ RunTime:0.000076s ]
INFO: [ app_begin ] --START--
INFO: Run Behavior\ReadHtmlCacheBehavior [ RunTime:0.000027s ]
INFO: [ app_begin ] --END-- [ RunTime:0.000056s ]
NOTIC: [8] Undefined index: echostr /data/wwwroot/default/wx/wx/Home/Controller/IndexController.class.php 第 11 行.
INFO: [ app_end ] --START--
INFO: Run Behavior\ShowPageTraceBehavior [ RunTime:0.000028s ]
INFO: [ app_end ] --END-- [ RunTime:0.000049s ]

[ 2017-09-06T21:46:18+08:00 ] 103.95.95.26 /wx/
INFO: [ app_init ] --START--
INFO: Run Behavior\BuildLiteBehavior [ RunTime:0.000010s ]
INFO: [ app_init ] --END-- [ RunTime:0.000062s ]
INFO: [ app_begin ] --START--
INFO: Run Behavior\ReadHtmlCacheBehavior [ RunTime:0.000034s ]
INFO: [ app_begin ] --END-- [ RunTime:0.000055s ]
NOTIC: [8] Undefined index: nonce /data/wwwroot/default/wx/wx/Home/Controller/IndexController.class.php 第 7 行.
NOTIC: [8] Undefined index: timestamp /data/wwwroot/default/wx/wx/Home/Controller/IndexController.class.php 第 8 行.
NOTIC: [8] Undefined index: signature /data/wwwroot/default/wx/wx/Home/Controller/IndexController.class.php 第 10 行.
NOTIC: [8] Undefined index: echostr /data/wwwroot/default/wx/wx/Home/Controller/IndexController.class.php 第 11 行.
INFO: [ app_end ] --START--
INFO: Run Behavior\ShowPageTraceBehavior [ RunTime:0.000021s ]
INFO: [ app_end ] --END-- [ RunTime:0.000040s ]

[ 2017-09-06T21:46:19+08:00 ] 103.95.95.26 /wx/
INFO: [ app_init ] --START--
INFO: Run Behavior\BuildLiteBehavior [ RunTime:0.000010s ]
INFO: [ app_init ] --END-- [ RunTime:0.000077s ]
INFO: [ app_begin ] --START--
INFO: Run Behavior\ReadHtmlCacheBehavior [ RunTime:0.000027s ]
INFO: [ app_begin ] --END-- [ RunTime:0.000050s ]
NOTIC: [8] Undefined index: nonce /data/wwwroot/default/wx/wx/Home/Controller/IndexController.class.php 第 7 行.
NOTIC: [8] Undefined index: timestamp /data/wwwroot/default/wx/wx/Home/Controller/IndexController.class.php 第 8 行.
NOTIC: [8] Undefined index: signature /data/wwwroot/default/wx/wx/Home/Controller/IndexController.class.php 第 10 行.
NOTIC: [8] Undefined index: echostr /data/wwwroot/default/wx/wx/Home/Controller/IndexController.class.php 第 11 行.
INFO: [ app_end ] --START--
INFO: Run Behavior\ShowPageTraceBehavior [ RunTime:0.000025s ]
INFO: [ app_end ] --END-- [ RunTime:0.000062s ]

[ 2017-09-06T21:46:19+08:00 ] 103.95.95.26 /wx/
INFO: [ app_init ] --START--
INFO: Run Behavior\BuildLiteBehavior [ RunTime:0.000015s ]
INFO: [ app_init ] --END-- [ RunTime:0.000062s ]
INFO: [ app_begin ] --START--
INFO: Run Behavior\ReadHtmlCacheBehavior [ RunTime:0.000024s ]
INFO: [ app_begin ] --END-- [ RunTime:0.000046s ]
NOTIC: [8] Undefined index: nonce /data/wwwroot/default/wx/wx/Home/Controller/IndexController.class.php 第 7 行.
NOTIC: [8] Undefined index: timestamp /data/wwwroot/default/wx/wx/Home/Controller/IndexController.class.php 第 8 行.
NOTIC: [8] Undefined index: signature /data/wwwroot/default/wx/wx/Home/Controller/IndexController.class.php 第 10 行.
NOTIC: [8] Undefined index: echostr /data/wwwroot/default/wx/wx/Home/Controller/IndexController.class.php 第 11 行.
INFO: [ app_end ] --START--
INFO: Run Behavior\ShowPageTraceBehavior [ RunTime:0.000020s ]
INFO: [ app_end ] --END-- [ RunTime:0.000040s ]

[ 2017-09-06T21:48:15+08:00 ] 140.207.54.75 /wx/Index/index?signature=78fd5a5edac6e18812c9ba27819d69a645b7d2d0&timestamp=1504705695&nonce=717108900&openid=o3QdLwsN5TQb6afbhkKY1tNhnnWI&encrypt_type=aes&msg_signature=7869eb14ba1aecb69eb0b00f57ee6c10ce5f9e24
INFO: [ app_init ] --START--
INFO: Run Behavior\BuildLiteBehavior [ RunTime:0.000016s ]
INFO: [ app_init ] --END-- [ RunTime:0.000107s ]
INFO: [ app_begin ] --START--
INFO: Run Behavior\ReadHtmlCacheBehavior [ RunTime:0.000055s ]
INFO: [ app_begin ] --END-- [ RunTime:0.000086s ]
NOTIC: [8] Undefined index: echostr /data/wwwroot/default/wx/wx/Home/Controller/IndexController.class.php 第 11 行.
INFO: [ app_end ] --START--
INFO: Run Behavior\ShowPageTraceBehavior [ RunTime:0.000043s ]
INFO: [ app_end ] --END-- [ RunTime:0.000073s ]

[ 2017-09-06T21:48:30+08:00 ] 140.207.54.76 /wx/Index/index?signature=920d8378f0177ff44e4ec0383ccadd81f7228b76&timestamp=1504705710&nonce=1638984929&openid=o3QdLwsN5TQb6afbhkKY1tNhnnWI&encrypt_type=aes&msg_signature=8852afa7c31456cbf950464de620f399c1625799
INFO: [ app_init ] --START--
INFO: Run Behavior\BuildLiteBehavior [ RunTime:0.000015s ]
INFO: [ app_init ] --END-- [ RunTime:0.000112s ]
INFO: [ app_begin ] --START--
INFO: Run Behavior\ReadHtmlCacheBehavior [ RunTime:0.000057s ]
INFO: [ app_begin ] --END-- [ RunTime:0.000089s ]
NOTIC: [8] Undefined index: echostr /data/wwwroot/default/wx/wx/Home/Controller/IndexController.class.php 第 11 行.
INFO: [ app_end ] --START--
INFO: Run Behavior\ShowPageTraceBehavior [ RunTime:0.000041s ]
INFO: [ app_end ] --END-- [ RunTime:0.000076s ]

[ 2017-09-06T21:50:26+08:00 ] 140.207.54.76 /wx/Index/index?signature=53a7a3a0740aa04a89aaabd640b492109b0e8144&timestamp=1504705826&nonce=615416017&openid=o3QdLwsN5TQb6afbhkKY1tNhnnWI&encrypt_type=aes&msg_signature=35e799e7bfdc1668b064bff0eb8e58bf7ba63620
INFO: [ app_init ] --START--
INFO: Run Behavior\BuildLiteBehavior [ RunTime:0.000010s ]
INFO: [ app_init ] --END-- [ RunTime:0.000069s ]
INFO: [ app_begin ] --START--
INFO: Run Behavior\ReadHtmlCacheBehavior [ RunTime:0.000031s ]
INFO: [ app_begin ] --END-- [ RunTime:0.000055s ]
NOTIC: [8] Undefined index: echostr /data/wwwroot/default/wx/wx/Home/Controller/IndexController.class.php 第 11 行.
INFO: [ app_end ] --START--
INFO: Run Behavior\ShowPageTraceBehavior [ RunTime:0.000044s ]
INFO: [ app_end ] --END-- [ RunTime:0.000072s ]

[ 2017-09-06T21:50:32+08:00 ] 140.207.54.75 /wx/Index/index?signature=a35e4b3232a61364ca9cf0fe26af2150ca885e41&timestamp=1504705832&nonce=1652108725&openid=o3QdLwsN5TQb6afbhkKY1tNhnnWI&encrypt_type=aes&msg_signature=ceda5bf58e4608ad76e9c306f526d92bd96f74a0
INFO: [ app_init ] --START--
INFO: Run Behavior\BuildLiteBehavior [ RunTime:0.000009s ]
INFO: [ app_init ] --END-- [ RunTime:0.000061s ]
INFO: [ app_begin ] --START--
INFO: Run Behavior\ReadHtmlCacheBehavior [ RunTime:0.000025s ]
INFO: [ app_begin ] --END-- [ RunTime:0.000048s ]
NOTIC: [8] Undefined index: echostr /data/wwwroot/default/wx/wx/Home/Controller/IndexController.class.php 第 11 行.
INFO: [ app_end ] --START--
INFO: Run Behavior\ShowPageTraceBehavior [ RunTime:0.000026s ]
INFO: [ app_end ] --END-- [ RunTime:0.000051s ]

[ 2017-09-06T21:50:42+08:00 ] 117.185.27.115 /wx/Index/index
INFO: [ app_init ] --START--
INFO: Run Behavior\BuildLiteBehavior [ RunTime:0.000009s ]
INFO: [ app_init ] --END-- [ RunTime:0.000062s ]
INFO: [ app_begin ] --START--
INFO: Run Behavior\ReadHtmlCacheBehavior [ RunTime:0.000026s ]
INFO: [ app_begin ] --END-- [ RunTime:0.000049s ]
NOTIC: [8] Undefined index: nonce /data/wwwroot/default/wx/wx/Home/Controller/IndexController.class.php 第 7 行.
NOTIC: [8] Undefined index: timestamp /data/wwwroot/default/wx/wx/Home/Controller/IndexController.class.php 第 8 行.
NOTIC: [8] Undefined index: signature /data/wwwroot/default/wx/wx/Home/Controller/IndexController.class.php 第 10 行.
NOTIC: [8] Undefined index: echostr /data/wwwroot/default/wx/wx/Home/Controller/IndexController.class.php 第 11 行.
NOTIC: [8] Undefined index: HTTP_RAW_POST_DATA /data/wwwroot/default/wx/wx/Home/Controller/IndexController.class.php 第 43 行.
NOTIC: [8] Trying to get property of non-object /data/wwwroot/default/wx/wx/Home/Controller/IndexController.class.php 第 52 行.
INFO: [ app_end ] --START--
INFO: Run Behavior\ShowPageTraceBehavior [ RunTime:0.000030s ]
INFO: [ app_end ] --END-- [ RunTime:0.000059s ]

[ 2017-09-06T21:52:49+08:00 ] 140.207.54.75 /wx/Index/index?signature=92a16186ed1b155f905fe6d7fb21ee5bb67917b6&timestamp=1504705969&nonce=951452180&openid=o3QdLwsN5TQb6afbhkKY1tNhnnWI&encrypt_type=aes&msg_signature=c77ebf72b5e7f46ece4ecc1a7c3c522a894d28c3
INFO: [ app_init ] --START--
INFO: Run Behavior\BuildLiteBehavior [ RunTime:0.000014s ]
INFO: [ app_init ] --END-- [ RunTime:0.000105s ]
INFO: [ app_begin ] --START--
INFO: Run Behavior\ReadHtmlCacheBehavior [ RunTime:0.000071s ]
INFO: [ app_begin ] --END-- [ RunTime:0.000103s ]

[ 2017-09-06T21:52:57+08:00 ] 140.207.54.76 /wx/Index/index?signature=d6ec6bd572e81a027e467b1a314c6a477cd50d44&timestamp=1504705978&nonce=960392906&openid=o3QdLwsN5TQb6afbhkKY1tNhnnWI&encrypt_type=aes&msg_signature=b51e48eca4d28bb7460f441186551c2e72336e6b
INFO: [ app_init ] --START--
INFO: Run Behavior\BuildLiteBehavior [ RunTime:0.000010s ]
INFO: [ app_init ] --END-- [ RunTime:0.000065s ]
INFO: [ app_begin ] --START--
INFO: Run Behavior\ReadHtmlCacheBehavior [ RunTime:0.000025s ]
INFO: [ app_begin ] --END-- [ RunTime:0.000048s ]

[ 2017-09-06T21:53:25+08:00 ] 140.207.54.75 /wx/Index/index?signature=d47e8cfc3fc32d3eb0d4172a941538b7d4ee475c&timestamp=1504706005&nonce=825956216&openid=o3QdLwsN5TQb6afbhkKY1tNhnnWI&encrypt_type=aes&msg_signature=f7ca18b7469bc03248d837672a2205e7ef0fa570
INFO: [ app_init ] --START--
INFO: Run Behavior\BuildLiteBehavior [ RunTime:0.000010s ]
INFO: [ app_init ] --END-- [ RunTime:0.000065s ]
INFO: [ app_begin ] --START--
INFO: Run Behavior\ReadHtmlCacheBehavior [ RunTime:0.000042s ]
INFO: [ app_begin ] --END-- [ RunTime:0.000070s ]
NOTIC: [8] Undefined index: echostr /data/wwwroot/default/wx/wx/Home/Controller/IndexController.class.php 第 11 行.
INFO: [ app_end ] --START--
INFO: Run Behavior\ShowPageTraceBehavior [ RunTime:0.000039s ]
INFO: [ app_end ] --END-- [ RunTime:0.000070s ]

[ 2017-09-06T21:53:31+08:00 ] 140.207.54.75 /wx/Index/index?signature=3d66382b1f03e3b2bde27a16928df9dd18add595&timestamp=1504706011&nonce=471741436&openid=o3QdLwsN5TQb6afbhkKY1tNhnnWI&encrypt_type=aes&msg_signature=917eb5ce2d9bbb42ec621535b60b85170092ba5d
INFO: [ app_init ] --START--
INFO: Run Behavior\BuildLiteBehavior [ RunTime:0.000012s ]
INFO: [ app_init ] --END-- [ RunTime:0.000092s ]
INFO: [ app_begin ] --START--
INFO: Run Behavior\ReadHtmlCacheBehavior [ RunTime:0.000051s ]
INFO: [ app_begin ] --END-- [ RunTime:0.000081s ]
NOTIC: [8] Undefined index: echostr /data/wwwroot/default/wx/wx/Home/Controller/IndexController.class.php 第 11 行.
INFO: [ app_end ] --START--
INFO: Run Behavior\ShowPageTraceBehavior [ RunTime:0.000036s ]
INFO: [ app_end ] --END-- [ RunTime:0.000065s ]

[ 2017-09-06T21:54:11+08:00 ] 140.207.54.75 /wx/Index/index?signature=ea5c65883a586cf43f75ce6076c7de5edc9f1e5f&timestamp=1504706051&nonce=557359900&openid=o3QdLwsN5TQb6afbhkKY1tNhnnWI&encrypt_type=aes&msg_signature=71dc9e9a29bebd7908bf9d0b8444ef5ccf198062
INFO: [ app_init ] --START--
INFO: Run Behavior\BuildLiteBehavior [ RunTime:0.000010s ]
INFO: [ app_init ] --END-- [ RunTime:0.000074s ]
INFO: [ app_begin ] --START--
INFO: Run Behavior\ReadHtmlCacheBehavior [ RunTime:0.000040s ]
INFO: [ app_begin ] --END-- [ RunTime:0.000067s ]
NOTIC: [8] Undefined index: echostr /data/wwwroot/default/wx/wx/Home/Controller/IndexController.class.php 第 11 行.
INFO: [ app_end ] --START--
INFO: Run Behavior\ShowPageTraceBehavior [ RunTime:0.000027s ]
INFO: [ app_end ] --END-- [ RunTime:0.000053s ]

[ 2017-09-06T21:54:17+08:00 ] 140.207.54.75 /wx/Index/index?signature=f3dc68eb5a264d321687cc38ad684084bac77c1f&timestamp=1504706057&nonce=832661854&openid=o3QdLwsN5TQb6afbhkKY1tNhnnWI&encrypt_type=aes&msg_signature=b1adfc6e2bff3e808608bfdeabb3ec6b9af6c898
INFO: [ app_init ] --START--
INFO: Run Behavior\BuildLiteBehavior [ RunTime:0.000010s ]
INFO: [ app_init ] --END-- [ RunTime:0.000069s ]
INFO: [ app_begin ] --START--
INFO: Run Behavior\ReadHtmlCacheBehavior [ RunTime:0.000026s ]
INFO: [ app_begin ] --END-- [ RunTime:0.000052s ]
NOTIC: [8] Undefined index: echostr /data/wwwroot/default/wx/wx/Home/Controller/IndexController.class.php 第 11 行.
INFO: [ app_end ] --START--
INFO: Run Behavior\ShowPageTraceBehavior [ RunTime:0.000028s ]
INFO: [ app_end ] --END-- [ RunTime:0.000056s ]

[ 2017-09-06T21:55:19+08:00 ] 140.207.54.75 /wx/Index/index?signature=2116c6435264861483bbbea9c276eec75bc4a3ff&timestamp=1504706119&nonce=708666369&openid=o3QdLwsN5TQb6afbhkKY1tNhnnWI&encrypt_type=aes&msg_signature=8eb4a8854998240d25431daef9daa84e64cbc066
INFO: [ app_init ] --START--
INFO: Run Behavior\BuildLiteBehavior [ RunTime:0.000009s ]
INFO: [ app_init ] --END-- [ RunTime:0.000079s ]
INFO: [ app_begin ] --START--
INFO: Run Behavior\ReadHtmlCacheBehavior [ RunTime:0.000029s ]
INFO: [ app_begin ] --END-- [ RunTime:0.000052s ]
NOTIC: [8] Undefined index: echostr /data/wwwroot/default/wx/wx/Home/Controller/IndexController.class.php 第 11 行.
INFO: [ app_end ] --START--
INFO: Run Behavior\ShowPageTraceBehavior [ RunTime:0.000033s ]
INFO: [ app_end ] --END-- [ RunTime:0.000071s ]

[ 2017-09-06T21:55:19+08:00 ] 140.207.54.75 /wx/Index/index?signature=3d97b616ea29568bf8a6f4a66ec26f6497c34b49&timestamp=1504706119&nonce=1892345245&openid=o3QdLwsN5TQb6afbhkKY1tNhnnWI&encrypt_type=aes&msg_signature=4b977b37d9bc2b7d0e8d1abe518f29ce2c9725ea
INFO: [ app_init ] --START--
INFO: Run Behavior\BuildLiteBehavior [ RunTime:0.000007s ]
INFO: [ app_init ] --END-- [ RunTime:0.000043s ]
INFO: [ app_begin ] --START--
INFO: Run Behavior\ReadHtmlCacheBehavior [ RunTime:0.000023s ]
INFO: [ app_begin ] --END-- [ RunTime:0.000046s ]
NOTIC: [8] Undefined index: echostr /data/wwwroot/default/wx/wx/Home/Controller/IndexController.class.php 第 11 行.
INFO: [ app_end ] --START--
INFO: Run Behavior\ShowPageTraceBehavior [ RunTime:0.000023s ]
INFO: [ app_end ] --END-- [ RunTime:0.000046s ]

[ 2017-09-06T21:55:19+08:00 ] 140.207.54.76 /wx/Index/index?signature=2915ac4ff3ac344c47b987e59950f5ff7a5a85d5&timestamp=1504706119&nonce=190966239&openid=o3QdLwsN5TQb6afbhkKY1tNhnnWI&encrypt_type=aes&msg_signature=c66919cc42f735638a202de9e58796499ff57b5f
INFO: [ app_init ] --START--
INFO: Run Behavior\BuildLiteBehavior [ RunTime:0.000011s ]
INFO: [ app_init ] --END-- [ RunTime:0.000075s ]
INFO: [ app_begin ] --START--
INFO: Run Behavior\ReadHtmlCacheBehavior [ RunTime:0.000027s ]
INFO: [ app_begin ] --END-- [ RunTime:0.000053s ]
NOTIC: [8] Undefined index: echostr /data/wwwroot/default/wx/wx/Home/Controller/IndexController.class.php 第 11 行.
INFO: [ app_end ] --START--
INFO: Run Behavior\ShowPageTraceBehavior [ RunTime:0.000039s ]
INFO: [ app_end ] --END-- [ RunTime:0.000067s ]

[ 2017-09-06T21:56:02+08:00 ] 140.207.54.76 /wx/Index/index?signature=49088838313dd86676eae43b8ee93f0a162710c2&timestamp=1504706162&nonce=1549532036&openid=o3QdLwsN5TQb6afbhkKY1tNhnnWI&encrypt_type=aes&msg_signature=407218d9512bf97eaed907cd0e1a2894eae0ccf6
INFO: [ app_init ] --START--
INFO: Run Behavior\BuildLiteBehavior [ RunTime:0.000019s ]
INFO: [ app_init ] --END-- [ RunTime:0.000078s ]
INFO: [ app_begin ] --START--
INFO: Run Behavior\ReadHtmlCacheBehavior [ RunTime:0.000044s ]
INFO: [ app_begin ] --END-- [ RunTime:0.000073s ]
NOTIC: [8] Undefined index: echostr /data/wwwroot/default/wx/wx/Home/Controller/IndexController.class.php 第 11 行.
INFO: [ app_end ] --START--
INFO: Run Behavior\ShowPageTraceBehavior [ RunTime:0.000028s ]
INFO: [ app_end ] --END-- [ RunTime:0.000054s ]

[ 2017-09-06T21:56:12+08:00 ] 140.207.54.75 /wx/Index/index?signature=26e2b64e05bac33f7f88f1feb180949577403dff&timestamp=1504706172&nonce=1964744064&openid=o3QdLwsN5TQb6afbhkKY1tNhnnWI&encrypt_type=aes&msg_signature=1dabb9258ef21617affdbf924ece54338e6c2d61
INFO: [ app_init ] --START--
INFO: Run Behavior\BuildLiteBehavior [ RunTime:0.000009s ]
INFO: [ app_init ] --END-- [ RunTime:0.000061s ]
INFO: [ app_begin ] --START--
INFO: Run Behavior\ReadHtmlCacheBehavior [ RunTime:0.000024s ]
INFO: [ app_begin ] --END-- [ RunTime:0.000046s ]
NOTIC: [8] Undefined index: echostr /data/wwwroot/default/wx/wx/Home/Controller/IndexController.class.php 第 11 行.
INFO: [ app_end ] --START--
INFO: Run Behavior\ShowPageTraceBehavior [ RunTime:0.000024s ]
INFO: [ app_end ] --END-- [ RunTime:0.000048s ]

[ 2017-09-06T23:05:46+08:00 ] 140.207.54.75 /wx/Index/index?signature=6e7c65a99ff9a0e36be2c0d73674cbf0d4eb5a08&timestamp=1504710346&nonce=225161370&openid=o3QdLwsN5TQb6afbhkKY1tNhnnWI&encrypt_type=aes&msg_signature=7d8f2a1e3481f8286e81ca0fd5c7b80302ef4e62
INFO: [ app_init ] --START--
INFO: Run Behavior\BuildLiteBehavior [ RunTime:0.000011s ]
INFO: [ app_init ] --END-- [ RunTime:0.000083s ]
INFO: [ app_begin ] --START--
INFO: Run Behavior\ReadHtmlCacheBehavior [ RunTime:0.000033s ]
INFO: [ app_begin ] --END-- [ RunTime:0.000060s ]
NOTIC: [8] Undefined index: echostr /data/wwwroot/default/wx/wx/Home/Controller/IndexController.class.php 第 11 行.
INFO: [ app_end ] --START--
INFO: Run Behavior\ShowPageTraceBehavior [ RunTime:0.000032s ]
INFO: [ app_end ] --END-- [ RunTime:0.000058s ]

[ 2017-09-06T23:05:51+08:00 ] 140.207.54.76 /wx/Index/index?signature=26602302e86d8318791c407bfc45a641d38b637a&timestamp=1504710351&nonce=1854779937&openid=o3QdLwsN5TQb6afbhkKY1tNhnnWI&encrypt_type=aes&msg_signature=e782ab810a4e0f45e946f3573ea689a1797b4b75
INFO: [ app_init ] --START--
INFO: Run Behavior\BuildLiteBehavior [ RunTime:0.000009s ]
INFO: [ app_init ] --END-- [ RunTime:0.000061s ]
INFO: [ app_begin ] --START--
INFO: Run Behavior\ReadHtmlCacheBehavior [ RunTime:0.000023s ]
INFO: [ app_begin ] --END-- [ RunTime:0.000047s ]
NOTIC: [8] Undefined index: echostr /data/wwwroot/default/wx/wx/Home/Controller/IndexController.class.php 第 11 行.
INFO: [ app_end ] --START--
INFO: Run Behavior\ShowPageTraceBehavior [ RunTime:0.000025s ]
INFO: [ app_end ] --END-- [ RunTime:0.000049s ]

[ 2017-09-06T23:09:36+08:00 ] 140.207.54.76 /wx/Index/index?signature=5147222b52caca75f66a9adb1333de440376445f&timestamp=1504710576&nonce=71605865&openid=o3QdLwsN5TQb6afbhkKY1tNhnnWI&encrypt_type=aes&msg_signature=97df1d4c10db0abb870b8e25fe49aaa0bc53e4d7
INFO: [ app_init ] --START--
INFO: Run Behavior\BuildLiteBehavior [ RunTime:0.000010s ]
INFO: [ app_init ] --END-- [ RunTime:0.000074s ]
INFO: [ app_begin ] --START--
INFO: Run Behavior\ReadHtmlCacheBehavior [ RunTime:0.000033s ]
INFO: [ app_begin ] --END-- [ RunTime:0.000067s ]
NOTIC: [8] Undefined index: echostr /data/wwwroot/default/wx/wx/Home/Controller/IndexController.class.php 第 11 行.
INFO: [ app_end ] --START--
INFO: Run Behavior\ShowPageTraceBehavior [ RunTime:0.000033s ]
INFO: [ app_end ] --END-- [ RunTime:0.000059s ]

[ 2017-09-06T23:09:56+08:00 ] 140.207.54.76 /wx/Index/index?signature=d9caa28bd178e6fa1d599510dcbefc3033ecc511&timestamp=1504710596&nonce=518078672&openid=o3QdLwsN5TQb6afbhkKY1tNhnnWI&encrypt_type=aes&msg_signature=8c8e3d3afe0c4cbd7ed337626bdfb43865c861d7
INFO: [ app_init ] --START--
INFO: Run Behavior\BuildLiteBehavior [ RunTime:0.000009s ]
INFO: [ app_init ] --END-- [ RunTime:0.000060s ]
INFO: [ app_begin ] --START--
INFO: Run Behavior\ReadHtmlCacheBehavior [ RunTime:0.000024s ]
INFO: [ app_begin ] --END-- [ RunTime:0.000047s ]
NOTIC: [8] Undefined index: echostr /data/wwwroot/default/wx/wx/Home/Controller/IndexController.class.php 第 11 行.
INFO: [ app_end ] --START--
INFO: Run Behavior\ShowPageTraceBehavior [ RunTime:0.000025s ]
INFO: [ app_end ] --END-- [ RunTime:0.000049s ]

[ 2017-09-06T23:15:48+08:00 ] 140.207.54.76 /wx/Index/index?signature=5e6f03a445034dc6457c6031001c782edd89fd6f&timestamp=1504710948&nonce=1922444739&openid=o3QdLwsN5TQb6afbhkKY1tNhnnWI&encrypt_type=aes&msg_signature=851f6c236fc595137cf992f0c2a70d2a630e8bc8
INFO: [ app_init ] --START--
INFO: Run Behavior\BuildLiteBehavior [ RunTime:0.000011s ]
INFO: [ app_init ] --END-- [ RunTime:0.000075s ]
INFO: [ app_begin ] --START--
INFO: Run Behavior\ReadHtmlCacheBehavior [ RunTime:0.000031s ]
INFO: [ app_begin ] --END-- [ RunTime:0.000057s ]
NOTIC: [8] Undefined index: echostr /data/wwwroot/default/wx/wx/Home/Controller/IndexController.class.php 第 11 行.
INFO: [ app_end ] --START--
INFO: Run Behavior\ShowPageTraceBehavior [ RunTime:0.000032s ]
INFO: [ app_end ] --END-- [ RunTime:0.000057s ]

[ 2017-09-06T23:16:20+08:00 ] 140.207.54.75 /wx/Index/index?signature=a7c841cbf3127d86b1d14ca215e0093e9af1b962&timestamp=1504710980&nonce=530386892&openid=o3QdLwsN5TQb6afbhkKY1tNhnnWI&encrypt_type=aes&msg_signature=65ab19e8d4dbbe2092f5109272809a2c40fa74ce
INFO: [ app_init ] --START--
INFO: Run Behavior\BuildLiteBehavior [ RunTime:0.000010s ]
INFO: [ app_init ] --END-- [ RunTime:0.000060s ]
INFO: [ app_begin ] --START--
INFO: Run Behavior\ReadHtmlCacheBehavior [ RunTime:0.000025s ]
INFO: [ app_begin ] --END-- [ RunTime:0.000047s ]
NOTIC: [8] Undefined index: echostr /data/wwwroot/default/wx/wx/Home/Controller/IndexController.class.php 第 11 行.
INFO: [ app_end ] --START--
INFO: Run Behavior\ShowPageTraceBehavior [ RunTime:0.000026s ]
INFO: [ app_end ] --END-- [ RunTime:0.000049s ]

[ 2017-09-06T23:16:24+08:00 ] 140.207.54.76 /wx/Index/index?signature=6bd03007e8cc1c3d5974a8bf71ac558d1885ecb9&timestamp=1504710984&nonce=322614344&openid=o3QdLwsN5TQb6afbhkKY1tNhnnWI&encrypt_type=aes&msg_signature=44a3dd09840608facf2f752a52bf80d4c257924a
INFO: [ app_init ] --START--
INFO: Run Behavior\BuildLiteBehavior [ RunTime:0.000011s ]
INFO: [ app_init ] --END-- [ RunTime:0.000068s ]
INFO: [ app_begin ] --START--
INFO: Run Behavior\ReadHtmlCacheBehavior [ RunTime:0.000025s ]
INFO: [ app_begin ] --END-- [ RunTime:0.000049s ]
NOTIC: [8] Undefined index: echostr /data/wwwroot/default/wx/wx/Home/Controller/IndexController.class.php 第 11 行.
INFO: [ app_end ] --START--
INFO: Run Behavior\ShowPageTraceBehavior [ RunTime:0.000028s ]
INFO: [ app_end ] --END-- [ RunTime:0.000055s ]

[ 2017-09-06T23:17:02+08:00 ] 140.207.54.76 /wx/Index/index?signature=642a3b41b84e1e8c2d00381187df80fad7b6d1e7&timestamp=1504711023&nonce=881747376&openid=o3QdLwsN5TQb6afbhkKY1tNhnnWI&encrypt_type=aes&msg_signature=155a524ef23b4ad1d7aa3a2f1768ca86ac22028c
INFO: [ app_init ] --START--
INFO: Run Behavior\BuildLiteBehavior [ RunTime:0.000009s ]
INFO: [ app_init ] --END-- [ RunTime:0.000066s ]
INFO: [ app_begin ] --START--
INFO: Run Behavior\ReadHtmlCacheBehavior [ RunTime:0.000028s ]
INFO: [ app_begin ] --END-- [ RunTime:0.000052s ]
NOTIC: [8] Undefined index: echostr /data/wwwroot/default/wx/wx/Home/Controller/IndexController.class.php 第 11 行.
INFO: [ app_end ] --START--
INFO: Run Behavior\ShowPageTraceBehavior [ RunTime:0.000028s ]
INFO: [ app_end ] --END-- [ RunTime:0.000051s ]

[ 2017-09-06T23:23:41+08:00 ] 140.207.54.75 /wx/Index/index?signature=b9928d1e759344fe7816a5351b3103d4d7ae462d&timestamp=1504711422&nonce=1363422708&openid=o3QdLwsN5TQb6afbhkKY1tNhnnWI&encrypt_type=aes&msg_signature=a737878fb058c4f62e33326af209728285c7dfb8
INFO: [ app_init ] --START--
INFO: Run Behavior\BuildLiteBehavior [ RunTime:0.000010s ]
INFO: [ app_init ] --END-- [ RunTime:0.000070s ]
INFO: [ app_begin ] --START--
INFO: Run Behavior\ReadHtmlCacheBehavior [ RunTime:0.000029s ]
INFO: [ app_begin ] --END-- [ RunTime:0.000054s ]
NOTIC: [8] Undefined index: echostr /data/wwwroot/default/wx/wx/Home/Controller/IndexController.class.php 第 11 行.
INFO: [ app_end ] --START--
INFO: Run Behavior\ShowPageTraceBehavior [ RunTime:0.000033s ]
INFO: [ app_end ] --END-- [ RunTime:0.000062s ]

[ 2017-09-06T23:25:23+08:00 ] 140.207.54.75 /wx/Index/index?signature=8a4468a65f8859970d455dc905bdacb2894f6b86&timestamp=1504711523&nonce=916374081&openid=o3QdLwsN5TQb6afbhkKY1tNhnnWI&encrypt_type=aes&msg_signature=5f4d7db629ce292755ff155d29ecac0f4aaae787
INFO: [ app_init ] --START--
INFO: Run Behavior\BuildLiteBehavior [ RunTime:0.000011s ]
INFO: [ app_init ] --END-- [ RunTime:0.000081s ]
INFO: [ app_begin ] --START--
INFO: Run Behavior\ReadHtmlCacheBehavior [ RunTime:0.000028s ]
INFO: [ app_begin ] --END-- [ RunTime:0.000051s ]
NOTIC: [8] Undefined index: echostr /data/wwwroot/default/wx/wx/Home/Controller/IndexController.class.php 第 11 行.
INFO: [ app_end ] --START--
INFO: Run Behavior\ShowPageTraceBehavior [ RunTime:0.000044s ]
INFO: [ app_end ] --END-- [ RunTime:0.000068s ]

[ 2017-09-06T23:31:35+08:00 ] 140.207.54.75 /wx/Index/index?signature=83b41732adc170843e661c2fce8b8edf97a14927&timestamp=1504711895&nonce=2061761780&openid=o3QdLwsN5TQb6afbhkKY1tNhnnWI&encrypt_type=aes&msg_signature=b9995dae4b890c9ae35902b020de9505b93d45fe
INFO: [ app_init ] --START--
INFO: Run Behavior\BuildLiteBehavior [ RunTime:0.000009s ]
INFO: [ app_init ] --END-- [ RunTime:0.000069s ]
INFO: [ app_begin ] --START--
INFO: Run Behavior\ReadHtmlCacheBehavior [ RunTime:0.000030s ]
INFO: [ app_begin ] --END-- [ RunTime:0.000053s ]
NOTIC: [8] Undefined index: echostr /data/wwwroot/default/wx/wx/Home/Controller/IndexController.class.php 第 11 行.
INFO: [ app_end ] --START--
INFO: Run Behavior\ShowPageTraceBehavior [ RunTime:0.000030s ]
INFO: [ app_end ] --END-- [ RunTime:0.000055s ]

[ 2017-09-06T23:32:29+08:00 ] 103.95.95.45 /wx/Index/index
INFO: [ app_init ] --START--
INFO: Run Behavior\BuildLiteBehavior [ RunTime:0.000010s ]
INFO: [ app_init ] --END-- [ RunTime:0.000062s ]
INFO: [ app_begin ] --START--
INFO: Run Behavior\ReadHtmlCacheBehavior [ RunTime:0.000025s ]
INFO: [ app_begin ] --END-- [ RunTime:0.000048s ]
NOTIC: [8] Undefined index: nonce /data/wwwroot/default/wx/wx/Home/Controller/IndexController.class.php 第 7 行.
NOTIC: [8] Undefined index: timestamp /data/wwwroot/default/wx/wx/Home/Controller/IndexController.class.php 第 8 行.
NOTIC: [8] Undefined index: signature /data/wwwroot/default/wx/wx/Home/Controller/IndexController.class.php 第 10 行.
NOTIC: [8] Undefined index: echostr /data/wwwroot/default/wx/wx/Home/Controller/IndexController.class.php 第 11 行.
NOTIC: [8] Undefined index: HTTP_RAW_POST_DATA /data/wwwroot/default/wx/wx/Home/Controller/IndexController.class.php 第 43 行.
NOTIC: [8] Trying to get property of non-object /data/wwwroot/default/wx/wx/Home/Controller/IndexController.class.php 第 52 行.
INFO: [ app_end ] --START--
INFO: Run Behavior\ShowPageTraceBehavior [ RunTime:0.000023s ]
INFO: [ app_end ] --END-- [ RunTime:0.000042s ]

[ 2017-09-06T23:32:31+08:00 ] 103.95.95.45 /wx/Index/index
INFO: [ app_init ] --START--
INFO: Run Behavior\BuildLiteBehavior [ RunTime:0.000010s ]
INFO: [ app_init ] --END-- [ RunTime:0.000063s ]
INFO: [ app_begin ] --START--
INFO: Run Behavior\ReadHtmlCacheBehavior [ RunTime:0.000027s ]
INFO: [ app_begin ] --END-- [ RunTime:0.000052s ]
NOTIC: [8] Undefined index: nonce /data/wwwroot/default/wx/wx/Home/Controller/IndexController.class.php 第 7 行.
NOTIC: [8] Undefined index: timestamp /data/wwwroot/default/wx/wx/Home/Controller/IndexController.class.php 第 8 行.
NOTIC: [8] Undefined index: signature /data/wwwroot/default/wx/wx/Home/Controller/IndexController.class.php 第 10 行.
NOTIC: [8] Undefined index: echostr /data/wwwroot/default/wx/wx/Home/Controller/IndexController.class.php 第 11 行.
NOTIC: [8] Undefined index: HTTP_RAW_POST_DATA /data/wwwroot/default/wx/wx/Home/Controller/IndexController.class.php 第 43 行.
NOTIC: [8] Trying to get property of non-object /data/wwwroot/default/wx/wx/Home/Controller/IndexController.class.php 第 52 行.
INFO: [ app_end ] --START--
INFO: Run Behavior\ShowPageTraceBehavior [ RunTime:0.000021s ]
INFO: [ app_end ] --END-- [ RunTime:0.000040s ]

[ 2017-09-06T23:32:31+08:00 ] 103.95.95.45 /wx/Index/index
INFO: [ app_init ] --START--
INFO: Run Behavior\BuildLiteBehavior [ RunTime:0.000011s ]
INFO: [ app_init ] --END-- [ RunTime:0.000079s ]
INFO: [ app_begin ] --START--
INFO: Run Behavior\ReadHtmlCacheBehavior [ RunTime:0.000030s ]
INFO: [ app_begin ] --END-- [ RunTime:0.000056s ]
NOTIC: [8] Undefined index: nonce /data/wwwroot/default/wx/wx/Home/Controller/IndexController.class.php 第 7 行.
NOTIC: [8] Undefined index: timestamp /data/wwwroot/default/wx/wx/Home/Controller/IndexController.class.php 第 8 行.
NOTIC: [8] Undefined index: signature /data/wwwroot/default/wx/wx/Home/Controller/IndexController.class.php 第 10 行.
NOTIC: [8] Undefined index: echostr /data/wwwroot/default/wx/wx/Home/Controller/IndexController.class.php 第 11 行.
NOTIC: [8] Undefined index: HTTP_RAW_POST_DATA /data/wwwroot/default/wx/wx/Home/Controller/IndexController.class.php 第 43 行.
NOTIC: [8] Trying to get property of non-object /data/wwwroot/default/wx/wx/Home/Controller/IndexController.class.php 第 52 行.
INFO: [ app_end ] --START--
INFO: Run Behavior\ShowPageTraceBehavior [ RunTime:0.000025s ]
INFO: [ app_end ] --END-- [ RunTime:0.000047s ]

[ 2017-09-06T23:32:31+08:00 ] 103.95.95.45 /wx/Index/index
INFO: [ app_init ] --START--
INFO: Run Behavior\BuildLiteBehavior [ RunTime:0.000011s ]
INFO: [ app_init ] --END-- [ RunTime:0.000069s ]
INFO: [ app_begin ] --START--
INFO: Run Behavior\ReadHtmlCacheBehavior [ RunTime:0.000036s ]
INFO: [ app_begin ] --END-- [ RunTime:0.000062s ]
NOTIC: [8] Undefined index: nonce /data/wwwroot/default/wx/wx/Home/Controller/IndexController.class.php 第 7 行.
NOTIC: [8] Undefined index: timestamp /data/wwwroot/default/wx/wx/Home/Controller/IndexController.class.php 第 8 行.
NOTIC: [8] Undefined index: signature /data/wwwroot/default/wx/wx/Home/Controller/IndexController.class.php 第 10 行.
NOTIC: [8] Undefined index: echostr /data/wwwroot/default/wx/wx/Home/Controller/IndexController.class.php 第 11 行.
NOTIC: [8] Undefined index: HTTP_RAW_POST_DATA /data/wwwroot/default/wx/wx/Home/Controller/IndexController.class.php 第 43 行.
NOTIC: [8] Trying to get property of non-object /data/wwwroot/default/wx/wx/Home/Controller/IndexController.class.php 第 52 行.
INFO: [ app_end ] --START--
INFO: Run Behavior\ShowPageTraceBehavior [ RunTime:0.000027s ]
INFO: [ app_end ] --END-- [ RunTime:0.000048s ]

[ 2017-09-06T23:34:58+08:00 ] 140.207.54.76 /wx/Index/index?signature=d845cf392248df462cd15065f2ac2d85a3dd0048&timestamp=1504712098&nonce=546310914&openid=o3QdLwsN5TQb6afbhkKY1tNhnnWI&encrypt_type=aes&msg_signature=ac3ce33846440cf075a66c8e8ba9e03e5b168923
INFO: [ app_init ] --START--
INFO: Run Behavior\BuildLiteBehavior [ RunTime:0.000011s ]
INFO: [ app_init ] --END-- [ RunTime:0.000070s ]
INFO: [ app_begin ] --START--
INFO: Run Behavior\ReadHtmlCacheBehavior [ RunTime:0.000029s ]
INFO: [ app_begin ] --END-- [ RunTime:0.000053s ]
NOTIC: [8] Undefined index: echostr /data/wwwroot/default/wx/wx/Home/Controller/IndexController.class.php 第 11 行.
INFO: [ app_end ] --START--
INFO: Run Behavior\ShowPageTraceBehavior [ RunTime:0.000029s ]
INFO: [ app_end ] --END-- [ RunTime:0.000053s ]

[ 2017-09-06T23:35:23+08:00 ] 140.207.54.76 /wx/Index/index?signature=cfccd5a59cad7b6f57eef08897302baa599df7ad&timestamp=1504712123&nonce=632652978&openid=o3QdLwsN5TQb6afbhkKY1tNhnnWI&encrypt_type=aes&msg_signature=22cfc850c6f960bcd3abf527e2dd6647bee8a967
INFO: [ app_init ] --START--
INFO: Run Behavior\BuildLiteBehavior [ RunTime:0.000010s ]
INFO: [ app_init ] --END-- [ RunTime:0.000063s ]
INFO: [ app_begin ] --START--
INFO: Run Behavior\ReadHtmlCacheBehavior [ RunTime:0.000025s ]
INFO: [ app_begin ] --END-- [ RunTime:0.000049s ]
NOTIC: [8] Undefined index: echostr /data/wwwroot/default/wx/wx/Home/Controller/IndexController.class.php 第 11 行.
INFO: [ app_end ] --START--
INFO: Run Behavior\ShowPageTraceBehavior [ RunTime:0.000026s ]
INFO: [ app_end ] --END-- [ RunTime:0.000051s ]

[ 2017-09-06T23:35:51+08:00 ] 140.207.54.75 /wx/Index/index?signature=a402bc75e84ce19f5d9522ddcd7a2929615e7a5b&timestamp=1504712151&nonce=1963302772&openid=o3QdLwsN5TQb6afbhkKY1tNhnnWI&encrypt_type=aes&msg_signature=f446275fa6bcf4434a48caedbfcdaf6fb7c2340d
INFO: [ app_init ] --START--
INFO: Run Behavior\BuildLiteBehavior [ RunTime:0.000010s ]
INFO: [ app_init ] --END-- [ RunTime:0.000062s ]
INFO: [ app_begin ] --START--
INFO: Run Behavior\ReadHtmlCacheBehavior [ RunTime:0.000023s ]
INFO: [ app_begin ] --END-- [ RunTime:0.000046s ]
NOTIC: [8] Undefined index: echostr /data/wwwroot/default/wx/wx/Home/Controller/IndexController.class.php 第 11 行.
INFO: [ app_end ] --START--
INFO: Run Behavior\ShowPageTraceBehavior [ RunTime:0.000023s ]
INFO: [ app_end ] --END-- [ RunTime:0.000045s ]

[ 2017-09-06T23:35:56+08:00 ] 140.207.54.75 /wx/Index/index?signature=0e7d5fb867e40e579495bb1a2996163a29e609b4&timestamp=1504712156&nonce=538060615&openid=o3QdLwsN5TQb6afbhkKY1tNhnnWI&encrypt_type=aes&msg_signature=bb40f0888a799c18c8e079d086b9498cee24bc76
INFO: [ app_init ] --START--
INFO: Run Behavior\BuildLiteBehavior [ RunTime:0.000009s ]
INFO: [ app_init ] --END-- [ RunTime:0.000061s ]
INFO: [ app_begin ] --START--
INFO: Run Behavior\ReadHtmlCacheBehavior [ RunTime:0.000025s ]
INFO: [ app_begin ] --END-- [ RunTime:0.000048s ]
NOTIC: [8] Undefined index: echostr /data/wwwroot/default/wx/wx/Home/Controller/IndexController.class.php 第 11 行.
INFO: [ app_end ] --START--
INFO: Run Behavior\ShowPageTraceBehavior [ RunTime:0.000024s ]
INFO: [ app_end ] --END-- [ RunTime:0.000047s ]

[ 2017-09-06T23:36:04+08:00 ] 140.207.54.76 /wx/Index/index?signature=1909eec2b93afac286447daa8f508696263a4872&timestamp=1504712165&nonce=1018961248&openid=o3QdLwsN5TQb6afbhkKY1tNhnnWI&encrypt_type=aes&msg_signature=e04b0f136d6626eaa241d4b9406a954bacfb2640
INFO: [ app_init ] --START--
INFO: Run Behavior\BuildLiteBehavior [ RunTime:0.000010s ]
INFO: [ app_init ] --END-- [ RunTime:0.000073s ]
INFO: [ app_begin ] --START--
INFO: Run Behavior\ReadHtmlCacheBehavior [ RunTime:0.000030s ]
INFO: [ app_begin ] --END-- [ RunTime:0.000057s ]
NOTIC: [8] Undefined index: echostr /data/wwwroot/default/wx/wx/Home/Controller/IndexController.class.php 第 11 行.
INFO: [ app_end ] --START--
INFO: Run Behavior\ShowPageTraceBehavior [ RunTime:0.000032s ]
INFO: [ app_end ] --END-- [ RunTime:0.000058s ]

[ 2017-09-06T23:36:15+08:00 ] 140.207.54.76 /wx/Index/index?signature=3b3f5753016ccab0aec2553f5e017be3c6b6fee8&timestamp=1504712175&nonce=1018821965&openid=o3QdLwsN5TQb6afbhkKY1tNhnnWI&encrypt_type=aes&msg_signature=88c1c991593ac046d074e1f2e867052c11febe3d
INFO: [ app_init ] --START--
INFO: Run Behavior\BuildLiteBehavior [ RunTime:0.000009s ]
INFO: [ app_init ] --END-- [ RunTime:0.000063s ]
INFO: [ app_begin ] --START--
INFO: Run Behavior\ReadHtmlCacheBehavior [ RunTime:0.000023s ]
INFO: [ app_begin ] --END-- [ RunTime:0.000046s ]
NOTIC: [8] Undefined index: echostr /data/wwwroot/default/wx/wx/Home/Controller/IndexController.class.php 第 11 行.
INFO: [ app_end ] --START--
INFO: Run Behavior\ShowPageTraceBehavior [ RunTime:0.000023s ]
INFO: [ app_end ] --END-- [ RunTime:0.000046s ]

[ 2017-09-06T23:36:20+08:00 ] 140.207.54.75 /wx/Index/index?signature=1e48d779a792e93c000766348c6d5ac280084581&timestamp=1504712180&nonce=50918557&openid=o3QdLwsN5TQb6afbhkKY1tNhnnWI&encrypt_type=aes&msg_signature=c07f1800a98c59bd2d62e1ba1df5c634e3edcc53
INFO: [ app_init ] --START--
INFO: Run Behavior\BuildLiteBehavior [ RunTime:0.000011s ]
INFO: [ app_init ] --END-- [ RunTime:0.000070s ]
INFO: [ app_begin ] --START--
INFO: Run Behavior\ReadHtmlCacheBehavior [ RunTime:0.000028s ]
INFO: [ app_begin ] --END-- [ RunTime:0.000054s ]
NOTIC: [8] Undefined index: echostr /data/wwwroot/default/wx/wx/Home/Controller/IndexController.class.php 第 11 行.
INFO: [ app_end ] --START--
INFO: Run Behavior\ShowPageTraceBehavior [ RunTime:0.000037s ]
INFO: [ app_end ] --END-- [ RunTime:0.000073s ]

[ 2017-09-06T23:36:25+08:00 ] 140.207.54.76 /wx/Index/index?signature=6e0d889a43d7870acce94bd40106bc4563be75cc&timestamp=1504712185&nonce=1028304047&openid=o3QdLwsN5TQb6afbhkKY1tNhnnWI&encrypt_type=aes&msg_signature=a62bd8c80aeb98e784a07b3db5fdf4921c3268fb
INFO: [ app_init ] --START--
INFO: Run Behavior\BuildLiteBehavior [ RunTime:0.000010s ]
INFO: [ app_init ] --END-- [ RunTime:0.000060s ]
INFO: [ app_begin ] --START--
INFO: Run Behavior\ReadHtmlCacheBehavior [ RunTime:0.000025s ]
INFO: [ app_begin ] --END-- [ RunTime:0.000049s ]
NOTIC: [8] Undefined index: echostr /data/wwwroot/default/wx/wx/Home/Controller/IndexController.class.php 第 11 行.
INFO: [ app_end ] --START--
INFO: Run Behavior\ShowPageTraceBehavior [ RunTime:0.000025s ]
INFO: [ app_end ] --END-- [ RunTime:0.000058s ]

[ 2017-09-06T23:36:32+08:00 ] 103.95.95.45 /wx/Index/index
INFO: [ app_init ] --START--
INFO: Run Behavior\BuildLiteBehavior [ RunTime:0.000010s ]
INFO: [ app_init ] --END-- [ RunTime:0.000064s ]
INFO: [ app_begin ] --START--
INFO: Run Behavior\ReadHtmlCacheBehavior [ RunTime:0.000026s ]
INFO: [ app_begin ] --END-- [ RunTime:0.000050s ]
NOTIC: [8] Undefined index: nonce /data/wwwroot/default/wx/wx/Home/Controller/IndexController.class.php 第 7 行.
NOTIC: [8] Undefined index: timestamp /data/wwwroot/default/wx/wx/Home/Controller/IndexController.class.php 第 8 行.
NOTIC: [8] Undefined index: signature /data/wwwroot/default/wx/wx/Home/Controller/IndexController.class.php 第 10 行.
NOTIC: [8] Undefined index: echostr /data/wwwroot/default/wx/wx/Home/Controller/IndexController.class.php 第 11 行.
NOTIC: [8] Undefined index: HTTP_RAW_POST_DATA /data/wwwroot/default/wx/wx/Home/Controller/IndexController.class.php 第 43 行.
NOTIC: [8] Trying to get property of non-object /data/wwwroot/default/wx/wx/Home/Controller/IndexController.class.php 第 52 行.
INFO: [ app_end ] --START--
INFO: Run Behavior\ShowPageTraceBehavior [ RunTime:0.000022s ]
INFO: [ app_end ] --END-- [ RunTime:0.000040s ]

[ 2017-09-06T23:37:10+08:00 ] 140.207.54.75 /wx/Index/index?signature=7643320b3612ba9d512942a3044a272b3b77c8a9&timestamp=1504712230&nonce=1694055116&openid=o3QdLwsN5TQb6afbhkKY1tNhnnWI&encrypt_type=aes&msg_signature=180a6b5cbc21a99dc882b86a18cfec3225471959
INFO: [ app_init ] --START--
INFO: Run Behavior\BuildLiteBehavior [ RunTime:0.000009s ]
INFO: [ app_init ] --END-- [ RunTime:0.000067s ]
INFO: [ app_begin ] --START--
INFO: Run Behavior\ReadHtmlCacheBehavior [ RunTime:0.000027s ]
INFO: [ app_begin ] --END-- [ RunTime:0.000050s ]
NOTIC: [8] Undefined index: echostr /data/wwwroot/default/wx/wx/Home/Controller/IndexController.class.php 第 11 行.
INFO: [ app_end ] --START--
INFO: Run Behavior\ShowPageTraceBehavior [ RunTime:0.000028s ]
INFO: [ app_end ] --END-- [ RunTime:0.000052s ]

[ 2017-09-06T23:37:17+08:00 ] 140.207.54.75 /wx/Index/index?signature=5e16f0df92c6b3a7e7517ccd095bbb0d0499b71f&timestamp=1504712237&nonce=27889413&openid=o3QdLwsN5TQb6afbhkKY1tNhnnWI&encrypt_type=aes&msg_signature=64adbcc2af3909f0d12dfa18e46fb885ea3b3adf
INFO: [ app_init ] --START--
INFO: Run Behavior\BuildLiteBehavior [ RunTime:0.000009s ]
INFO: [ app_init ] --END-- [ RunTime:0.000063s ]
INFO: [ app_begin ] --START--
INFO: Run Behavior\ReadHtmlCacheBehavior [ RunTime:0.000027s ]
INFO: [ app_begin ] --END-- [ RunTime:0.000050s ]
NOTIC: [8] Undefined index: echostr /data/wwwroot/default/wx/wx/Home/Controller/IndexController.class.php 第 11 行.
INFO: [ app_end ] --START--
INFO: Run Behavior\ShowPageTraceBehavior [ RunTime:0.000022s ]
INFO: [ app_end ] --END-- [ RunTime:0.000045s ]

[ 2017-09-06T23:37:21+08:00 ] 140.207.54.76 /wx/Index/index?signature=80aef2c11120f37dee01f2db7398bae0e9265e55&timestamp=1504712241&nonce=116749221&openid=o3QdLwsN5TQb6afbhkKY1tNhnnWI&encrypt_type=aes&msg_signature=578873ad20847494a004c64f96fe10c50e25e842
INFO: [ app_init ] --START--
INFO: Run Behavior\BuildLiteBehavior [ RunTime:0.000011s ]
INFO: [ app_init ] --END-- [ RunTime:0.000067s ]
INFO: [ app_begin ] --START--
INFO: Run Behavior\ReadHtmlCacheBehavior [ RunTime:0.000034s ]
INFO: [ app_begin ] --END-- [ RunTime:0.000061s ]
NOTIC: [8] Undefined index: echostr /data/wwwroot/default/wx/wx/Home/Controller/IndexController.class.php 第 11 行.
INFO: [ app_end ] --START--
INFO: Run Behavior\ShowPageTraceBehavior [ RunTime:0.000027s ]
INFO: [ app_end ] --END-- [ RunTime:0.000054s ]

[ 2017-09-06T23:38:54+08:00 ] 140.207.54.75 /wx/Index/index?signature=5d16f38fc58dd614d8cec19191e5568078aeb5b1&timestamp=1504712334&nonce=681319538&openid=o3QdLwsN5TQb6afbhkKY1tNhnnWI&encrypt_type=aes&msg_signature=3f47445b6834d0fbaa58c28f75c9d26655ad5e7e
INFO: [ app_init ] --START--
INFO: Run Behavior\BuildLiteBehavior [ RunTime:0.000010s ]
INFO: [ app_init ] --END-- [ RunTime:0.000068s ]
INFO: [ app_begin ] --START--
INFO: Run Behavior\ReadHtmlCacheBehavior [ RunTime:0.000029s ]
INFO: [ app_begin ] --END-- [ RunTime:0.000053s ]
NOTIC: [8] Undefined index: echostr /data/wwwroot/default/wx/wx/Home/Controller/IndexController.class.php 第 11 行.
INFO: [ app_end ] --START--
INFO: Run Behavior\ShowPageTraceBehavior [ RunTime:0.000034s ]
INFO: [ app_end ] --END-- [ RunTime:0.000060s ]

[ 2017-09-06T23:41:42+08:00 ] 140.207.54.76 /wx/Index/index?signature=abcd6aadfe01b5d910c37d6e864c90e0f50399cc&timestamp=1504712502&nonce=1529329947&openid=o3QdLwsN5TQb6afbhkKY1tNhnnWI&encrypt_type=aes&msg_signature=32613c2a7d19025c3778abab3a9990526d1a9a69
INFO: [ app_init ] --START--
INFO: Run Behavior\BuildLiteBehavior [ RunTime:0.000011s ]
INFO: [ app_init ] --END-- [ RunTime:0.000070s ]
INFO: [ app_begin ] --START--
INFO: Run Behavior\ReadHtmlCacheBehavior [ RunTime:0.000029s ]
INFO: [ app_begin ] --END-- [ RunTime:0.000052s ]
NOTIC: [8] Undefined index: echostr /data/wwwroot/default/wx/wx/Home/Controller/IndexController.class.php 第 11 行.
INFO: [ app_end ] --START--
INFO: Run Behavior\ShowPageTraceBehavior [ RunTime:0.000034s ]
INFO: [ app_end ] --END-- [ RunTime:0.000061s ]

[ 2017-09-06T23:43:29+08:00 ] 140.207.54.76 /wx/Index/index?signature=4e2ccf8b66268b2fa9000d0236b8de8af7232c35&timestamp=1504712609&nonce=309053007&openid=o3QdLwsN5TQb6afbhkKY1tNhnnWI&encrypt_type=aes&msg_signature=58d652a3380b7c490e5e806ffa9c07e541845381
INFO: [ app_init ] --START--
INFO: Run Behavior\BuildLiteBehavior [ RunTime:0.000010s ]
INFO: [ app_init ] --END-- [ RunTime:0.000073s ]
INFO: [ app_begin ] --START--
INFO: Run Behavior\ReadHtmlCacheBehavior [ RunTime:0.000034s ]
INFO: [ app_begin ] --END-- [ RunTime:0.000061s ]
NOTIC: [8] Undefined index: echostr /data/wwwroot/default/wx/wx/Home/Controller/IndexController.class.php 第 11 行.
INFO: [ app_end ] --START--
INFO: Run Behavior\ShowPageTraceBehavior [ RunTime:0.000047s ]
INFO: [ app_end ] --END-- [ RunTime:0.000078s ]

[ 2017-09-06T23:45:12+08:00 ] 140.207.54.75 /wx/Index/index?signature=1cdcf32dc255ffcdd1ba5eb83c9c39622aad89c2&timestamp=1504712712&nonce=267718849&openid=o3QdLwsN5TQb6afbhkKY1tNhnnWI&encrypt_type=aes&msg_signature=7c41010dc1c860a9cac90d7b1ffebfaf544c5385
INFO: [ app_init ] --START--
INFO: Run Behavior\BuildLiteBehavior [ RunTime:0.000010s ]
INFO: [ app_init ] --END-- [ RunTime:0.000072s ]
INFO: [ app_begin ] --START--
INFO: Run Behavior\ReadHtmlCacheBehavior [ RunTime:0.000031s ]
INFO: [ app_begin ] --END-- [ RunTime:0.000058s ]

[ 2017-09-06T23:45:23+08:00 ] 140.207.54.76 /wx/Index/index?signature=bc0c524d8b4fac6bbadbff87dbffd05a28fde479&timestamp=1504712723&nonce=1354468335&openid=o3QdLwsN5TQb6afbhkKY1tNhnnWI&encrypt_type=aes&msg_signature=e9f6d29c14b7063b8aa760bde73ba5832ba16ac0
INFO: [ app_init ] --START--
INFO: Run Behavior\BuildLiteBehavior [ RunTime:0.000010s ]
INFO: [ app_init ] --END-- [ RunTime:0.000068s ]
INFO: [ app_begin ] --START--
INFO: Run Behavior\ReadHtmlCacheBehavior [ RunTime:0.000030s ]
INFO: [ app_begin ] --END-- [ RunTime:0.000070s ]

[ 2017-09-06T23:45:37+08:00 ] 140.207.54.76 /wx/Index/index?signature=8f4651079c2660cc096e341f02aebe2af759d34b&timestamp=1504712737&nonce=2023912875&openid=o3QdLwsN5TQb6afbhkKY1tNhnnWI&encrypt_type=aes&msg_signature=ecf06c78e96399fcf9d195e4b025d082d09e2382
INFO: [ app_init ] --START--
INFO: Run Behavior\BuildLiteBehavior [ RunTime:0.000009s ]
INFO: [ app_init ] --END-- [ RunTime:0.000062s ]
INFO: [ app_begin ] --START--
INFO: Run Behavior\ReadHtmlCacheBehavior [ RunTime:0.000024s ]
INFO: [ app_begin ] --END-- [ RunTime:0.000048s ]

[ 2017-09-06T23:45:43+08:00 ] 140.207.54.75 /wx/Index/index?signature=8fe477b79d1ebc9072bc6e1f6074453201520f13&timestamp=1504712743&nonce=1635471492&openid=o3QdLwsN5TQb6afbhkKY1tNhnnWI&encrypt_type=aes&msg_signature=383dd99386cd638b7e4416968dd6968043970b7e
INFO: [ app_init ] --START--
INFO: Run Behavior\BuildLiteBehavior [ RunTime:0.000009s ]
INFO: [ app_init ] --END-- [ RunTime:0.000062s ]
INFO: [ app_begin ] --START--
INFO: Run Behavior\ReadHtmlCacheBehavior [ RunTime:0.000025s ]
INFO: [ app_begin ] --END-- [ RunTime:0.000049s ]

[ 2017-09-06T23:45:56+08:00 ] 140.207.54.76 /wx/Index/index?signature=bc60d99e8418401cbb8970971535b69427c951c3&timestamp=1504712756&nonce=2041611244&openid=o3QdLwsN5TQb6afbhkKY1tNhnnWI&encrypt_type=aes&msg_signature=047c022b80e93743d8462ba2283de8ded8700f94
INFO: [ app_init ] --START--
INFO: Run Behavior\BuildLiteBehavior [ RunTime:0.000009s ]
INFO: [ app_init ] --END-- [ RunTime:0.000064s ]
INFO: [ app_begin ] --START--
INFO: Run Behavior\ReadHtmlCacheBehavior [ RunTime:0.000026s ]
INFO: [ app_begin ] --END-- [ RunTime:0.000050s ]

[ 2017-09-06T23:46:41+08:00 ] 140.207.54.76 /wx/Index/index?signature=fd9fd43b5165151d7acbbdf7363eae68a087f901&timestamp=1504712801&nonce=1218805361&openid=o3QdLwsN5TQb6afbhkKY1tNhnnWI&encrypt_type=aes&msg_signature=26a5775d6084667e80450ddec79670bc1f4a2620
INFO: [ app_init ] --START--
INFO: Run Behavior\BuildLiteBehavior [ RunTime:0.000010s ]
INFO: [ app_init ] --END-- [ RunTime:0.000070s ]
INFO: [ app_begin ] --START--
INFO: Run Behavior\ReadHtmlCacheBehavior [ RunTime:0.000030s ]
INFO: [ app_begin ] --END-- [ RunTime:0.000053s ]
NOTIC: [8] Undefined index: echostr /data/wwwroot/default/wx/wx/Home/Controller/IndexController.class.php 第 11 行.
INFO: [ app_end ] --START--
INFO: Run Behavior\ShowPageTraceBehavior [ RunTime:0.000035s ]
INFO: [ app_end ] --END-- [ RunTime:0.000062s ]

[ 2017-09-06T23:46:48+08:00 ] 140.207.54.75 /wx/Index/index?signature=37b6dbd15c26dc0209c86b1ef851475a18a4a326&timestamp=1504712808&nonce=1550166755&openid=o3QdLwsN5TQb6afbhkKY1tNhnnWI&encrypt_type=aes&msg_signature=34d9d4b0fb1048202615fbceb68bea1e78073fab
INFO: [ app_init ] --START--
INFO: Run Behavior\BuildLiteBehavior [ RunTime:0.000009s ]
INFO: [ app_init ] --END-- [ RunTime:0.000068s ]
INFO: [ app_begin ] --START--
INFO: Run Behavior\ReadHtmlCacheBehavior [ RunTime:0.000023s ]
INFO: [ app_begin ] --END-- [ RunTime:0.000046s ]
NOTIC: [8] Undefined index: echostr /data/wwwroot/default/wx/wx/Home/Controller/IndexController.class.php 第 11 行.
INFO: [ app_end ] --START--
INFO: Run Behavior\ShowPageTraceBehavior [ RunTime:0.000025s ]
INFO: [ app_end ] --END-- [ RunTime:0.000049s ]

