[ 2017-09-19T00:03:45+08:00 ] 103.95.95.12 /wx/Index/creatMenu
INFO: [ app_init ] --START--
INFO: Run Behavior\BuildLiteBehavior [ RunTime:0.000010s ]
INFO: [ app_init ] --END-- [ RunTime:0.000074s ]
INFO: [ app_begin ] --START--
INFO: Run Behavior\ReadHtmlCacheBehavior [ RunTime:0.000056s ]
INFO: [ app_begin ] --END-- [ RunTime:0.000081s ]
NOTIC: [8] Undefined index: access_token /data/wwwroot/default/wx/wx/Home/Controller/IndexController.class.php 第 326 行.
NOTIC: [2] urlencode() expects exactly 1 parameter, 2 given /data/wwwroot/default/wx/wx/Home/Controller/IndexController.class.php 第 381 行.
INFO: [ app_end ] --START--
INFO: Run Behavior\ShowPageTraceBehavior [ RunTime:0.000065s ]
INFO: [ app_end ] --END-- [ RunTime:0.000103s ]

[ 2017-09-19T00:21:03+08:00 ] 140.207.54.76 /wx/Index/index?signature=ed3257909ff381906017e843992498261437face&timestamp=1505751663&nonce=2136718354&openid=of6qAv9zYCCp_B8POI8LTAvvghWM
INFO: [ app_init ] --START--
INFO: Run Behavior\BuildLiteBehavior [ RunTime:0.000009s ]
INFO: [ app_init ] --END-- [ RunTime:0.000072s ]
INFO: [ app_begin ] --START--
INFO: Run Behavior\ReadHtmlCacheBehavior [ RunTime:0.000028s ]
INFO: [ app_begin ] --END-- [ RunTime:0.000051s ]
NOTIC: [8] Undefined index: echostr /data/wwwroot/default/wx/wx/Home/Controller/IndexController.class.php 第 12 行.
NOTIC: [2] curl_close() expects exactly 1 parameter, 0 given /data/wwwroot/default/wx/wx/Home/Controller/IndexController.class.php 第 89 行.
NOTIC: [8] Undefined index: results /data/wwwroot/default/wx/wx/Home/Controller/IndexController.class.php 第 93 行.
NOTIC: [8] Undefined index: results /data/wwwroot/default/wx/wx/Home/Controller/IndexController.class.php 第 93 行.
NOTIC: [8] Undefined index: results /data/wwwroot/default/wx/wx/Home/Controller/IndexController.class.php 第 93 行.
INFO: [ app_end ] --START--
INFO: Run Behavior\ShowPageTraceBehavior [ RunTime:0.000082s ]
INFO: [ app_end ] --END-- [ RunTime:0.000126s ]

[ 2017-09-19T00:21:10+08:00 ] 140.207.54.76 /wx/Index/index?signature=dc2e1ceb5b362cd9cc923fe5729e2211307e1378&timestamp=1505751670&nonce=22382520&openid=of6qAv9zYCCp_B8POI8LTAvvghWM
INFO: [ app_init ] --START--
INFO: Run Behavior\BuildLiteBehavior [ RunTime:0.000009s ]
INFO: [ app_init ] --END-- [ RunTime:0.000074s ]
INFO: [ app_begin ] --START--
INFO: Run Behavior\ReadHtmlCacheBehavior [ RunTime:0.000025s ]
INFO: [ app_begin ] --END-- [ RunTime:0.000047s ]
NOTIC: [8] Undefined index: echostr /data/wwwroot/default/wx/wx/Home/Controller/IndexController.class.php 第 12 行.
NOTIC: [2] curl_close() expects exactly 1 parameter, 0 given /data/wwwroot/default/wx/wx/Home/Controller/IndexController.class.php 第 89 行.
NOTIC: [8] Undefined index: results /data/wwwroot/default/wx/wx/Home/Controller/IndexController.class.php 第 93 行.
NOTIC: [8] Undefined index: results /data/wwwroot/default/wx/wx/Home/Controller/IndexController.class.php 第 93 行.
NOTIC: [8] Undefined index: results /data/wwwroot/default/wx/wx/Home/Controller/IndexController.class.php 第 93 行.
INFO: [ app_end ] --START--
INFO: Run Behavior\ShowPageTraceBehavior [ RunTime:0.000040s ]
INFO: [ app_end ] --END-- [ RunTime:0.000082s ]

[ 2017-09-19T00:22:11+08:00 ] 103.95.95.12 /wx/Index/creatMenu
INFO: [ app_init ] --START--
INFO: Run Behavior\BuildLiteBehavior [ RunTime:0.000010s ]
INFO: [ app_init ] --END-- [ RunTime:0.000084s ]
INFO: [ app_begin ] --START--
INFO: Run Behavior\ReadHtmlCacheBehavior [ RunTime:0.000031s ]
INFO: [ app_begin ] --END-- [ RunTime:0.000054s ]
NOTIC: [8] Undefined index: access_token /data/wwwroot/default/wx/wx/Home/Controller/IndexController.class.php 第 326 行.
NOTIC: [2] urlencode() expects exactly 1 parameter, 2 given /data/wwwroot/default/wx/wx/Home/Controller/IndexController.class.php 第 381 行.
INFO: [ app_end ] --START--
INFO: Run Behavior\ShowPageTraceBehavior [ RunTime:0.000074s ]
INFO: [ app_end ] --END-- [ RunTime:0.000115s ]

[ 2017-09-19T00:22:38+08:00 ] 140.207.54.75 /wx/Index/index?signature=cb7cafba461a2197aa01c3fa03ec075a8eef0aac&timestamp=1505751757&nonce=1278890804&openid=of6qAv9zYCCp_B8POI8LTAvvghWM
INFO: [ app_init ] --START--
INFO: Run Behavior\BuildLiteBehavior [ RunTime:0.000010s ]
INFO: [ app_init ] --END-- [ RunTime:0.000064s ]
INFO: [ app_begin ] --START--
INFO: Run Behavior\ReadHtmlCacheBehavior [ RunTime:0.000026s ]
INFO: [ app_begin ] --END-- [ RunTime:0.000050s ]
NOTIC: [8] Undefined index: echostr /data/wwwroot/default/wx/wx/Home/Controller/IndexController.class.php 第 12 行.
NOTIC: [2] curl_close() expects exactly 1 parameter, 0 given /data/wwwroot/default/wx/wx/Home/Controller/IndexController.class.php 第 89 行.
NOTIC: [8] Undefined index: results /data/wwwroot/default/wx/wx/Home/Controller/IndexController.class.php 第 93 行.
NOTIC: [8] Undefined index: results /data/wwwroot/default/wx/wx/Home/Controller/IndexController.class.php 第 93 行.
NOTIC: [8] Undefined index: results /data/wwwroot/default/wx/wx/Home/Controller/IndexController.class.php 第 93 行.
INFO: [ app_end ] --START--
INFO: Run Behavior\ShowPageTraceBehavior [ RunTime:0.000068s ]
INFO: [ app_end ] --END-- [ RunTime:0.000114s ]

[ 2017-09-19T09:15:51+08:00 ] 140.207.54.75 /wx/Index/index?signature=e9e15feb22a49a65cdd27d1a851ade6709d41df8&timestamp=1505783750&nonce=988511112&openid=of6qAv9zYCCp_B8POI8LTAvvghWM
INFO: [ app_init ] --START--
INFO: Run Behavior\BuildLiteBehavior [ RunTime:0.000010s ]
INFO: [ app_init ] --END-- [ RunTime:0.000375s ]
INFO: [ app_begin ] --START--
INFO: Run Behavior\ReadHtmlCacheBehavior [ RunTime:0.000534s ]
INFO: [ app_begin ] --END-- [ RunTime:0.000570s ]
NOTIC: [8] Undefined index: echostr /data/wwwroot/default/wx/wx/Home/Controller/IndexController.class.php 第 12 行.
NOTIC: [2] curl_close() expects exactly 1 parameter, 0 given /data/wwwroot/default/wx/wx/Home/Controller/IndexController.class.php 第 89 行.
NOTIC: [8] Undefined index: results /data/wwwroot/default/wx/wx/Home/Controller/IndexController.class.php 第 93 行.
NOTIC: [8] Undefined index: results /data/wwwroot/default/wx/wx/Home/Controller/IndexController.class.php 第 93 行.
NOTIC: [8] Undefined index: results /data/wwwroot/default/wx/wx/Home/Controller/IndexController.class.php 第 93 行.
INFO: [ app_end ] --START--
INFO: Run Behavior\ShowPageTraceBehavior [ RunTime:0.000675s ]
INFO: [ app_end ] --END-- [ RunTime:0.000722s ]

[ 2017-09-19T09:16:09+08:00 ] 140.207.54.76 /wx/Index/index?signature=769427acb88b86d495e11444fb7d607d4a09f247&timestamp=1505783768&nonce=206309762&openid=of6qAv9zYCCp_B8POI8LTAvvghWM
INFO: [ app_init ] --START--
INFO: Run Behavior\BuildLiteBehavior [ RunTime:0.000011s ]
INFO: [ app_init ] --END-- [ RunTime:0.000073s ]
INFO: [ app_begin ] --START--
INFO: Run Behavior\ReadHtmlCacheBehavior [ RunTime:0.000031s ]
INFO: [ app_begin ] --END-- [ RunTime:0.000055s ]
NOTIC: [8] Undefined index: echostr /data/wwwroot/default/wx/wx/Home/Controller/IndexController.class.php 第 12 行.
NOTIC: [2] curl_close() expects exactly 1 parameter, 0 given /data/wwwroot/default/wx/wx/Home/Controller/IndexController.class.php 第 89 行.
NOTIC: [8] Undefined index: results /data/wwwroot/default/wx/wx/Home/Controller/IndexController.class.php 第 93 行.
NOTIC: [8] Undefined index: results /data/wwwroot/default/wx/wx/Home/Controller/IndexController.class.php 第 93 行.
NOTIC: [8] Undefined index: results /data/wwwroot/default/wx/wx/Home/Controller/IndexController.class.php 第 93 行.
INFO: [ app_end ] --START--
INFO: Run Behavior\ShowPageTraceBehavior [ RunTime:0.000062s ]
INFO: [ app_end ] --END-- [ RunTime:0.000102s ]

[ 2017-09-19T09:16:36+08:00 ] 222.131.232.240 /wx/Index/creatMenu
INFO: [ app_init ] --START--
INFO: Run Behavior\BuildLiteBehavior [ RunTime:0.000010s ]
INFO: [ app_init ] --END-- [ RunTime:0.000073s ]
INFO: [ app_begin ] --START--
INFO: Run Behavior\ReadHtmlCacheBehavior [ RunTime:0.000032s ]
INFO: [ app_begin ] --END-- [ RunTime:0.000063s ]
NOTIC: [8] Undefined index: access_token /data/wwwroot/default/wx/wx/Home/Controller/IndexController.class.php 第 326 行.
NOTIC: [2] urlencode() expects exactly 1 parameter, 2 given /data/wwwroot/default/wx/wx/Home/Controller/IndexController.class.php 第 381 行.
INFO: [ app_end ] --START--
INFO: Run Behavior\ShowPageTraceBehavior [ RunTime:0.000064s ]
INFO: [ app_end ] --END-- [ RunTime:0.000102s ]

[ 2017-09-19T09:16:41+08:00 ] 222.131.232.240 /wx/Index/creatMenu
INFO: [ app_init ] --START--
INFO: Run Behavior\BuildLiteBehavior [ RunTime:0.000009s ]
INFO: [ app_init ] --END-- [ RunTime:0.000061s ]
INFO: [ app_begin ] --START--
INFO: Run Behavior\ReadHtmlCacheBehavior [ RunTime:0.000025s ]
INFO: [ app_begin ] --END-- [ RunTime:0.000047s ]
NOTIC: [2] urlencode() expects exactly 1 parameter, 2 given /data/wwwroot/default/wx/wx/Home/Controller/IndexController.class.php 第 381 行.
INFO: [ app_end ] --START--
INFO: Run Behavior\ShowPageTraceBehavior [ RunTime:0.000039s ]
INFO: [ app_end ] --END-- [ RunTime:0.000063s ]

[ 2017-09-19T09:16:43+08:00 ] 222.131.232.240 /wx/Index/creatMenu
INFO: [ app_init ] --START--
INFO: Run Behavior\BuildLiteBehavior [ RunTime:0.000010s ]
INFO: [ app_init ] --END-- [ RunTime:0.000069s ]
INFO: [ app_begin ] --START--
INFO: Run Behavior\ReadHtmlCacheBehavior [ RunTime:0.000025s ]
INFO: [ app_begin ] --END-- [ RunTime:0.000048s ]
NOTIC: [2] urlencode() expects exactly 1 parameter, 2 given /data/wwwroot/default/wx/wx/Home/Controller/IndexController.class.php 第 381 行.
INFO: [ app_end ] --START--
INFO: Run Behavior\ShowPageTraceBehavior [ RunTime:0.000025s ]
INFO: [ app_end ] --END-- [ RunTime:0.000049s ]

[ 2017-09-19T09:47:39+08:00 ] 222.131.232.240 /wx/Index/getToken
INFO: [ app_init ] --START--
INFO: Run Behavior\BuildLiteBehavior [ RunTime:0.000012s ]
INFO: [ app_init ] --END-- [ RunTime:0.000088s ]
INFO: [ app_begin ] --START--
INFO: Run Behavior\ReadHtmlCacheBehavior [ RunTime:0.000036s ]
INFO: [ app_begin ] --END-- [ RunTime:0.000059s ]
INFO: [ app_end ] --START--
INFO: Run Behavior\ShowPageTraceBehavior [ RunTime:0.000086s ]
INFO: [ app_end ] --END-- [ RunTime:0.000146s ]

[ 2017-09-19T09:48:51+08:00 ] 222.131.232.240 /wx/Index/creataMenu
INFO: [ app_init ] --START--
INFO: Run Behavior\BuildLiteBehavior [ RunTime:0.000012s ]
INFO: [ app_init ] --END-- [ RunTime:0.000081s ]
INFO: [ app_begin ] --START--
INFO: Run Behavior\ReadHtmlCacheBehavior [ RunTime:0.000038s ]
INFO: [ app_begin ] --END-- [ RunTime:0.000063s ]
ERR: 非法操作:creataMenu

[ 2017-09-19T09:48:56+08:00 ] 222.131.232.240 /wx/Index/creataMenu
INFO: [ app_init ] --START--
INFO: Run Behavior\BuildLiteBehavior [ RunTime:0.000011s ]
INFO: [ app_init ] --END-- [ RunTime:0.000070s ]
INFO: [ app_begin ] --START--
INFO: Run Behavior\ReadHtmlCacheBehavior [ RunTime:0.000030s ]
INFO: [ app_begin ] --END-- [ RunTime:0.000057s ]
ERR: 非法操作:creataMenu

[ 2017-09-19T09:49:22+08:00 ] 222.131.232.240 /wx/Index/creatMenu
INFO: [ app_init ] --START--
INFO: Run Behavior\BuildLiteBehavior [ RunTime:0.000010s ]
INFO: [ app_init ] --END-- [ RunTime:0.000064s ]
INFO: [ app_begin ] --START--
INFO: Run Behavior\ReadHtmlCacheBehavior [ RunTime:0.000027s ]
INFO: [ app_begin ] --END-- [ RunTime:0.000049s ]
NOTIC: [8] Undefined index: access_token /data/wwwroot/default/wx/wx/Home/Controller/IndexController.class.php 第 326 行.
NOTIC: [2] urlencode() expects exactly 1 parameter, 2 given /data/wwwroot/default/wx/wx/Home/Controller/IndexController.class.php 第 381 行.
INFO: [ app_end ] --START--
INFO: Run Behavior\ShowPageTraceBehavior [ RunTime:0.000078s ]
INFO: [ app_end ] --END-- [ RunTime:0.000116s ]

[ 2017-09-19T09:49:27+08:00 ] 222.131.232.240 /wx/Index/creatMenu
INFO: [ app_init ] --START--
INFO: Run Behavior\BuildLiteBehavior [ RunTime:0.000011s ]
INFO: [ app_init ] --END-- [ RunTime:0.000069s ]
INFO: [ app_begin ] --START--
INFO: Run Behavior\ReadHtmlCacheBehavior [ RunTime:0.000028s ]
INFO: [ app_begin ] --END-- [ RunTime:0.000054s ]
NOTIC: [2] urlencode() expects exactly 1 parameter, 2 given /data/wwwroot/default/wx/wx/Home/Controller/IndexController.class.php 第 381 行.
INFO: [ app_end ] --START--
INFO: Run Behavior\ShowPageTraceBehavior [ RunTime:0.000026s ]
INFO: [ app_end ] --END-- [ RunTime:0.000049s ]

[ 2017-09-19T09:49:28+08:00 ] 222.131.232.240 /wx/Index/creatMenu
INFO: [ app_init ] --START--
INFO: Run Behavior\BuildLiteBehavior [ RunTime:0.000009s ]
INFO: [ app_init ] --END-- [ RunTime:0.000077s ]
INFO: [ app_begin ] --START--
INFO: Run Behavior\ReadHtmlCacheBehavior [ RunTime:0.000024s ]
INFO: [ app_begin ] --END-- [ RunTime:0.000046s ]
NOTIC: [2] urlencode() expects exactly 1 parameter, 2 given /data/wwwroot/default/wx/wx/Home/Controller/IndexController.class.php 第 381 行.
INFO: [ app_end ] --START--
INFO: Run Behavior\ShowPageTraceBehavior [ RunTime:0.000022s ]
INFO: [ app_end ] --END-- [ RunTime:0.000042s ]

[ 2017-09-19T09:49:28+08:00 ] 222.131.232.240 /wx/Index/creatMenu
INFO: [ app_init ] --START--
INFO: Run Behavior\BuildLiteBehavior [ RunTime:0.000010s ]
INFO: [ app_init ] --END-- [ RunTime:0.000062s ]
INFO: [ app_begin ] --START--
INFO: Run Behavior\ReadHtmlCacheBehavior [ RunTime:0.000025s ]
INFO: [ app_begin ] --END-- [ RunTime:0.000046s ]
NOTIC: [2] urlencode() expects exactly 1 parameter, 2 given /data/wwwroot/default/wx/wx/Home/Controller/IndexController.class.php 第 381 行.
INFO: [ app_end ] --START--
INFO: Run Behavior\ShowPageTraceBehavior [ RunTime:0.000024s ]
INFO: [ app_end ] --END-- [ RunTime:0.000043s ]

[ 2017-09-19T09:49:29+08:00 ] 222.131.232.240 /wx/Index/creatMenu
INFO: [ app_init ] --START--
INFO: Run Behavior\BuildLiteBehavior [ RunTime:0.000011s ]
INFO: [ app_init ] --END-- [ RunTime:0.000063s ]
INFO: [ app_begin ] --START--
INFO: Run Behavior\ReadHtmlCacheBehavior [ RunTime:0.000025s ]
INFO: [ app_begin ] --END-- [ RunTime:0.000047s ]
NOTIC: [2] urlencode() expects exactly 1 parameter, 2 given /data/wwwroot/default/wx/wx/Home/Controller/IndexController.class.php 第 381 行.
INFO: [ app_end ] --START--
INFO: Run Behavior\ShowPageTraceBehavior [ RunTime:0.000023s ]
INFO: [ app_end ] --END-- [ RunTime:0.000044s ]

[ 2017-09-19T09:49:29+08:00 ] 222.131.232.240 /wx/Index/creatMenu
INFO: [ app_init ] --START--
INFO: Run Behavior\BuildLiteBehavior [ RunTime:0.000009s ]
INFO: [ app_init ] --END-- [ RunTime:0.000060s ]
INFO: [ app_begin ] --START--
INFO: Run Behavior\ReadHtmlCacheBehavior [ RunTime:0.000024s ]
INFO: [ app_begin ] --END-- [ RunTime:0.000047s ]
NOTIC: [2] urlencode() expects exactly 1 parameter, 2 given /data/wwwroot/default/wx/wx/Home/Controller/IndexController.class.php 第 381 行.
INFO: [ app_end ] --START--
INFO: Run Behavior\ShowPageTraceBehavior [ RunTime:0.000024s ]
INFO: [ app_end ] --END-- [ RunTime:0.000045s ]

[ 2017-09-19T09:49:29+08:00 ] 222.131.232.240 /wx/Index/creatMenu
INFO: [ app_init ] --START--
INFO: Run Behavior\BuildLiteBehavior [ RunTime:0.000009s ]
INFO: [ app_init ] --END-- [ RunTime:0.000063s ]
INFO: [ app_begin ] --START--
INFO: Run Behavior\ReadHtmlCacheBehavior [ RunTime:0.000025s ]
INFO: [ app_begin ] --END-- [ RunTime:0.000048s ]
NOTIC: [2] urlencode() expects exactly 1 parameter, 2 given /data/wwwroot/default/wx/wx/Home/Controller/IndexController.class.php 第 381 行.
INFO: [ app_end ] --START--
INFO: Run Behavior\ShowPageTraceBehavior [ RunTime:0.000032s ]
INFO: [ app_end ] --END-- [ RunTime:0.000053s ]

[ 2017-09-19T09:49:50+08:00 ] 222.131.232.240 /wx/Index/creataMenu
INFO: [ app_init ] --START--
INFO: Run Behavior\BuildLiteBehavior [ RunTime:0.000011s ]
INFO: [ app_init ] --END-- [ RunTime:0.000069s ]
INFO: [ app_begin ] --START--
INFO: Run Behavior\ReadHtmlCacheBehavior [ RunTime:0.000030s ]
INFO: [ app_begin ] --END-- [ RunTime:0.000059s ]
ERR: 非法操作:creataMenu

[ 2017-09-19T09:50:01+08:00 ] 222.131.232.240 /wx/Index/creatMenu
INFO: [ app_init ] --START--
INFO: Run Behavior\BuildLiteBehavior [ RunTime:0.000012s ]
INFO: [ app_init ] --END-- [ RunTime:0.000082s ]
INFO: [ app_begin ] --START--
INFO: Run Behavior\ReadHtmlCacheBehavior [ RunTime:0.000040s ]
INFO: [ app_begin ] --END-- [ RunTime:0.000068s ]
NOTIC: [2] urlencode() expects exactly 1 parameter, 2 given /data/wwwroot/default/wx/wx/Home/Controller/IndexController.class.php 第 381 行.
INFO: [ app_end ] --START--
INFO: Run Behavior\ShowPageTraceBehavior [ RunTime:0.000032s ]
INFO: [ app_end ] --END-- [ RunTime:0.000057s ]

[ 2017-09-19T09:50:05+08:00 ] 222.131.232.240 /wx/Index/creatMenu
INFO: [ app_init ] --START--
INFO: Run Behavior\BuildLiteBehavior [ RunTime:0.000009s ]
INFO: [ app_init ] --END-- [ RunTime:0.000062s ]
INFO: [ app_begin ] --START--
INFO: Run Behavior\ReadHtmlCacheBehavior [ RunTime:0.000025s ]
INFO: [ app_begin ] --END-- [ RunTime:0.000047s ]
NOTIC: [2] urlencode() expects exactly 1 parameter, 2 given /data/wwwroot/default/wx/wx/Home/Controller/IndexController.class.php 第 381 行.
INFO: [ app_end ] --START--
INFO: Run Behavior\ShowPageTraceBehavior [ RunTime:0.000022s ]
INFO: [ app_end ] --END-- [ RunTime:0.000042s ]

[ 2017-09-19T09:50:07+08:00 ] 222.131.232.240 /wx/Index/creatMenu
INFO: [ app_init ] --START--
INFO: Run Behavior\BuildLiteBehavior [ RunTime:0.000010s ]
INFO: [ app_init ] --END-- [ RunTime:0.000067s ]
INFO: [ app_begin ] --START--
INFO: Run Behavior\ReadHtmlCacheBehavior [ RunTime:0.000028s ]
INFO: [ app_begin ] --END-- [ RunTime:0.000054s ]
NOTIC: [2] urlencode() expects exactly 1 parameter, 2 given /data/wwwroot/default/wx/wx/Home/Controller/IndexController.class.php 第 381 行.
INFO: [ app_end ] --START--
INFO: Run Behavior\ShowPageTraceBehavior [ RunTime:0.000027s ]
INFO: [ app_end ] --END-- [ RunTime:0.000050s ]

[ 2017-09-19T09:50:08+08:00 ] 222.131.232.240 /wx/Index/creatMenu
INFO: [ app_init ] --START--
INFO: Run Behavior\BuildLiteBehavior [ RunTime:0.000011s ]
INFO: [ app_init ] --END-- [ RunTime:0.000066s ]
INFO: [ app_begin ] --START--
INFO: Run Behavior\ReadHtmlCacheBehavior [ RunTime:0.000028s ]
INFO: [ app_begin ] --END-- [ RunTime:0.000053s ]
NOTIC: [2] urlencode() expects exactly 1 parameter, 2 given /data/wwwroot/default/wx/wx/Home/Controller/IndexController.class.php 第 381 行.
INFO: [ app_end ] --START--
INFO: Run Behavior\ShowPageTraceBehavior [ RunTime:0.000025s ]
INFO: [ app_end ] --END-- [ RunTime:0.000047s ]

[ 2017-09-19T09:50:09+08:00 ] 222.131.232.240 /wx/Index/creatMenu
INFO: [ app_init ] --START--
INFO: Run Behavior\BuildLiteBehavior [ RunTime:0.000010s ]
INFO: [ app_init ] --END-- [ RunTime:0.000062s ]
INFO: [ app_begin ] --START--
INFO: Run Behavior\ReadHtmlCacheBehavior [ RunTime:0.000025s ]
INFO: [ app_begin ] --END-- [ RunTime:0.000048s ]
NOTIC: [2] urlencode() expects exactly 1 parameter, 2 given /data/wwwroot/default/wx/wx/Home/Controller/IndexController.class.php 第 381 行.
INFO: [ app_end ] --START--
INFO: Run Behavior\ShowPageTraceBehavior [ RunTime:0.000023s ]
INFO: [ app_end ] --END-- [ RunTime:0.000043s ]

[ 2017-09-19T09:50:10+08:00 ] 222.131.232.240 /wx/Index/creatMenu
INFO: [ app_init ] --START--
INFO: Run Behavior\BuildLiteBehavior [ RunTime:0.000010s ]
INFO: [ app_init ] --END-- [ RunTime:0.000062s ]
INFO: [ app_begin ] --START--
INFO: Run Behavior\ReadHtmlCacheBehavior [ RunTime:0.000034s ]
INFO: [ app_begin ] --END-- [ RunTime:0.000060s ]
NOTIC: [2] urlencode() expects exactly 1 parameter, 2 given /data/wwwroot/default/wx/wx/Home/Controller/IndexController.class.php 第 381 行.
INFO: [ app_end ] --START--
INFO: Run Behavior\ShowPageTraceBehavior [ RunTime:0.000024s ]
INFO: [ app_end ] --END-- [ RunTime:0.000048s ]

[ 2017-09-19T09:50:11+08:00 ] 222.131.232.240 /wx/Index/creatMenu
INFO: [ app_init ] --START--
INFO: Run Behavior\BuildLiteBehavior [ RunTime:0.000009s ]
INFO: [ app_init ] --END-- [ RunTime:0.000060s ]
INFO: [ app_begin ] --START--
INFO: Run Behavior\ReadHtmlCacheBehavior [ RunTime:0.000026s ]
INFO: [ app_begin ] --END-- [ RunTime:0.000050s ]
NOTIC: [2] urlencode() expects exactly 1 parameter, 2 given /data/wwwroot/default/wx/wx/Home/Controller/IndexController.class.php 第 381 行.
INFO: [ app_end ] --START--
INFO: Run Behavior\ShowPageTraceBehavior [ RunTime:0.000025s ]
INFO: [ app_end ] --END-- [ RunTime:0.000056s ]

[ 2017-09-19T09:50:13+08:00 ] 222.131.232.240 /wx/Index/creatMenu
INFO: [ app_init ] --START--
INFO: Run Behavior\BuildLiteBehavior [ RunTime:0.000009s ]
INFO: [ app_init ] --END-- [ RunTime:0.000062s ]
INFO: [ app_begin ] --START--
INFO: Run Behavior\ReadHtmlCacheBehavior [ RunTime:0.000040s ]
INFO: [ app_begin ] --END-- [ RunTime:0.000064s ]
NOTIC: [2] urlencode() expects exactly 1 parameter, 2 given /data/wwwroot/default/wx/wx/Home/Controller/IndexController.class.php 第 381 行.
INFO: [ app_end ] --START--
INFO: Run Behavior\ShowPageTraceBehavior [ RunTime:0.000022s ]
INFO: [ app_end ] --END-- [ RunTime:0.000043s ]

[ 2017-09-19T09:50:14+08:00 ] 222.131.232.240 /wx/Index/creatMenu
INFO: [ app_init ] --START--
INFO: Run Behavior\BuildLiteBehavior [ RunTime:0.000010s ]
INFO: [ app_init ] --END-- [ RunTime:0.000061s ]
INFO: [ app_begin ] --START--
INFO: Run Behavior\ReadHtmlCacheBehavior [ RunTime:0.000027s ]
INFO: [ app_begin ] --END-- [ RunTime:0.000051s ]
NOTIC: [2] urlencode() expects exactly 1 parameter, 2 given /data/wwwroot/default/wx/wx/Home/Controller/IndexController.class.php 第 381 行.
INFO: [ app_end ] --START--
INFO: Run Behavior\ShowPageTraceBehavior [ RunTime:0.000027s ]
INFO: [ app_end ] --END-- [ RunTime:0.000049s ]

[ 2017-09-19T09:50:16+08:00 ] 222.131.232.240 /wx/Index/creatMenu
INFO: [ app_init ] --START--
INFO: Run Behavior\BuildLiteBehavior [ RunTime:0.000009s ]
INFO: [ app_init ] --END-- [ RunTime:0.000062s ]
INFO: [ app_begin ] --START--
INFO: Run Behavior\ReadHtmlCacheBehavior [ RunTime:0.000024s ]
INFO: [ app_begin ] --END-- [ RunTime:0.000048s ]
NOTIC: [2] urlencode() expects exactly 1 parameter, 2 given /data/wwwroot/default/wx/wx/Home/Controller/IndexController.class.php 第 381 行.
INFO: [ app_end ] --START--
INFO: Run Behavior\ShowPageTraceBehavior [ RunTime:0.000023s ]
INFO: [ app_end ] --END-- [ RunTime:0.000042s ]

[ 2017-09-19T09:50:20+08:00 ] 222.131.232.240 /wx/Index/creatMenu
INFO: [ app_init ] --START--
INFO: Run Behavior\BuildLiteBehavior [ RunTime:0.000009s ]
INFO: [ app_init ] --END-- [ RunTime:0.000060s ]
INFO: [ app_begin ] --START--
INFO: Run Behavior\ReadHtmlCacheBehavior [ RunTime:0.000025s ]
INFO: [ app_begin ] --END-- [ RunTime:0.000048s ]
NOTIC: [2] urlencode() expects exactly 1 parameter, 2 given /data/wwwroot/default/wx/wx/Home/Controller/IndexController.class.php 第 381 行.
INFO: [ app_end ] --START--
INFO: Run Behavior\ShowPageTraceBehavior [ RunTime:0.000024s ]
INFO: [ app_end ] --END-- [ RunTime:0.000043s ]

[ 2017-09-19T09:50:22+08:00 ] 222.131.232.240 /wx/Index/creatMenu
INFO: [ app_init ] --START--
INFO: Run Behavior\BuildLiteBehavior [ RunTime:0.000010s ]
INFO: [ app_init ] --END-- [ RunTime:0.000063s ]
INFO: [ app_begin ] --START--
INFO: Run Behavior\ReadHtmlCacheBehavior [ RunTime:0.000025s ]
INFO: [ app_begin ] --END-- [ RunTime:0.000048s ]
NOTIC: [2] urlencode() expects exactly 1 parameter, 2 given /data/wwwroot/default/wx/wx/Home/Controller/IndexController.class.php 第 381 行.
INFO: [ app_end ] --START--
INFO: Run Behavior\ShowPageTraceBehavior [ RunTime:0.000022s ]
INFO: [ app_end ] --END-- [ RunTime:0.000043s ]

[ 2017-09-19T09:50:34+08:00 ] 222.131.232.240 /wx/Index/creatMenu
INFO: [ app_init ] --START--
INFO: Run Behavior\BuildLiteBehavior [ RunTime:0.000010s ]
INFO: [ app_init ] --END-- [ RunTime:0.000065s ]
INFO: [ app_begin ] --START--
INFO: Run Behavior\ReadHtmlCacheBehavior [ RunTime:0.000027s ]
INFO: [ app_begin ] --END-- [ RunTime:0.000052s ]
NOTIC: [2] urlencode() expects exactly 1 parameter, 2 given /data/wwwroot/default/wx/wx/Home/Controller/IndexController.class.php 第 381 行.
INFO: [ app_end ] --START--
INFO: Run Behavior\ShowPageTraceBehavior [ RunTime:0.000048s ]
INFO: [ app_end ] --END-- [ RunTime:0.000072s ]

[ 2017-09-19T09:50:36+08:00 ] 222.131.232.240 /wx/Index/creatMenu
INFO: [ app_init ] --START--
INFO: Run Behavior\BuildLiteBehavior [ RunTime:0.000010s ]
INFO: [ app_init ] --END-- [ RunTime:0.000069s ]
INFO: [ app_begin ] --START--
INFO: Run Behavior\ReadHtmlCacheBehavior [ RunTime:0.000025s ]
INFO: [ app_begin ] --END-- [ RunTime:0.000046s ]
NOTIC: [2] urlencode() expects exactly 1 parameter, 2 given /data/wwwroot/default/wx/wx/Home/Controller/IndexController.class.php 第 381 行.
INFO: [ app_end ] --START--
INFO: Run Behavior\ShowPageTraceBehavior [ RunTime:0.000022s ]
INFO: [ app_end ] --END-- [ RunTime:0.000041s ]

[ 2017-09-19T09:50:37+08:00 ] 222.131.232.240 /wx/Index/creatMenu
INFO: [ app_init ] --START--
INFO: Run Behavior\BuildLiteBehavior [ RunTime:0.000010s ]
INFO: [ app_init ] --END-- [ RunTime:0.000121s ]
INFO: [ app_begin ] --START--
INFO: Run Behavior\ReadHtmlCacheBehavior [ RunTime:0.000028s ]
INFO: [ app_begin ] --END-- [ RunTime:0.000052s ]
NOTIC: [2] urlencode() expects exactly 1 parameter, 2 given /data/wwwroot/default/wx/wx/Home/Controller/IndexController.class.php 第 381 行.
INFO: [ app_end ] --START--
INFO: Run Behavior\ShowPageTraceBehavior [ RunTime:0.000025s ]
INFO: [ app_end ] --END-- [ RunTime:0.000044s ]

[ 2017-09-19T09:53:27+08:00 ] 222.131.232.240 /wx/Index/creatMenu
INFO: [ app_init ] --START--
INFO: Run Behavior\BuildLiteBehavior [ RunTime:0.000010s ]
INFO: [ app_init ] --END-- [ RunTime:0.000071s ]
INFO: [ app_begin ] --START--
INFO: Run Behavior\ReadHtmlCacheBehavior [ RunTime:0.000031s ]
INFO: [ app_begin ] --END-- [ RunTime:0.000063s ]
NOTIC: [2] urlencode() expects exactly 1 parameter, 2 given /data/wwwroot/default/wx/wx/Home/Controller/IndexController.class.php 第 381 行.
INFO: [ app_end ] --START--
INFO: Run Behavior\ShowPageTraceBehavior [ RunTime:0.000030s ]
INFO: [ app_end ] --END-- [ RunTime:0.000050s ]

[ 2017-09-19T09:53:30+08:00 ] 222.131.232.240 /wx/Index/creatMenu
INFO: [ app_init ] --START--
INFO: Run Behavior\BuildLiteBehavior [ RunTime:0.000010s ]
INFO: [ app_init ] --END-- [ RunTime:0.000065s ]
INFO: [ app_begin ] --START--
INFO: Run Behavior\ReadHtmlCacheBehavior [ RunTime:0.000026s ]
INFO: [ app_begin ] --END-- [ RunTime:0.000051s ]
NOTIC: [2] urlencode() expects exactly 1 parameter, 2 given /data/wwwroot/default/wx/wx/Home/Controller/IndexController.class.php 第 381 行.
INFO: [ app_end ] --START--
INFO: Run Behavior\ShowPageTraceBehavior [ RunTime:0.000024s ]
INFO: [ app_end ] --END-- [ RunTime:0.000044s ]

[ 2017-09-19T10:15:03+08:00 ] 222.131.232.240 /wx/Index/creatMenu
INFO: [ app_init ] --START--
INFO: Run Behavior\BuildLiteBehavior [ RunTime:0.000010s ]
INFO: [ app_init ] --END-- [ RunTime:0.000069s ]
INFO: [ app_begin ] --START--
INFO: Run Behavior\ReadHtmlCacheBehavior [ RunTime:0.000030s ]
INFO: [ app_begin ] --END-- [ RunTime:0.000053s ]
INFO: [ app_end ] --START--
INFO: Run Behavior\ShowPageTraceBehavior [ RunTime:0.000035s ]
INFO: [ app_end ] --END-- [ RunTime:0.000063s ]

[ 2017-09-19T10:15:46+08:00 ] 222.131.232.240 /wx/Index/creatMenu
INFO: [ app_init ] --START--
INFO: Run Behavior\BuildLiteBehavior [ RunTime:0.000009s ]
INFO: [ app_init ] --END-- [ RunTime:0.000061s ]
INFO: [ app_begin ] --START--
INFO: Run Behavior\ReadHtmlCacheBehavior [ RunTime:0.000041s ]
INFO: [ app_begin ] --END-- [ RunTime:0.000065s ]
INFO: [ app_end ] --START--
INFO: Run Behavior\ShowPageTraceBehavior [ RunTime:0.000023s ]
INFO: [ app_end ] --END-- [ RunTime:0.000047s ]

[ 2017-09-19T10:15:48+08:00 ] 222.131.232.240 /wx/Index/creatMenu
INFO: [ app_init ] --START--
INFO: Run Behavior\BuildLiteBehavior [ RunTime:0.000010s ]
INFO: [ app_init ] --END-- [ RunTime:0.000061s ]
INFO: [ app_begin ] --START--
INFO: Run Behavior\ReadHtmlCacheBehavior [ RunTime:0.000025s ]
INFO: [ app_begin ] --END-- [ RunTime:0.000046s ]
INFO: [ app_end ] --START--
INFO: Run Behavior\ShowPageTraceBehavior [ RunTime:0.000021s ]
INFO: [ app_end ] --END-- [ RunTime:0.000043s ]

[ 2017-09-19T10:16:16+08:00 ] 222.131.232.240 /wx/Index/creatMenu
INFO: [ app_init ] --START--
INFO: Run Behavior\BuildLiteBehavior [ RunTime:0.000010s ]
INFO: [ app_init ] --END-- [ RunTime:0.000068s ]
INFO: [ app_begin ] --START--
INFO: Run Behavior\ReadHtmlCacheBehavior [ RunTime:0.000031s ]
INFO: [ app_begin ] --END-- [ RunTime:0.000054s ]
INFO: [ app_end ] --START--
INFO: Run Behavior\ShowPageTraceBehavior [ RunTime:0.000036s ]
INFO: [ app_end ] --END-- [ RunTime:0.000066s ]

[ 2017-09-19T10:16:19+08:00 ] 222.131.232.240 /wx/Index/creatMenu
INFO: [ app_init ] --START--
INFO: Run Behavior\BuildLiteBehavior [ RunTime:0.000009s ]
INFO: [ app_init ] --END-- [ RunTime:0.000063s ]
INFO: [ app_begin ] --START--
INFO: Run Behavior\ReadHtmlCacheBehavior [ RunTime:0.000026s ]
INFO: [ app_begin ] --END-- [ RunTime:0.000049s ]
INFO: [ app_end ] --START--
INFO: Run Behavior\ShowPageTraceBehavior [ RunTime:0.000028s ]
INFO: [ app_end ] --END-- [ RunTime:0.000055s ]

[ 2017-09-19T10:16:34+08:00 ] 140.207.54.76 /wx/Index/index?signature=671ad04bfbe0e7cb44c6de23531e2f026149173e&timestamp=1505787393&nonce=2056967998&openid=of6qAv9zYCCp_B8POI8LTAvvghWM
INFO: [ app_init ] --START--
INFO: Run Behavior\BuildLiteBehavior [ RunTime:0.000009s ]
INFO: [ app_init ] --END-- [ RunTime:0.000061s ]
INFO: [ app_begin ] --START--
INFO: Run Behavior\ReadHtmlCacheBehavior [ RunTime:0.000023s ]
INFO: [ app_begin ] --END-- [ RunTime:0.000046s ]
NOTIC: [8] Undefined index: echostr /data/wwwroot/default/wx/wx/Home/Controller/IndexController.class.php 第 12 行.
NOTIC: [2] curl_close() expects exactly 1 parameter, 0 given /data/wwwroot/default/wx/wx/Home/Controller/IndexController.class.php 第 89 行.
NOTIC: [8] Undefined index: results /data/wwwroot/default/wx/wx/Home/Controller/IndexController.class.php 第 93 行.
NOTIC: [8] Undefined index: results /data/wwwroot/default/wx/wx/Home/Controller/IndexController.class.php 第 93 行.
NOTIC: [8] Undefined index: results /data/wwwroot/default/wx/wx/Home/Controller/IndexController.class.php 第 93 行.
INFO: [ app_end ] --START--
INFO: Run Behavior\ShowPageTraceBehavior [ RunTime:0.000034s ]
INFO: [ app_end ] --END-- [ RunTime:0.000074s ]

[ 2017-09-19T10:16:37+08:00 ] 140.207.54.76 /wx/Index/index?signature=807a81bd548626e97e4c03f85962608a78117179&timestamp=1505787396&nonce=1456737324&openid=of6qAv9zYCCp_B8POI8LTAvvghWM
INFO: [ app_init ] --START--
INFO: Run Behavior\BuildLiteBehavior [ RunTime:0.000010s ]
INFO: [ app_init ] --END-- [ RunTime:0.000060s ]
INFO: [ app_begin ] --START--
INFO: Run Behavior\ReadHtmlCacheBehavior [ RunTime:0.000025s ]
INFO: [ app_begin ] --END-- [ RunTime:0.000047s ]
NOTIC: [8] Undefined index: echostr /data/wwwroot/default/wx/wx/Home/Controller/IndexController.class.php 第 12 行.
NOTIC: [2] curl_close() expects exactly 1 parameter, 0 given /data/wwwroot/default/wx/wx/Home/Controller/IndexController.class.php 第 89 行.
NOTIC: [8] Undefined index: results /data/wwwroot/default/wx/wx/Home/Controller/IndexController.class.php 第 93 行.
NOTIC: [8] Undefined index: results /data/wwwroot/default/wx/wx/Home/Controller/IndexController.class.php 第 93 行.
NOTIC: [8] Undefined index: results /data/wwwroot/default/wx/wx/Home/Controller/IndexController.class.php 第 93 行.
INFO: [ app_end ] --START--
INFO: Run Behavior\ShowPageTraceBehavior [ RunTime:0.000065s ]
INFO: [ app_end ] --END-- [ RunTime:0.000109s ]

[ 2017-09-19T10:16:42+08:00 ] 140.207.54.75 /wx/Index/index?signature=c6e7099f3f5cc6cfe4f3645445ba354c901f832c&timestamp=1505787401&nonce=849655978&openid=of6qAv9zYCCp_B8POI8LTAvvghWM
INFO: [ app_init ] --START--
INFO: Run Behavior\BuildLiteBehavior [ RunTime:0.000011s ]
INFO: [ app_init ] --END-- [ RunTime:0.000075s ]
INFO: [ app_begin ] --START--
INFO: Run Behavior\ReadHtmlCacheBehavior [ RunTime:0.000024s ]
INFO: [ app_begin ] --END-- [ RunTime:0.000047s ]
NOTIC: [8] Undefined index: echostr /data/wwwroot/default/wx/wx/Home/Controller/IndexController.class.php 第 12 行.
NOTIC: [2] curl_close() expects exactly 1 parameter, 0 given /data/wwwroot/default/wx/wx/Home/Controller/IndexController.class.php 第 89 行.
NOTIC: [8] Undefined index: results /data/wwwroot/default/wx/wx/Home/Controller/IndexController.class.php 第 93 行.
NOTIC: [8] Undefined index: results /data/wwwroot/default/wx/wx/Home/Controller/IndexController.class.php 第 93 行.
NOTIC: [8] Undefined index: results /data/wwwroot/default/wx/wx/Home/Controller/IndexController.class.php 第 93 行.
INFO: [ app_end ] --START--
INFO: Run Behavior\ShowPageTraceBehavior [ RunTime:0.000038s ]
INFO: [ app_end ] --END-- [ RunTime:0.000079s ]

[ 2017-09-19T10:16:44+08:00 ] 140.207.54.76 /wx/Index/index?signature=7613dc1f61c9097e3edd9ae4ed8b2915bda6df63&timestamp=1505787403&nonce=268091469&openid=of6qAv9zYCCp_B8POI8LTAvvghWM
INFO: [ app_init ] --START--
INFO: Run Behavior\BuildLiteBehavior [ RunTime:0.000011s ]
INFO: [ app_init ] --END-- [ RunTime:0.000070s ]
INFO: [ app_begin ] --START--
INFO: Run Behavior\ReadHtmlCacheBehavior [ RunTime:0.000030s ]
INFO: [ app_begin ] --END-- [ RunTime:0.000057s ]
NOTIC: [8] Undefined index: echostr /data/wwwroot/default/wx/wx/Home/Controller/IndexController.class.php 第 12 行.
NOTIC: [2] curl_close() expects exactly 1 parameter, 0 given /data/wwwroot/default/wx/wx/Home/Controller/IndexController.class.php 第 89 行.
NOTIC: [8] Undefined index: results /data/wwwroot/default/wx/wx/Home/Controller/IndexController.class.php 第 93 行.
NOTIC: [8] Undefined index: results /data/wwwroot/default/wx/wx/Home/Controller/IndexController.class.php 第 93 行.
NOTIC: [8] Undefined index: results /data/wwwroot/default/wx/wx/Home/Controller/IndexController.class.php 第 93 行.
INFO: [ app_end ] --START--
INFO: Run Behavior\ShowPageTraceBehavior [ RunTime:0.000033s ]
INFO: [ app_end ] --END-- [ RunTime:0.000074s ]

[ 2017-09-19T10:16:56+08:00 ] 222.131.232.240 /wx/Index/creatMenu
INFO: [ app_init ] --START--
INFO: Run Behavior\BuildLiteBehavior [ RunTime:0.000010s ]
INFO: [ app_init ] --END-- [ RunTime:0.000067s ]
INFO: [ app_begin ] --START--
INFO: Run Behavior\ReadHtmlCacheBehavior [ RunTime:0.000029s ]
INFO: [ app_begin ] --END-- [ RunTime:0.000055s ]
INFO: [ app_end ] --START--
INFO: Run Behavior\ShowPageTraceBehavior [ RunTime:0.000033s ]
INFO: [ app_end ] --END-- [ RunTime:0.000060s ]

[ 2017-09-19T10:16:58+08:00 ] 222.131.232.240 /wx/Index/creatMenu
INFO: [ app_init ] --START--
INFO: Run Behavior\BuildLiteBehavior [ RunTime:0.000010s ]
INFO: [ app_init ] --END-- [ RunTime:0.000069s ]
INFO: [ app_begin ] --START--
INFO: Run Behavior\ReadHtmlCacheBehavior [ RunTime:0.000031s ]
INFO: [ app_begin ] --END-- [ RunTime:0.000059s ]
INFO: [ app_end ] --START--
INFO: Run Behavior\ShowPageTraceBehavior [ RunTime:0.000030s ]
INFO: [ app_end ] --END-- [ RunTime:0.000060s ]

[ 2017-09-19T10:19:57+08:00 ] 120.92.32.177 /wx/Index/creatMenu
INFO: [ app_init ] --START--
INFO: Run Behavior\BuildLiteBehavior [ RunTime:0.000010s ]
INFO: [ app_init ] --END-- [ RunTime:0.000068s ]
INFO: [ app_begin ] --START--
INFO: Run Behavior\ReadHtmlCacheBehavior [ RunTime:0.000030s ]
INFO: [ app_begin ] --END-- [ RunTime:0.000054s ]
NOTIC: [8] Undefined index: access_token /data/wwwroot/default/wx/wx/Home/Controller/IndexController.class.php 第 326 行.
INFO: [ app_end ] --START--
INFO: Run Behavior\ShowPageTraceBehavior [ RunTime:0.000074s ]
INFO: [ app_end ] --END-- [ RunTime:0.000142s ]

[ 2017-09-19T10:20:27+08:00 ] 222.131.232.240 /wx/Index/creatMenu
INFO: [ app_init ] --START--
INFO: Run Behavior\BuildLiteBehavior [ RunTime:0.000012s ]
INFO: [ app_init ] --END-- [ RunTime:0.000075s ]
INFO: [ app_begin ] --START--
INFO: Run Behavior\ReadHtmlCacheBehavior [ RunTime:0.000049s ]
INFO: [ app_begin ] --END-- [ RunTime:0.000076s ]
INFO: [ app_end ] --START--
INFO: Run Behavior\ShowPageTraceBehavior [ RunTime:0.000038s ]
INFO: [ app_end ] --END-- [ RunTime:0.000072s ]

[ 2017-09-19T10:20:29+08:00 ] 222.131.232.240 /wx/Index/creatMenu
INFO: [ app_init ] --START--
INFO: Run Behavior\BuildLiteBehavior [ RunTime:0.000010s ]
INFO: [ app_init ] --END-- [ RunTime:0.000079s ]
INFO: [ app_begin ] --START--
INFO: Run Behavior\ReadHtmlCacheBehavior [ RunTime:0.000028s ]
INFO: [ app_begin ] --END-- [ RunTime:0.000053s ]
INFO: [ app_end ] --START--
INFO: Run Behavior\ShowPageTraceBehavior [ RunTime:0.000030s ]
INFO: [ app_end ] --END-- [ RunTime:0.000061s ]

[ 2017-09-19T10:20:31+08:00 ] 222.131.232.240 /wx/Index/creatMenu
INFO: [ app_init ] --START--
INFO: Run Behavior\BuildLiteBehavior [ RunTime:0.000010s ]
INFO: [ app_init ] --END-- [ RunTime:0.000076s ]
INFO: [ app_begin ] --START--
INFO: Run Behavior\ReadHtmlCacheBehavior [ RunTime:0.000029s ]
INFO: [ app_begin ] --END-- [ RunTime:0.000057s ]
INFO: [ app_end ] --START--
INFO: Run Behavior\ShowPageTraceBehavior [ RunTime:0.000030s ]
INFO: [ app_end ] --END-- [ RunTime:0.000059s ]

[ 2017-09-19T10:20:40+08:00 ] 140.207.54.76 /wx/Index/index?signature=9d73ccff9751018959aa36d5b01a31c77799bf3a&timestamp=1505787640&nonce=1920533589&openid=of6qAv9zYCCp_B8POI8LTAvvghWM
INFO: [ app_init ] --START--
INFO: Run Behavior\BuildLiteBehavior [ RunTime:0.000010s ]
INFO: [ app_init ] --END-- [ RunTime:0.000064s ]
INFO: [ app_begin ] --START--
INFO: Run Behavior\ReadHtmlCacheBehavior [ RunTime:0.000025s ]
INFO: [ app_begin ] --END-- [ RunTime:0.000048s ]
NOTIC: [8] Undefined index: echostr /data/wwwroot/default/wx/wx/Home/Controller/IndexController.class.php 第 12 行.
NOTIC: [2] curl_close() expects exactly 1 parameter, 0 given /data/wwwroot/default/wx/wx/Home/Controller/IndexController.class.php 第 89 行.
NOTIC: [8] Undefined index: results /data/wwwroot/default/wx/wx/Home/Controller/IndexController.class.php 第 93 行.
NOTIC: [8] Undefined index: results /data/wwwroot/default/wx/wx/Home/Controller/IndexController.class.php 第 93 行.
NOTIC: [8] Undefined index: results /data/wwwroot/default/wx/wx/Home/Controller/IndexController.class.php 第 93 行.
INFO: [ app_end ] --START--
INFO: Run Behavior\ShowPageTraceBehavior [ RunTime:0.000034s ]
INFO: [ app_end ] --END-- [ RunTime:0.000074s ]

[ 2017-09-19T10:20:50+08:00 ] 140.207.54.76 /wx/Index/index?signature=d017cb9333330851c8dd6792d02cbd3e3c72c58d&timestamp=1505787649&nonce=722392778&openid=of6qAv9zYCCp_B8POI8LTAvvghWM
INFO: [ app_init ] --START--
INFO: Run Behavior\BuildLiteBehavior [ RunTime:0.000009s ]
INFO: [ app_init ] --END-- [ RunTime:0.000062s ]
INFO: [ app_begin ] --START--
INFO: Run Behavior\ReadHtmlCacheBehavior [ RunTime:0.000024s ]
INFO: [ app_begin ] --END-- [ RunTime:0.000047s ]
NOTIC: [8] Undefined index: echostr /data/wwwroot/default/wx/wx/Home/Controller/IndexController.class.php 第 12 行.
NOTIC: [2] curl_close() expects exactly 1 parameter, 0 given /data/wwwroot/default/wx/wx/Home/Controller/IndexController.class.php 第 89 行.
NOTIC: [8] Undefined index: results /data/wwwroot/default/wx/wx/Home/Controller/IndexController.class.php 第 93 行.
NOTIC: [8] Undefined index: results /data/wwwroot/default/wx/wx/Home/Controller/IndexController.class.php 第 93 行.
NOTIC: [8] Undefined index: results /data/wwwroot/default/wx/wx/Home/Controller/IndexController.class.php 第 93 行.
INFO: [ app_end ] --START--
INFO: Run Behavior\ShowPageTraceBehavior [ RunTime:0.000064s ]
INFO: [ app_end ] --END-- [ RunTime:0.000109s ]

[ 2017-09-19T10:25:34+08:00 ] 222.131.232.240 /wx/Index/creatMenu
INFO: [ app_init ] --START--
INFO: Run Behavior\BuildLiteBehavior [ RunTime:0.000011s ]
INFO: [ app_init ] --END-- [ RunTime:0.000072s ]
INFO: [ app_begin ] --START--
INFO: Run Behavior\ReadHtmlCacheBehavior [ RunTime:0.000045s ]
INFO: [ app_begin ] --END-- [ RunTime:0.000071s ]
INFO: [ app_end ] --START--
INFO: Run Behavior\ShowPageTraceBehavior [ RunTime:0.000033s ]
INFO: [ app_end ] --END-- [ RunTime:0.000059s ]

[ 2017-09-19T10:25:37+08:00 ] 222.131.232.240 /wx/Index/creatMenu
INFO: [ app_init ] --START--
INFO: Run Behavior\BuildLiteBehavior [ RunTime:0.000011s ]
INFO: [ app_init ] --END-- [ RunTime:0.000078s ]
INFO: [ app_begin ] --START--
INFO: Run Behavior\ReadHtmlCacheBehavior [ RunTime:0.000036s ]
INFO: [ app_begin ] --END-- [ RunTime:0.000062s ]
INFO: [ app_end ] --START--
INFO: Run Behavior\ShowPageTraceBehavior [ RunTime:0.000028s ]
INFO: [ app_end ] --END-- [ RunTime:0.000055s ]

[ 2017-09-19T10:25:39+08:00 ] 222.131.232.240 /wx/Index/creatMenu
INFO: [ app_init ] --START--
INFO: Run Behavior\BuildLiteBehavior [ RunTime:0.000011s ]
INFO: [ app_init ] --END-- [ RunTime:0.000068s ]
INFO: [ app_begin ] --START--
INFO: Run Behavior\ReadHtmlCacheBehavior [ RunTime:0.000027s ]
INFO: [ app_begin ] --END-- [ RunTime:0.000054s ]
INFO: [ app_end ] --START--
INFO: Run Behavior\ShowPageTraceBehavior [ RunTime:0.000029s ]
INFO: [ app_end ] --END-- [ RunTime:0.000056s ]

[ 2017-09-19T10:25:40+08:00 ] 222.131.232.240 /wx/Index/creatMenu
INFO: [ app_init ] --START--
INFO: Run Behavior\BuildLiteBehavior [ RunTime:0.000011s ]
INFO: [ app_init ] --END-- [ RunTime:0.000069s ]
INFO: [ app_begin ] --START--
INFO: Run Behavior\ReadHtmlCacheBehavior [ RunTime:0.000027s ]
INFO: [ app_begin ] --END-- [ RunTime:0.000061s ]
INFO: [ app_end ] --START--
INFO: Run Behavior\ShowPageTraceBehavior [ RunTime:0.000027s ]
INFO: [ app_end ] --END-- [ RunTime:0.000056s ]

[ 2017-09-19T10:25:41+08:00 ] 222.131.232.240 /wx/Index/creatMenu
INFO: [ app_init ] --START--
INFO: Run Behavior\BuildLiteBehavior [ RunTime:0.000010s ]
INFO: [ app_init ] --END-- [ RunTime:0.000063s ]
INFO: [ app_begin ] --START--
INFO: Run Behavior\ReadHtmlCacheBehavior [ RunTime:0.000025s ]
INFO: [ app_begin ] --END-- [ RunTime:0.000047s ]
INFO: [ app_end ] --START--
INFO: Run Behavior\ShowPageTraceBehavior [ RunTime:0.000028s ]
INFO: [ app_end ] --END-- [ RunTime:0.000053s ]

[ 2017-09-19T10:25:42+08:00 ] 222.131.232.240 /wx/Index/creatMenu
INFO: [ app_init ] --START--
INFO: Run Behavior\BuildLiteBehavior [ RunTime:0.000009s ]
INFO: [ app_init ] --END-- [ RunTime:0.000074s ]
INFO: [ app_begin ] --START--
INFO: Run Behavior\ReadHtmlCacheBehavior [ RunTime:0.000026s ]
INFO: [ app_begin ] --END-- [ RunTime:0.000049s ]
INFO: [ app_end ] --START--
INFO: Run Behavior\ShowPageTraceBehavior [ RunTime:0.000025s ]
INFO: [ app_end ] --END-- [ RunTime:0.000049s ]

[ 2017-09-19T10:35:55+08:00 ] 222.131.232.240 /wx/Index/creatMenu
INFO: [ app_init ] --START--
INFO: Run Behavior\BuildLiteBehavior [ RunTime:0.000011s ]
INFO: [ app_init ] --END-- [ RunTime:0.000070s ]
INFO: [ app_begin ] --START--
INFO: Run Behavior\ReadHtmlCacheBehavior [ RunTime:0.000040s ]
INFO: [ app_begin ] --END-- [ RunTime:0.000065s ]
NOTIC: [2] curl_error(): 2 is not a valid cURL handle resource /data/wwwroot/default/wx/wx/Home/Controller/IndexController.class.php 第 144 行.
INFO: [ app_end ] --START--
INFO: Run Behavior\ShowPageTraceBehavior [ RunTime:0.000036s ]
INFO: [ app_end ] --END-- [ RunTime:0.000060s ]

[ 2017-09-19T10:35:58+08:00 ] 222.131.232.240 /wx/Index/creatMenu
INFO: [ app_init ] --START--
INFO: Run Behavior\BuildLiteBehavior [ RunTime:0.000011s ]
INFO: [ app_init ] --END-- [ RunTime:0.000075s ]
INFO: [ app_begin ] --START--
INFO: Run Behavior\ReadHtmlCacheBehavior [ RunTime:0.000026s ]
INFO: [ app_begin ] --END-- [ RunTime:0.000048s ]
NOTIC: [2] curl_error(): 1 is not a valid cURL handle resource /data/wwwroot/default/wx/wx/Home/Controller/IndexController.class.php 第 144 行.
INFO: [ app_end ] --START--
INFO: Run Behavior\ShowPageTraceBehavior [ RunTime:0.000026s ]
INFO: [ app_end ] --END-- [ RunTime:0.000048s ]

[ 2017-09-19T10:38:04+08:00 ] 222.131.232.240 /wx/Index/creatMenu
INFO: [ app_init ] --START--
INFO: Run Behavior\BuildLiteBehavior [ RunTime:0.000015s ]
INFO: [ app_init ] --END-- [ RunTime:0.000125s ]
INFO: [ app_begin ] --START--
INFO: Run Behavior\ReadHtmlCacheBehavior [ RunTime:0.000049s ]
INFO: [ app_begin ] --END-- [ RunTime:0.000088s ]
NOTIC: [2] curl_error(): 2 is not a valid cURL handle resource /data/wwwroot/default/wx/wx/Home/Controller/IndexController.class.php 第 144 行.
INFO: [ app_end ] --START--
INFO: Run Behavior\ShowPageTraceBehavior [ RunTime:0.000071s ]
INFO: [ app_end ] --END-- [ RunTime:0.000109s ]

[ 2017-09-19T10:41:11+08:00 ] 222.131.232.240 /wx/Index/creatMenu
INFO: [ app_init ] --START--
INFO: Run Behavior\BuildLiteBehavior [ RunTime:0.000010s ]
INFO: [ app_init ] --END-- [ RunTime:0.000076s ]
INFO: [ app_begin ] --START--
INFO: Run Behavior\ReadHtmlCacheBehavior [ RunTime:0.000034s ]
INFO: [ app_begin ] --END-- [ RunTime:0.000062s ]
NOTIC: [2] curl_error(): 1 is not a valid cURL handle resource /data/wwwroot/default/wx/wx/Home/Controller/IndexController.class.php 第 144 行.
INFO: [ app_end ] --START--
INFO: Run Behavior\ShowPageTraceBehavior [ RunTime:0.000081s ]
INFO: [ app_end ] --END-- [ RunTime:0.000124s ]

[ 2017-09-19T10:41:13+08:00 ] 222.131.232.240 /wx/Index/creatMenu
INFO: [ app_init ] --START--
INFO: Run Behavior\BuildLiteBehavior [ RunTime:0.000010s ]
INFO: [ app_init ] --END-- [ RunTime:0.000062s ]
INFO: [ app_begin ] --START--
INFO: Run Behavior\ReadHtmlCacheBehavior [ RunTime:0.000028s ]
INFO: [ app_begin ] --END-- [ RunTime:0.000054s ]
NOTIC: [2] curl_error(): 1 is not a valid cURL handle resource /data/wwwroot/default/wx/wx/Home/Controller/IndexController.class.php 第 144 行.
INFO: [ app_end ] --START--
INFO: Run Behavior\ShowPageTraceBehavior [ RunTime:0.000063s ]
INFO: [ app_end ] --END-- [ RunTime:0.000106s ]

[ 2017-09-19T10:41:17+08:00 ] 222.131.232.240 /wx/Index/creatMenu
INFO: [ app_init ] --START--
INFO: Run Behavior\BuildLiteBehavior [ RunTime:0.000011s ]
INFO: [ app_init ] --END-- [ RunTime:0.000069s ]
INFO: [ app_begin ] --START--
INFO: Run Behavior\ReadHtmlCacheBehavior [ RunTime:0.000029s ]
INFO: [ app_begin ] --END-- [ RunTime:0.000056s ]
NOTIC: [2] curl_error(): 1 is not a valid cURL handle resource /data/wwwroot/default/wx/wx/Home/Controller/IndexController.class.php 第 144 行.
INFO: [ app_end ] --START--
INFO: Run Behavior\ShowPageTraceBehavior [ RunTime:0.000069s ]
INFO: [ app_end ] --END-- [ RunTime:0.000109s ]

[ 2017-09-19T10:41:18+08:00 ] 222.131.232.240 /wx/Index/creatMenu
INFO: [ app_init ] --START--
INFO: Run Behavior\BuildLiteBehavior [ RunTime:0.000012s ]
INFO: [ app_init ] --END-- [ RunTime:0.000080s ]
INFO: [ app_begin ] --START--
INFO: Run Behavior\ReadHtmlCacheBehavior [ RunTime:0.000027s ]
INFO: [ app_begin ] --END-- [ RunTime:0.000050s ]
NOTIC: [2] curl_error(): 1 is not a valid cURL handle resource /data/wwwroot/default/wx/wx/Home/Controller/IndexController.class.php 第 144 行.
INFO: [ app_end ] --START--
INFO: Run Behavior\ShowPageTraceBehavior [ RunTime:0.000060s ]
INFO: [ app_end ] --END-- [ RunTime:0.000098s ]

[ 2017-09-19T10:41:50+08:00 ] 222.131.232.240 /wx/Index/creatMenu
INFO: [ app_init ] --START--
INFO: Run Behavior\BuildLiteBehavior [ RunTime:0.000010s ]
INFO: [ app_init ] --END-- [ RunTime:0.000069s ]
INFO: [ app_begin ] --START--
INFO: Run Behavior\ReadHtmlCacheBehavior [ RunTime:0.000026s ]
INFO: [ app_begin ] --END-- [ RunTime:0.000051s ]
NOTIC: [2] curl_error(): 1 is not a valid cURL handle resource /data/wwwroot/default/wx/wx/Home/Controller/IndexController.class.php 第 144 行.
INFO: [ app_end ] --START--
INFO: Run Behavior\ShowPageTraceBehavior [ RunTime:0.000057s ]
INFO: [ app_end ] --END-- [ RunTime:0.000096s ]

[ 2017-09-19T10:42:16+08:00 ] 222.131.232.240 /wx/Index/creatMenu
INFO: [ app_init ] --START--
INFO: Run Behavior\BuildLiteBehavior [ RunTime:0.000010s ]
INFO: [ app_init ] --END-- [ RunTime:0.000070s ]
INFO: [ app_begin ] --START--
INFO: Run Behavior\ReadHtmlCacheBehavior [ RunTime:0.000037s ]
INFO: [ app_begin ] --END-- [ RunTime:0.000064s ]
NOTIC: [2] curl_error(): 2 is not a valid cURL handle resource /data/wwwroot/default/wx/wx/Home/Controller/IndexController.class.php 第 144 行.
INFO: [ app_end ] --START--
INFO: Run Behavior\ShowPageTraceBehavior [ RunTime:0.000073s ]
INFO: [ app_end ] --END-- [ RunTime:0.000108s ]

[ 2017-09-19T10:45:41+08:00 ] 222.131.232.240 /wx/Index/getWxAccessToken
INFO: [ app_init ] --START--
INFO: Run Behavior\BuildLiteBehavior [ RunTime:0.000010s ]
INFO: [ app_init ] --END-- [ RunTime:0.000069s ]
INFO: [ app_begin ] --START--
INFO: Run Behavior\ReadHtmlCacheBehavior [ RunTime:0.000030s ]
INFO: [ app_begin ] --END-- [ RunTime:0.000053s ]
INFO: [ app_end ] --START--
INFO: Run Behavior\ShowPageTraceBehavior [ RunTime:0.000035s ]
INFO: [ app_end ] --END-- [ RunTime:0.000064s ]

[ 2017-09-19T10:45:44+08:00 ] 222.131.232.240 /wx/Index/getWxAccessToken
INFO: [ app_init ] --START--
INFO: Run Behavior\BuildLiteBehavior [ RunTime:0.000009s ]
INFO: [ app_init ] --END-- [ RunTime:0.000061s ]
INFO: [ app_begin ] --START--
INFO: Run Behavior\ReadHtmlCacheBehavior [ RunTime:0.000048s ]
INFO: [ app_begin ] --END-- [ RunTime:0.000072s ]
INFO: [ app_end ] --START--
INFO: Run Behavior\ShowPageTraceBehavior [ RunTime:0.000033s ]
INFO: [ app_end ] --END-- [ RunTime:0.000055s ]

[ 2017-09-19T10:46:04+08:00 ] 222.131.232.240 /wx/Index/getWxAccessToken
INFO: [ app_init ] --START--
INFO: Run Behavior\BuildLiteBehavior [ RunTime:0.000009s ]
INFO: [ app_init ] --END-- [ RunTime:0.000075s ]
INFO: [ app_begin ] --START--
INFO: Run Behavior\ReadHtmlCacheBehavior [ RunTime:0.000025s ]
INFO: [ app_begin ] --END-- [ RunTime:0.000048s ]
INFO: [ app_end ] --START--
INFO: Run Behavior\ShowPageTraceBehavior [ RunTime:0.000024s ]
INFO: [ app_end ] --END-- [ RunTime:0.000048s ]

[ 2017-09-19T10:46:05+08:00 ] 222.131.232.240 /wx/Index/getWxAccessToken
INFO: [ app_init ] --START--
INFO: Run Behavior\BuildLiteBehavior [ RunTime:0.000009s ]
INFO: [ app_init ] --END-- [ RunTime:0.000061s ]
INFO: [ app_begin ] --START--
INFO: Run Behavior\ReadHtmlCacheBehavior [ RunTime:0.000024s ]
INFO: [ app_begin ] --END-- [ RunTime:0.000047s ]
INFO: [ app_end ] --START--
INFO: Run Behavior\ShowPageTraceBehavior [ RunTime:0.000022s ]
INFO: [ app_end ] --END-- [ RunTime:0.000058s ]

[ 2017-09-19T10:46:06+08:00 ] 222.131.232.240 /wx/Index/getWxAccessToken
INFO: [ app_init ] --START--
INFO: Run Behavior\BuildLiteBehavior [ RunTime:0.000009s ]
INFO: [ app_init ] --END-- [ RunTime:0.000064s ]
INFO: [ app_begin ] --START--
INFO: Run Behavior\ReadHtmlCacheBehavior [ RunTime:0.000025s ]
INFO: [ app_begin ] --END-- [ RunTime:0.000049s ]
INFO: [ app_end ] --START--
INFO: Run Behavior\ShowPageTraceBehavior [ RunTime:0.000023s ]
INFO: [ app_end ] --END-- [ RunTime:0.000047s ]

[ 2017-09-19T10:46:07+08:00 ] 222.131.232.240 /wx/Index/getWxAccessToken
INFO: [ app_init ] --START--
INFO: Run Behavior\BuildLiteBehavior [ RunTime:0.000010s ]
INFO: [ app_init ] --END-- [ RunTime:0.000063s ]
INFO: [ app_begin ] --START--
INFO: Run Behavior\ReadHtmlCacheBehavior [ RunTime:0.000025s ]
INFO: [ app_begin ] --END-- [ RunTime:0.000047s ]
INFO: [ app_end ] --START--
INFO: Run Behavior\ShowPageTraceBehavior [ RunTime:0.000022s ]
INFO: [ app_end ] --END-- [ RunTime:0.000045s ]

[ 2017-09-19T10:46:08+08:00 ] 222.131.232.240 /wx/Index/getWxAccessToken
INFO: [ app_init ] --START--
INFO: Run Behavior\BuildLiteBehavior [ RunTime:0.000009s ]
INFO: [ app_init ] --END-- [ RunTime:0.000064s ]
INFO: [ app_begin ] --START--
INFO: Run Behavior\ReadHtmlCacheBehavior [ RunTime:0.000025s ]
INFO: [ app_begin ] --END-- [ RunTime:0.000048s ]
INFO: [ app_end ] --START--
INFO: Run Behavior\ShowPageTraceBehavior [ RunTime:0.000023s ]
INFO: [ app_end ] --END-- [ RunTime:0.000047s ]

[ 2017-09-19T10:46:17+08:00 ] 222.131.232.240 /wx/Index/getWxAccessToken
INFO: [ app_init ] --START--
INFO: Run Behavior\BuildLiteBehavior [ RunTime:0.000011s ]
INFO: [ app_init ] --END-- [ RunTime:0.000069s ]
INFO: [ app_begin ] --START--
INFO: Run Behavior\ReadHtmlCacheBehavior [ RunTime:0.000028s ]
INFO: [ app_begin ] --END-- [ RunTime:0.000055s ]
INFO: [ app_end ] --START--
INFO: Run Behavior\ShowPageTraceBehavior [ RunTime:0.000026s ]
INFO: [ app_end ] --END-- [ RunTime:0.000052s ]

[ 2017-09-19T10:46:46+08:00 ] 222.131.232.240 /wx/Index/getWxAccessToken
INFO: [ app_init ] --START--
INFO: Run Behavior\BuildLiteBehavior [ RunTime:0.000010s ]
INFO: [ app_init ] --END-- [ RunTime:0.000072s ]
INFO: [ app_begin ] --START--
INFO: Run Behavior\ReadHtmlCacheBehavior [ RunTime:0.000032s ]
INFO: [ app_begin ] --END-- [ RunTime:0.000056s ]
INFO: [ app_end ] --START--
INFO: Run Behavior\ShowPageTraceBehavior [ RunTime:0.000030s ]
INFO: [ app_end ] --END-- [ RunTime:0.000056s ]

[ 2017-09-19T10:47:44+08:00 ] 222.131.232.240 /wx/Index/creatMenu
INFO: [ app_init ] --START--
INFO: Run Behavior\BuildLiteBehavior [ RunTime:0.000012s ]
INFO: [ app_init ] --END-- [ RunTime:0.000067s ]
INFO: [ app_begin ] --START--
INFO: Run Behavior\ReadHtmlCacheBehavior [ RunTime:0.000027s ]
INFO: [ app_begin ] --END-- [ RunTime:0.000054s ]
NOTIC: [2] curl_error(): 1 is not a valid cURL handle resource /data/wwwroot/default/wx/wx/Home/Controller/IndexController.class.php 第 144 行.
INFO: [ app_end ] --START--
INFO: Run Behavior\ShowPageTraceBehavior [ RunTime:0.000059s ]
INFO: [ app_end ] --END-- [ RunTime:0.000097s ]

[ 2017-09-19T10:51:49+08:00 ] 222.131.232.240 /wx/Index/creatMenu
INFO: [ app_init ] --START--
INFO: Run Behavior\BuildLiteBehavior [ RunTime:0.000010s ]
INFO: [ app_init ] --END-- [ RunTime:0.000070s ]
INFO: [ app_begin ] --START--
INFO: Run Behavior\ReadHtmlCacheBehavior [ RunTime:0.000033s ]
INFO: [ app_begin ] --END-- [ RunTime:0.000059s ]
NOTIC: [2] curl_error(): 3 is not a valid cURL handle resource /data/wwwroot/default/wx/wx/Home/Controller/IndexController.class.php 第 144 行.
NOTIC: [2] curl_error(): 4 is not a valid cURL handle resource /data/wwwroot/default/wx/wx/Home/Controller/IndexController.class.php 第 144 行.
INFO: [ app_end ] --START--
INFO: Run Behavior\ShowPageTraceBehavior [ RunTime:0.000071s ]
INFO: [ app_end ] --END-- [ RunTime:0.000110s ]

[ 2017-09-19T10:52:10+08:00 ] 140.207.54.75 /wx/Index/index?signature=88c3333998c55b5602052ed9ccdf59452bf22abd&timestamp=1505789530&nonce=758479664&openid=of6qAv9zYCCp_B8POI8LTAvvghWM
INFO: [ app_init ] --START--
INFO: Run Behavior\BuildLiteBehavior [ RunTime:0.000010s ]
INFO: [ app_init ] --END-- [ RunTime:0.000061s ]
INFO: [ app_begin ] --START--
INFO: Run Behavior\ReadHtmlCacheBehavior [ RunTime:0.000023s ]
INFO: [ app_begin ] --END-- [ RunTime:0.000046s ]
NOTIC: [8] Undefined index: echostr /data/wwwroot/default/wx/wx/Home/Controller/IndexController.class.php 第 12 行.
NOTIC: [2] curl_close() expects exactly 1 parameter, 0 given /data/wwwroot/default/wx/wx/Home/Controller/IndexController.class.php 第 89 行.
NOTIC: [8] Undefined index: results /data/wwwroot/default/wx/wx/Home/Controller/IndexController.class.php 第 93 行.
NOTIC: [8] Undefined index: results /data/wwwroot/default/wx/wx/Home/Controller/IndexController.class.php 第 93 行.
NOTIC: [8] Undefined index: results /data/wwwroot/default/wx/wx/Home/Controller/IndexController.class.php 第 93 行.
INFO: [ app_end ] --START--
INFO: Run Behavior\ShowPageTraceBehavior [ RunTime:0.000038s ]
INFO: [ app_end ] --END-- [ RunTime:0.000094s ]

[ 2017-09-19T10:52:18+08:00 ] 140.207.54.76 /wx/Index/index?signature=384c3c15ee15a684b62af3b60168a3ca6f6410b9&timestamp=1505789538&nonce=1544243229&openid=of6qAv9zYCCp_B8POI8LTAvvghWM
INFO: [ app_init ] --START--
INFO: Run Behavior\BuildLiteBehavior [ RunTime:0.000010s ]
INFO: [ app_init ] --END-- [ RunTime:0.000067s ]
INFO: [ app_begin ] --START--
INFO: Run Behavior\ReadHtmlCacheBehavior [ RunTime:0.000027s ]
INFO: [ app_begin ] --END-- [ RunTime:0.000052s ]
NOTIC: [8] Undefined index: echostr /data/wwwroot/default/wx/wx/Home/Controller/IndexController.class.php 第 12 行.
NOTIC: [2] curl_close() expects exactly 1 parameter, 0 given /data/wwwroot/default/wx/wx/Home/Controller/IndexController.class.php 第 89 行.
NOTIC: [8] Undefined index: results /data/wwwroot/default/wx/wx/Home/Controller/IndexController.class.php 第 93 行.
NOTIC: [8] Undefined index: results /data/wwwroot/default/wx/wx/Home/Controller/IndexController.class.php 第 93 行.
NOTIC: [8] Undefined index: results /data/wwwroot/default/wx/wx/Home/Controller/IndexController.class.php 第 93 行.
INFO: [ app_end ] --START--
INFO: Run Behavior\ShowPageTraceBehavior [ RunTime:0.000052s ]
INFO: [ app_end ] --END-- [ RunTime:0.000092s ]

[ 2017-09-19T10:52:21+08:00 ] 140.207.54.75 /wx/Index/index?signature=6f780654f6b444d4d9963521fc121293261afb8d&timestamp=1505789540&nonce=1330152450&openid=of6qAv9zYCCp_B8POI8LTAvvghWM
INFO: [ app_init ] --START--
INFO: Run Behavior\BuildLiteBehavior [ RunTime:0.000010s ]
INFO: [ app_init ] --END-- [ RunTime:0.000060s ]
INFO: [ app_begin ] --START--
INFO: Run Behavior\ReadHtmlCacheBehavior [ RunTime:0.000024s ]
INFO: [ app_begin ] --END-- [ RunTime:0.000046s ]
NOTIC: [8] Undefined index: echostr /data/wwwroot/default/wx/wx/Home/Controller/IndexController.class.php 第 12 行.
NOTIC: [2] curl_close() expects exactly 1 parameter, 0 given /data/wwwroot/default/wx/wx/Home/Controller/IndexController.class.php 第 89 行.
NOTIC: [8] Undefined index: results /data/wwwroot/default/wx/wx/Home/Controller/IndexController.class.php 第 93 行.
NOTIC: [8] Undefined index: results /data/wwwroot/default/wx/wx/Home/Controller/IndexController.class.php 第 93 行.
NOTIC: [8] Undefined index: results /data/wwwroot/default/wx/wx/Home/Controller/IndexController.class.php 第 93 行.
INFO: [ app_end ] --START--
INFO: Run Behavior\ShowPageTraceBehavior [ RunTime:0.000042s ]
INFO: [ app_end ] --END-- [ RunTime:0.000097s ]

[ 2017-09-19T10:52:23+08:00 ] 140.207.54.76 /wx/Index/index?signature=853657eee5357666fa2ab945f7d9bd16031b3f3d&timestamp=1505789542&nonce=149024106&openid=of6qAv9zYCCp_B8POI8LTAvvghWM
INFO: [ app_init ] --START--
INFO: Run Behavior\BuildLiteBehavior [ RunTime:0.000009s ]
INFO: [ app_init ] --END-- [ RunTime:0.000062s ]
INFO: [ app_begin ] --START--
INFO: Run Behavior\ReadHtmlCacheBehavior [ RunTime:0.000025s ]
INFO: [ app_begin ] --END-- [ RunTime:0.000050s ]
NOTIC: [8] Undefined index: echostr /data/wwwroot/default/wx/wx/Home/Controller/IndexController.class.php 第 12 行.
NOTIC: [2] curl_close() expects exactly 1 parameter, 0 given /data/wwwroot/default/wx/wx/Home/Controller/IndexController.class.php 第 89 行.
NOTIC: [8] Undefined index: results /data/wwwroot/default/wx/wx/Home/Controller/IndexController.class.php 第 93 行.
NOTIC: [8] Undefined index: results /data/wwwroot/default/wx/wx/Home/Controller/IndexController.class.php 第 93 行.
NOTIC: [8] Undefined index: results /data/wwwroot/default/wx/wx/Home/Controller/IndexController.class.php 第 93 行.
INFO: [ app_end ] --START--
INFO: Run Behavior\ShowPageTraceBehavior [ RunTime:0.000037s ]
INFO: [ app_end ] --END-- [ RunTime:0.000089s ]

[ 2017-09-19T10:52:27+08:00 ] 140.207.54.75 /wx/Index/index?signature=2a12c23fca8aa457a76061a68a266dbfd4d1795f&timestamp=1505789546&nonce=1277910190&openid=of6qAv9zYCCp_B8POI8LTAvvghWM
INFO: [ app_init ] --START--
INFO: Run Behavior\BuildLiteBehavior [ RunTime:0.000010s ]
INFO: [ app_init ] --END-- [ RunTime:0.000058s ]
INFO: [ app_begin ] --START--
INFO: Run Behavior\ReadHtmlCacheBehavior [ RunTime:0.000023s ]
INFO: [ app_begin ] --END-- [ RunTime:0.000047s ]
NOTIC: [8] Undefined index: echostr /data/wwwroot/default/wx/wx/Home/Controller/IndexController.class.php 第 12 行.
NOTIC: [2] curl_close() expects exactly 1 parameter, 0 given /data/wwwroot/default/wx/wx/Home/Controller/IndexController.class.php 第 89 行.
NOTIC: [8] Undefined index: results /data/wwwroot/default/wx/wx/Home/Controller/IndexController.class.php 第 93 行.
NOTIC: [8] Undefined index: results /data/wwwroot/default/wx/wx/Home/Controller/IndexController.class.php 第 93 行.
NOTIC: [8] Undefined index: results /data/wwwroot/default/wx/wx/Home/Controller/IndexController.class.php 第 93 行.
INFO: [ app_end ] --START--
INFO: Run Behavior\ShowPageTraceBehavior [ RunTime:0.000037s ]
INFO: [ app_end ] --END-- [ RunTime:0.000080s ]

[ 2017-09-19T10:52:41+08:00 ] 117.185.27.115 /wx/Index/index
INFO: [ app_init ] --START--
INFO: Run Behavior\BuildLiteBehavior [ RunTime:0.000009s ]
INFO: [ app_init ] --END-- [ RunTime:0.000062s ]
INFO: [ app_begin ] --START--
INFO: Run Behavior\ReadHtmlCacheBehavior [ RunTime:0.000036s ]
INFO: [ app_begin ] --END-- [ RunTime:0.000059s ]
NOTIC: [8] Undefined index: nonce /data/wwwroot/default/wx/wx/Home/Controller/IndexController.class.php 第 8 行.
NOTIC: [8] Undefined index: timestamp /data/wwwroot/default/wx/wx/Home/Controller/IndexController.class.php 第 9 行.
NOTIC: [8] Undefined index: signature /data/wwwroot/default/wx/wx/Home/Controller/IndexController.class.php 第 11 行.
NOTIC: [8] Undefined index: echostr /data/wwwroot/default/wx/wx/Home/Controller/IndexController.class.php 第 12 行.
NOTIC: [8] Undefined index: HTTP_RAW_POST_DATA /data/wwwroot/default/wx/wx/Home/Controller/IndexController.class.php 第 35 行.
NOTIC: [8] Trying to get property of non-object /data/wwwroot/default/wx/wx/Home/Controller/IndexController.class.php 第 44 行.
NOTIC: [8] Trying to get property of non-object /data/wwwroot/default/wx/wx/Home/Controller/IndexController.class.php 第 55 行.
NOTIC: [8] Trying to get property of non-object /data/wwwroot/default/wx/wx/Home/Controller/IndexController.class.php 第 84 行.
NOTIC: [2] curl_close() expects exactly 1 parameter, 0 given /data/wwwroot/default/wx/wx/Home/Controller/IndexController.class.php 第 89 行.
NOTIC: [8] Undefined index: results /data/wwwroot/default/wx/wx/Home/Controller/IndexController.class.php 第 93 行.
NOTIC: [8] Undefined index: results /data/wwwroot/default/wx/wx/Home/Controller/IndexController.class.php 第 93 行.
NOTIC: [8] Undefined index: results /data/wwwroot/default/wx/wx/Home/Controller/IndexController.class.php 第 93 行.
NOTIC: [8] Trying to get property of non-object /data/wwwroot/default/wx/wx/Home/Model/IndexModel.class.php 第 42 行.
NOTIC: [8] Trying to get property of non-object /data/wwwroot/default/wx/wx/Home/Model/IndexModel.class.php 第 43 行.
INFO: [ app_end ] --START--
INFO: Run Behavior\ShowPageTraceBehavior [ RunTime:0.000039s ]
INFO: [ app_end ] --END-- [ RunTime:0.000082s ]

[ 2017-09-19T12:02:24+08:00 ] 222.131.232.240 /wx/Index/getToken
INFO: [ app_init ] --START--
INFO: Run Behavior\BuildLiteBehavior [ RunTime:0.000010s ]
INFO: [ app_init ] --END-- [ RunTime:0.000070s ]
INFO: [ app_begin ] --START--
INFO: Run Behavior\ReadHtmlCacheBehavior [ RunTime:0.000030s ]
INFO: [ app_begin ] --END-- [ RunTime:0.000053s ]
NOTIC: [2] curl_error(): 2 is not a valid cURL handle resource /data/wwwroot/default/wx/wx/Home/Controller/IndexController.class.php 第 144 行.
INFO: [ app_end ] --START--
INFO: Run Behavior\ShowPageTraceBehavior [ RunTime:0.000073s ]
INFO: [ app_end ] --END-- [ RunTime:0.000123s ]

[ 2017-09-19T12:02:27+08:00 ] 222.131.232.240 /wx/Index/getToken
INFO: [ app_init ] --START--
INFO: Run Behavior\BuildLiteBehavior [ RunTime:0.000010s ]
INFO: [ app_init ] --END-- [ RunTime:0.000064s ]
INFO: [ app_begin ] --START--
INFO: Run Behavior\ReadHtmlCacheBehavior [ RunTime:0.000027s ]
INFO: [ app_begin ] --END-- [ RunTime:0.000060s ]
NOTIC: [2] curl_error(): 2 is not a valid cURL handle resource /data/wwwroot/default/wx/wx/Home/Controller/IndexController.class.php 第 144 行.
INFO: [ app_end ] --START--
INFO: Run Behavior\ShowPageTraceBehavior [ RunTime:0.000067s ]
INFO: [ app_end ] --END-- [ RunTime:0.000106s ]

[ 2017-09-19T12:02:29+08:00 ] 222.131.232.240 /wx/Index/getToken
INFO: [ app_init ] --START--
INFO: Run Behavior\BuildLiteBehavior [ RunTime:0.000010s ]
INFO: [ app_init ] --END-- [ RunTime:0.000068s ]
INFO: [ app_begin ] --START--
INFO: Run Behavior\ReadHtmlCacheBehavior [ RunTime:0.000026s ]
INFO: [ app_begin ] --END-- [ RunTime:0.000048s ]
NOTIC: [2] curl_error(): 2 is not a valid cURL handle resource /data/wwwroot/default/wx/wx/Home/Controller/IndexController.class.php 第 144 行.
INFO: [ app_end ] --START--
INFO: Run Behavior\ShowPageTraceBehavior [ RunTime:0.000068s ]
INFO: [ app_end ] --END-- [ RunTime:0.000121s ]

[ 2017-09-19T12:02:31+08:00 ] 222.131.232.240 /wx/Index/getToken
INFO: [ app_init ] --START--
INFO: Run Behavior\BuildLiteBehavior [ RunTime:0.000010s ]
INFO: [ app_init ] --END-- [ RunTime:0.000076s ]
INFO: [ app_begin ] --START--
INFO: Run Behavior\ReadHtmlCacheBehavior [ RunTime:0.000026s ]
INFO: [ app_begin ] --END-- [ RunTime:0.000057s ]
NOTIC: [2] curl_error(): 2 is not a valid cURL handle resource /data/wwwroot/default/wx/wx/Home/Controller/IndexController.class.php 第 144 行.
INFO: [ app_end ] --START--
INFO: Run Behavior\ShowPageTraceBehavior [ RunTime:0.000063s ]
INFO: [ app_end ] --END-- [ RunTime:0.000115s ]

[ 2017-09-19T12:03:36+08:00 ] 222.131.232.240 /wx/Index/getToken
INFO: [ app_init ] --START--
INFO: Run Behavior\BuildLiteBehavior [ RunTime:0.000010s ]
INFO: [ app_init ] --END-- [ RunTime:0.000069s ]
INFO: [ app_begin ] --START--
INFO: Run Behavior\ReadHtmlCacheBehavior [ RunTime:0.000031s ]
INFO: [ app_begin ] --END-- [ RunTime:0.000053s ]
NOTIC: [2] curl_error(): 3 is not a valid cURL handle resource /data/wwwroot/default/wx/wx/Home/Controller/IndexController.class.php 第 144 行.
INFO: [ app_end ] --START--
INFO: Run Behavior\ShowPageTraceBehavior [ RunTime:0.000093s ]
INFO: [ app_end ] --END-- [ RunTime:0.000136s ]

[ 2017-09-19T12:04:13+08:00 ] 222.131.232.240 /wx/Index/getWxAccessToken
INFO: [ app_init ] --START--
INFO: Run Behavior\BuildLiteBehavior [ RunTime:0.000009s ]
INFO: [ app_init ] --END-- [ RunTime:0.000063s ]
INFO: [ app_begin ] --START--
INFO: Run Behavior\ReadHtmlCacheBehavior [ RunTime:0.000026s ]
INFO: [ app_begin ] --END-- [ RunTime:0.000055s ]
NOTIC: [2] curl_error(): 1 is not a valid cURL handle resource /data/wwwroot/default/wx/wx/Home/Controller/IndexController.class.php 第 144 行.
INFO: [ app_end ] --START--
INFO: Run Behavior\ShowPageTraceBehavior [ RunTime:0.000069s ]
INFO: [ app_end ] --END-- [ RunTime:0.000111s ]

[ 2017-09-19T12:04:17+08:00 ] 222.131.232.240 /wx/Index/getWxAccessToken
INFO: [ app_init ] --START--
INFO: Run Behavior\BuildLiteBehavior [ RunTime:0.000010s ]
INFO: [ app_init ] --END-- [ RunTime:0.000060s ]
INFO: [ app_begin ] --START--
INFO: Run Behavior\ReadHtmlCacheBehavior [ RunTime:0.000025s ]
INFO: [ app_begin ] --END-- [ RunTime:0.000049s ]
INFO: [ app_end ] --START--
INFO: Run Behavior\ShowPageTraceBehavior [ RunTime:0.000023s ]
INFO: [ app_end ] --END-- [ RunTime:0.000045s ]

[ 2017-09-19T12:05:12+08:00 ] 222.131.232.240 /wx/Index/getWxAccessToken
INFO: [ app_init ] --START--
INFO: Run Behavior\BuildLiteBehavior [ RunTime:0.000010s ]
INFO: [ app_init ] --END-- [ RunTime:0.000070s ]
INFO: [ app_begin ] --START--
INFO: Run Behavior\ReadHtmlCacheBehavior [ RunTime:0.000029s ]
INFO: [ app_begin ] --END-- [ RunTime:0.000051s ]
INFO: [ app_end ] --START--
INFO: Run Behavior\ShowPageTraceBehavior [ RunTime:0.000034s ]
INFO: [ app_end ] --END-- [ RunTime:0.000063s ]

[ 2017-09-19T12:05:39+08:00 ] 222.131.232.240 /wx/Index/creatMenu
INFO: [ app_init ] --START--
INFO: Run Behavior\BuildLiteBehavior [ RunTime:0.000009s ]
INFO: [ app_init ] --END-- [ RunTime:0.000061s ]
INFO: [ app_begin ] --START--
INFO: Run Behavior\ReadHtmlCacheBehavior [ RunTime:0.000073s ]
INFO: [ app_begin ] --END-- [ RunTime:0.000105s ]
NOTIC: [2] curl_error(): 2 is not a valid cURL handle resource /data/wwwroot/default/wx/wx/Home/Controller/IndexController.class.php 第 144 行.
NOTIC: [2] curl_error(): 3 is not a valid cURL handle resource /data/wwwroot/default/wx/wx/Home/Controller/IndexController.class.php 第 144 行.
INFO: [ app_end ] --START--
INFO: Run Behavior\ShowPageTraceBehavior [ RunTime:0.000064s ]
INFO: [ app_end ] --END-- [ RunTime:0.000102s ]

[ 2017-09-19T21:45:49+08:00 ] 140.207.54.76 /wx/Index/index?signature=97d1ac3419580cde08f4ad2d029359c8187fbdc5&timestamp=1505828748&nonce=662057018&openid=of6qAv9zYCCp_B8POI8LTAvvghWM
INFO: [ app_init ] --START--
INFO: Run Behavior\BuildLiteBehavior [ RunTime:0.000011s ]
INFO: [ app_init ] --END-- [ RunTime:0.000085s ]
INFO: [ app_begin ] --START--
INFO: Run Behavior\ReadHtmlCacheBehavior [ RunTime:0.000049s ]
INFO: [ app_begin ] --END-- [ RunTime:0.000077s ]
NOTIC: [8] Undefined index: echostr /data/wwwroot/default/wx/wx/Home/Controller/IndexController.class.php 第 12 行.
NOTIC: [2] curl_close() expects exactly 1 parameter, 0 given /data/wwwroot/default/wx/wx/Home/Controller/IndexController.class.php 第 89 行.
NOTIC: [8] Undefined index: results /data/wwwroot/default/wx/wx/Home/Controller/IndexController.class.php 第 93 行.
NOTIC: [8] Undefined index: results /data/wwwroot/default/wx/wx/Home/Controller/IndexController.class.php 第 93 行.
NOTIC: [8] Undefined index: results /data/wwwroot/default/wx/wx/Home/Controller/IndexController.class.php 第 93 行.
INFO: [ app_end ] --START--
INFO: Run Behavior\ShowPageTraceBehavior [ RunTime:0.000058s ]
INFO: [ app_end ] --END-- [ RunTime:0.000103s ]

[ 2017-09-19T22:03:11+08:00 ] 103.95.95.24 /wx/Index/sendTemplate
INFO: [ app_init ] --START--
INFO: Run Behavior\BuildLiteBehavior [ RunTime:0.000010s ]
INFO: [ app_init ] --END-- [ RunTime:0.000071s ]
INFO: [ app_begin ] --START--
INFO: Run Behavior\ReadHtmlCacheBehavior [ RunTime:0.000031s ]
INFO: [ app_begin ] --END-- [ RunTime:0.000052s ]

[ 2017-09-19T22:04:20+08:00 ] 103.95.95.24 /wx/Index/sendTemplate
INFO: [ app_init ] --START--
INFO: Run Behavior\BuildLiteBehavior [ RunTime:0.000009s ]
INFO: [ app_init ] --END-- [ RunTime:0.000078s ]
INFO: [ app_begin ] --START--
INFO: Run Behavior\ReadHtmlCacheBehavior [ RunTime:0.000029s ]
INFO: [ app_begin ] --END-- [ RunTime:0.000052s ]
NOTIC: [8] Undefined index: access_token /data/wwwroot/default/wx/wx/Home/Controller/IndexController.class.php 第 330 行.
NOTIC: [2] curl_error(): 2 is not a valid cURL handle resource /data/wwwroot/default/wx/wx/Home/Controller/IndexController.class.php 第 144 行.
NOTIC: [2] curl_error(): 3 is not a valid cURL handle resource /data/wwwroot/default/wx/wx/Home/Controller/IndexController.class.php 第 144 行.
INFO: [ app_end ] --START--
INFO: Run Behavior\ShowPageTraceBehavior [ RunTime:0.000075s ]
INFO: [ app_end ] --END-- [ RunTime:0.000112s ]

[ 2017-09-19T22:04:21+08:00 ] 140.207.54.76 /wx/Index/index?signature=1f19b7e9f99cfe29fb95e67ed0863f3f449339f2&timestamp=1505829860&nonce=2118440391&openid=of6qAv9zYCCp_B8POI8LTAvvghWM
INFO: [ app_init ] --START--
INFO: Run Behavior\BuildLiteBehavior [ RunTime:0.000009s ]
INFO: [ app_init ] --END-- [ RunTime:0.000076s ]
INFO: [ app_begin ] --START--
INFO: Run Behavior\ReadHtmlCacheBehavior [ RunTime:0.000025s ]
INFO: [ app_begin ] --END-- [ RunTime:0.000048s ]
NOTIC: [8] Undefined index: echostr /data/wwwroot/default/wx/wx/Home/Controller/IndexController.class.php 第 12 行.
NOTIC: [2] curl_close() expects exactly 1 parameter, 0 given /data/wwwroot/default/wx/wx/Home/Controller/IndexController.class.php 第 89 行.
NOTIC: [8] Undefined index: results /data/wwwroot/default/wx/wx/Home/Controller/IndexController.class.php 第 93 行.
NOTIC: [8] Undefined index: results /data/wwwroot/default/wx/wx/Home/Controller/IndexController.class.php 第 93 行.
NOTIC: [8] Undefined index: results /data/wwwroot/default/wx/wx/Home/Controller/IndexController.class.php 第 93 行.
INFO: [ app_end ] --START--
INFO: Run Behavior\ShowPageTraceBehavior [ RunTime:0.000041s ]
INFO: [ app_end ] --END-- [ RunTime:0.000084s ]

[ 2017-09-19T22:04:41+08:00 ] 140.207.54.75 /wx/Index/index?signature=a276153e461da6ffbee1adc27d178e1b36deee81&timestamp=1505829880&nonce=1361791714&openid=of6qAv9zYCCp_B8POI8LTAvvghWM
INFO: [ app_init ] --START--
INFO: Run Behavior\BuildLiteBehavior [ RunTime:0.000010s ]
INFO: [ app_init ] --END-- [ RunTime:0.000067s ]
INFO: [ app_begin ] --START--
INFO: Run Behavior\ReadHtmlCacheBehavior [ RunTime:0.000037s ]
INFO: [ app_begin ] --END-- [ RunTime:0.000065s ]
NOTIC: [8] Undefined index: echostr /data/wwwroot/default/wx/wx/Home/Controller/IndexController.class.php 第 12 行.
NOTIC: [2] curl_close() expects exactly 1 parameter, 0 given /data/wwwroot/default/wx/wx/Home/Controller/IndexController.class.php 第 89 行.
NOTIC: [8] Undefined index: results /data/wwwroot/default/wx/wx/Home/Controller/IndexController.class.php 第 93 行.
NOTIC: [8] Undefined index: results /data/wwwroot/default/wx/wx/Home/Controller/IndexController.class.php 第 93 行.
NOTIC: [8] Undefined index: results /data/wwwroot/default/wx/wx/Home/Controller/IndexController.class.php 第 93 行.
INFO: [ app_end ] --START--
INFO: Run Behavior\ShowPageTraceBehavior [ RunTime:0.000047s ]
INFO: [ app_end ] --END-- [ RunTime:0.000089s ]

[ 2017-09-19T22:09:46+08:00 ] 140.207.54.75 /wx/Index/index?signature=e69d8999189e93ab571603895d04dfe312401b66&timestamp=1505830186&nonce=1017973014&openid=of6qAv9zYCCp_B8POI8LTAvvghWM
INFO: [ app_init ] --START--
INFO: Run Behavior\BuildLiteBehavior [ RunTime:0.000009s ]
INFO: [ app_init ] --END-- [ RunTime:0.000066s ]
INFO: [ app_begin ] --START--
INFO: Run Behavior\ReadHtmlCacheBehavior [ RunTime:0.000028s ]
INFO: [ app_begin ] --END-- [ RunTime:0.000050s ]
NOTIC: [8] Undefined index: echostr /data/wwwroot/default/wx/wx/Home/Controller/IndexController.class.php 第 12 行.
NOTIC: [2] curl_close() expects exactly 1 parameter, 0 given /data/wwwroot/default/wx/wx/Home/Controller/IndexController.class.php 第 89 行.
NOTIC: [8] Undefined index: results /data/wwwroot/default/wx/wx/Home/Controller/IndexController.class.php 第 93 行.
NOTIC: [8] Undefined index: results /data/wwwroot/default/wx/wx/Home/Controller/IndexController.class.php 第 93 行.
NOTIC: [8] Undefined index: results /data/wwwroot/default/wx/wx/Home/Controller/IndexController.class.php 第 93 行.
INFO: [ app_end ] --START--
INFO: Run Behavior\ShowPageTraceBehavior [ RunTime:0.000048s ]
INFO: [ app_end ] --END-- [ RunTime:0.000093s ]

[ 2017-09-19T22:13:07+08:00 ] 140.207.54.76 /wx/Index/index?signature=13df4720af299465e73367016620e12767cf859a&timestamp=1505830387&nonce=1520029908&openid=of6qAv9zYCCp_B8POI8LTAvvghWM
INFO: [ app_init ] --START--
INFO: Run Behavior\BuildLiteBehavior [ RunTime:0.000012s ]
INFO: [ app_init ] --END-- [ RunTime:0.000077s ]
INFO: [ app_begin ] --START--
INFO: Run Behavior\ReadHtmlCacheBehavior [ RunTime:0.000037s ]
INFO: [ app_begin ] --END-- [ RunTime:0.000062s ]
NOTIC: [8] Undefined index: echostr /data/wwwroot/default/wx/wx/Home/Controller/IndexController.class.php 第 12 行.
INFO: [ app_end ] --START--
INFO: Run Behavior\ShowPageTraceBehavior [ RunTime:0.000034s ]
INFO: [ app_end ] --END-- [ RunTime:0.000060s ]

[ 2017-09-19T22:13:47+08:00 ] 140.207.54.76 /wx/Index/index?signature=fba3444981597c85760a6e7060368dc38bfb1ed8&timestamp=1505830427&nonce=919465316&openid=of6qAv9zYCCp_B8POI8LTAvvghWM
INFO: [ app_init ] --START--
INFO: Run Behavior\BuildLiteBehavior [ RunTime:0.000029s ]
INFO: [ app_init ] --END-- [ RunTime:0.000088s ]
INFO: [ app_begin ] --START--
INFO: Run Behavior\ReadHtmlCacheBehavior [ RunTime:0.000025s ]
INFO: [ app_begin ] --END-- [ RunTime:0.000050s ]
NOTIC: [8] Undefined index: echostr /data/wwwroot/default/wx/wx/Home/Controller/IndexController.class.php 第 12 行.
INFO: [ app_end ] --START--
INFO: Run Behavior\ShowPageTraceBehavior [ RunTime:0.000023s ]
INFO: [ app_end ] --END-- [ RunTime:0.000048s ]

[ 2017-09-19T22:13:57+08:00 ] 140.207.54.75 /wx/Index/index?signature=ad3e7c071772f22d6f077061b2cf0daeedc9e5c6&timestamp=1505830437&nonce=1164226932&openid=of6qAv9zYCCp_B8POI8LTAvvghWM
INFO: [ app_init ] --START--
INFO: Run Behavior\BuildLiteBehavior [ RunTime:0.000010s ]
INFO: [ app_init ] --END-- [ RunTime:0.000062s ]
INFO: [ app_begin ] --START--
INFO: Run Behavior\ReadHtmlCacheBehavior [ RunTime:0.000023s ]
INFO: [ app_begin ] --END-- [ RunTime:0.000046s ]
NOTIC: [8] Undefined index: echostr /data/wwwroot/default/wx/wx/Home/Controller/IndexController.class.php 第 12 行.
INFO: [ app_end ] --START--
INFO: Run Behavior\ShowPageTraceBehavior [ RunTime:0.000022s ]
INFO: [ app_end ] --END-- [ RunTime:0.000045s ]

