[ 2017-09-16T19:43:32+08:00 ] 103.95.95.36 /wx/Index/SendMsg
INFO: [ app_init ] --START--
INFO: Run Behavior\BuildLiteBehavior [ RunTime:0.000010s ]
INFO: [ app_init ] --END-- [ RunTime:0.000379s ]
INFO: [ app_begin ] --START--
INFO: Run Behavior\ReadHtmlCacheBehavior [ RunTime:0.000532s ]
INFO: [ app_begin ] --END-- [ RunTime:0.000562s ]

[ 2017-09-16T19:44:12+08:00 ] 103.95.95.36 /wx/Index/SendMsg
INFO: [ app_init ] --START--
INFO: Run Behavior\BuildLiteBehavior [ RunTime:0.000010s ]
INFO: [ app_init ] --END-- [ RunTime:0.000067s ]
INFO: [ app_begin ] --START--
INFO: Run Behavior\ReadHtmlCacheBehavior [ RunTime:0.000046s ]
INFO: [ app_begin ] --END-- [ RunTime:0.000071s ]

[ 2017-09-16T19:45:59+08:00 ] 103.95.95.36 /wx/Index/SendMsg
INFO: [ app_init ] --START--
INFO: Run Behavior\BuildLiteBehavior [ RunTime:0.000012s ]
INFO: [ app_init ] --END-- [ RunTime:0.000075s ]
INFO: [ app_begin ] --START--
INFO: Run Behavior\ReadHtmlCacheBehavior [ RunTime:0.000051s ]
INFO: [ app_begin ] --END-- [ RunTime:0.000076s ]
NOTIC: [2] curl_close() expects exactly 1 parameter, 0 given /data/wwwroot/default/wx/wx/Home/Controller/IndexController.class.php 第 164 行.
NOTIC: [8] Use of undefined constant post - assumed 'post' /data/wwwroot/default/wx/wx/Home/Controller/IndexController.class.php 第 325 行.
NOTIC: [8] Undefined variable: multi /data/wwwroot/default/wx/wx/Home/Controller/IndexController.class.php 第 135 行.
NOTIC: [2] http_build_query(): Parameter 1 expected to be Array or Object.  Incorrect value given /data/wwwroot/default/wx/wx/Home/Controller/IndexController.class.php 第 135 行.
INFO: [ app_end ] --START--
INFO: Run Behavior\ShowPageTraceBehavior [ RunTime:0.000886s ]
INFO: [ app_end ] --END-- [ RunTime:0.000953s ]

[ 2017-09-16T19:46:59+08:00 ] 103.95.95.36 /wx/Index/SendMsg
INFO: [ app_init ] --START--
INFO: Run Behavior\BuildLiteBehavior [ RunTime:0.000011s ]
INFO: [ app_init ] --END-- [ RunTime:0.000082s ]
INFO: [ app_begin ] --START--
INFO: Run Behavior\ReadHtmlCacheBehavior [ RunTime:0.000050s ]
INFO: [ app_begin ] --END-- [ RunTime:0.000077s ]
NOTIC: [2] curl_close() expects exactly 1 parameter, 0 given /data/wwwroot/default/wx/wx/Home/Controller/IndexController.class.php 第 164 行.
NOTIC: [8] Use of undefined constant post - assumed 'post' /data/wwwroot/default/wx/wx/Home/Controller/IndexController.class.php 第 325 行.
NOTIC: [8] Undefined variable: multi /data/wwwroot/default/wx/wx/Home/Controller/IndexController.class.php 第 135 行.
NOTIC: [2] http_build_query(): Parameter 1 expected to be Array or Object.  Incorrect value given /data/wwwroot/default/wx/wx/Home/Controller/IndexController.class.php 第 135 行.
INFO: [ app_end ] --START--
INFO: Run Behavior\ShowPageTraceBehavior [ RunTime:0.000068s ]
INFO: [ app_end ] --END-- [ RunTime:0.000130s ]

[ 2017-09-16T19:47:01+08:00 ] 103.95.95.36 /wx/Index/SendMsg
INFO: [ app_init ] --START--
INFO: Run Behavior\BuildLiteBehavior [ RunTime:0.000010s ]
INFO: [ app_init ] --END-- [ RunTime:0.000074s ]
INFO: [ app_begin ] --START--
INFO: Run Behavior\ReadHtmlCacheBehavior [ RunTime:0.000034s ]
INFO: [ app_begin ] --END-- [ RunTime:0.000070s ]
NOTIC: [2] curl_close() expects exactly 1 parameter, 0 given /data/wwwroot/default/wx/wx/Home/Controller/IndexController.class.php 第 164 行.
INFO: [ app_end ] --START--
INFO: Run Behavior\ShowPageTraceBehavior [ RunTime:0.000073s ]
INFO: [ app_end ] --END-- [ RunTime:0.000137s ]

[ 2017-09-16T19:47:48+08:00 ] 103.95.95.36 /wx/Index/SendMsg
INFO: [ app_init ] --START--
INFO: Run Behavior\BuildLiteBehavior [ RunTime:0.000010s ]
INFO: [ app_init ] --END-- [ RunTime:0.000066s ]
INFO: [ app_begin ] --START--
INFO: Run Behavior\ReadHtmlCacheBehavior [ RunTime:0.000043s ]
INFO: [ app_begin ] --END-- [ RunTime:0.000067s ]
NOTIC: [2] curl_close() expects exactly 1 parameter, 0 given /data/wwwroot/default/wx/wx/Home/Controller/IndexController.class.php 第 164 行.
INFO: [ app_end ] --START--
INFO: Run Behavior\ShowPageTraceBehavior [ RunTime:0.000071s ]
INFO: [ app_end ] --END-- [ RunTime:0.000146s ]

[ 2017-09-16T19:49:08+08:00 ] 103.95.95.36 /wx/Index/SendMsg
INFO: [ app_init ] --START--
INFO: Run Behavior\BuildLiteBehavior [ RunTime:0.000010s ]
INFO: [ app_init ] --END-- [ RunTime:0.000070s ]
INFO: [ app_begin ] --START--
INFO: Run Behavior\ReadHtmlCacheBehavior [ RunTime:0.000030s ]
INFO: [ app_begin ] --END-- [ RunTime:0.000055s ]
NOTIC: [2] curl_close() expects exactly 1 parameter, 0 given /data/wwwroot/default/wx/wx/Home/Controller/IndexController.class.php 第 164 行.
INFO: [ app_end ] --START--
INFO: Run Behavior\ShowPageTraceBehavior [ RunTime:0.000081s ]
INFO: [ app_end ] --END-- [ RunTime:0.000143s ]

[ 2017-09-16T19:49:43+08:00 ] 103.95.95.36 /wx/Index/SendMsg
INFO: [ app_init ] --START--
INFO: Run Behavior\BuildLiteBehavior [ RunTime:0.000010s ]
INFO: [ app_init ] --END-- [ RunTime:0.000072s ]
INFO: [ app_begin ] --START--
INFO: Run Behavior\ReadHtmlCacheBehavior [ RunTime:0.000024s ]
INFO: [ app_begin ] --END-- [ RunTime:0.000047s ]
NOTIC: [2] curl_close() expects exactly 1 parameter, 0 given /data/wwwroot/default/wx/wx/Home/Controller/IndexController.class.php 第 164 行.
INFO: [ app_end ] --START--
INFO: Run Behavior\ShowPageTraceBehavior [ RunTime:0.000065s ]
INFO: [ app_end ] --END-- [ RunTime:0.000128s ]

[ 2017-09-16T19:49:45+08:00 ] 103.95.95.36 /wx/Index/SendMsg
INFO: [ app_init ] --START--
INFO: Run Behavior\BuildLiteBehavior [ RunTime:0.000011s ]
INFO: [ app_init ] --END-- [ RunTime:0.000070s ]
INFO: [ app_begin ] --START--
INFO: Run Behavior\ReadHtmlCacheBehavior [ RunTime:0.000031s ]
INFO: [ app_begin ] --END-- [ RunTime:0.000111s ]
NOTIC: [2] curl_close() expects exactly 1 parameter, 0 given /data/wwwroot/default/wx/wx/Home/Controller/IndexController.class.php 第 164 行.
INFO: [ app_end ] --START--
INFO: Run Behavior\ShowPageTraceBehavior [ RunTime:0.000064s ]
INFO: [ app_end ] --END-- [ RunTime:0.000125s ]

[ 2017-09-16T19:49:47+08:00 ] 103.95.95.36 /wx/Index/SendMsg
INFO: [ app_init ] --START--
INFO: Run Behavior\BuildLiteBehavior [ RunTime:0.000009s ]
INFO: [ app_init ] --END-- [ RunTime:0.000060s ]
INFO: [ app_begin ] --START--
INFO: Run Behavior\ReadHtmlCacheBehavior [ RunTime:0.000028s ]
INFO: [ app_begin ] --END-- [ RunTime:0.000049s ]
NOTIC: [2] curl_close() expects exactly 1 parameter, 0 given /data/wwwroot/default/wx/wx/Home/Controller/IndexController.class.php 第 164 行.
INFO: [ app_end ] --START--
INFO: Run Behavior\ShowPageTraceBehavior [ RunTime:0.000069s ]
INFO: [ app_end ] --END-- [ RunTime:0.000138s ]

[ 2017-09-16T19:49:51+08:00 ] 103.95.95.36 /wx/Index/SendMsg
INFO: [ app_init ] --START--
INFO: Run Behavior\BuildLiteBehavior [ RunTime:0.000011s ]
INFO: [ app_init ] --END-- [ RunTime:0.000072s ]
INFO: [ app_begin ] --START--
INFO: Run Behavior\ReadHtmlCacheBehavior [ RunTime:0.000031s ]
INFO: [ app_begin ] --END-- [ RunTime:0.000059s ]
NOTIC: [2] curl_close() expects exactly 1 parameter, 0 given /data/wwwroot/default/wx/wx/Home/Controller/IndexController.class.php 第 164 行.
INFO: [ app_end ] --START--
INFO: Run Behavior\ShowPageTraceBehavior [ RunTime:0.000071s ]
INFO: [ app_end ] --END-- [ RunTime:0.000139s ]

[ 2017-09-16T19:49:54+08:00 ] 103.95.95.36 /wx/Index/SendMsg
INFO: [ app_init ] --START--
INFO: Run Behavior\BuildLiteBehavior [ RunTime:0.000009s ]
INFO: [ app_init ] --END-- [ RunTime:0.000062s ]
INFO: [ app_begin ] --START--
INFO: Run Behavior\ReadHtmlCacheBehavior [ RunTime:0.000027s ]
INFO: [ app_begin ] --END-- [ RunTime:0.000050s ]
NOTIC: [2] curl_close() expects exactly 1 parameter, 0 given /data/wwwroot/default/wx/wx/Home/Controller/IndexController.class.php 第 164 行.
INFO: [ app_end ] --START--
INFO: Run Behavior\ShowPageTraceBehavior [ RunTime:0.000065s ]
INFO: [ app_end ] --END-- [ RunTime:0.000130s ]

[ 2017-09-16T19:49:55+08:00 ] 103.95.95.36 /wx/Index/SendMsg
INFO: [ app_init ] --START--
INFO: Run Behavior\BuildLiteBehavior [ RunTime:0.000009s ]
INFO: [ app_init ] --END-- [ RunTime:0.000062s ]
INFO: [ app_begin ] --START--
INFO: Run Behavior\ReadHtmlCacheBehavior [ RunTime:0.000028s ]
INFO: [ app_begin ] --END-- [ RunTime:0.000051s ]
NOTIC: [2] curl_close() expects exactly 1 parameter, 0 given /data/wwwroot/default/wx/wx/Home/Controller/IndexController.class.php 第 164 行.
INFO: [ app_end ] --START--
INFO: Run Behavior\ShowPageTraceBehavior [ RunTime:0.000073s ]
INFO: [ app_end ] --END-- [ RunTime:0.000136s ]

[ 2017-09-16T19:50:16+08:00 ] 103.95.95.36 /wx/Index/SendMsg
INFO: [ app_init ] --START--
INFO: Run Behavior\BuildLiteBehavior [ RunTime:0.000010s ]
INFO: [ app_init ] --END-- [ RunTime:0.000069s ]
INFO: [ app_begin ] --START--
INFO: Run Behavior\ReadHtmlCacheBehavior [ RunTime:0.000031s ]
INFO: [ app_begin ] --END-- [ RunTime:0.000053s ]
NOTIC: [2] curl_close() expects exactly 1 parameter, 0 given /data/wwwroot/default/wx/wx/Home/Controller/IndexController.class.php 第 164 行.
INFO: [ app_end ] --START--
INFO: Run Behavior\ShowPageTraceBehavior [ RunTime:0.000084s ]
INFO: [ app_end ] --END-- [ RunTime:0.000146s ]

[ 2017-09-16T19:50:19+08:00 ] 103.95.95.36 /wx/Index/SendMsg
INFO: [ app_init ] --START--
INFO: Run Behavior\BuildLiteBehavior [ RunTime:0.000010s ]
INFO: [ app_init ] --END-- [ RunTime:0.000066s ]
INFO: [ app_begin ] --START--
INFO: Run Behavior\ReadHtmlCacheBehavior [ RunTime:0.000029s ]
INFO: [ app_begin ] --END-- [ RunTime:0.000055s ]
NOTIC: [2] curl_close() expects exactly 1 parameter, 0 given /data/wwwroot/default/wx/wx/Home/Controller/IndexController.class.php 第 164 行.
INFO: [ app_end ] --START--
INFO: Run Behavior\ShowPageTraceBehavior [ RunTime:0.000062s ]
INFO: [ app_end ] --END-- [ RunTime:0.000124s ]

[ 2017-09-16T19:50:40+08:00 ] 103.95.95.36 /wx/Index/SendMsg
INFO: [ app_init ] --START--
INFO: Run Behavior\BuildLiteBehavior [ RunTime:0.000011s ]
INFO: [ app_init ] --END-- [ RunTime:0.000068s ]
INFO: [ app_begin ] --START--
INFO: Run Behavior\ReadHtmlCacheBehavior [ RunTime:0.000046s ]
INFO: [ app_begin ] --END-- [ RunTime:0.000079s ]
NOTIC: [2] curl_close() expects exactly 1 parameter, 0 given /data/wwwroot/default/wx/wx/Home/Controller/IndexController.class.php 第 164 行.
INFO: [ app_end ] --START--
INFO: Run Behavior\ShowPageTraceBehavior [ RunTime:0.000080s ]
INFO: [ app_end ] --END-- [ RunTime:0.000144s ]

[ 2017-09-16T19:52:11+08:00 ] 103.95.95.36 /wx/Index/SendMsg
INFO: [ app_init ] --START--
INFO: Run Behavior\BuildLiteBehavior [ RunTime:0.000009s ]
INFO: [ app_init ] --END-- [ RunTime:0.000068s ]
INFO: [ app_begin ] --START--
INFO: Run Behavior\ReadHtmlCacheBehavior [ RunTime:0.000030s ]
INFO: [ app_begin ] --END-- [ RunTime:0.000052s ]
NOTIC: [2] curl_close() expects exactly 1 parameter, 0 given /data/wwwroot/default/wx/wx/Home/Controller/IndexController.class.php 第 164 行.
INFO: [ app_end ] --START--
INFO: Run Behavior\ShowPageTraceBehavior [ RunTime:0.000080s ]
INFO: [ app_end ] --END-- [ RunTime:0.000147s ]

[ 2017-09-16T19:52:14+08:00 ] 103.95.95.36 /wx/Index/SendMsg
INFO: [ app_init ] --START--
INFO: Run Behavior\BuildLiteBehavior [ RunTime:0.000009s ]
INFO: [ app_init ] --END-- [ RunTime:0.000063s ]
INFO: [ app_begin ] --START--
INFO: Run Behavior\ReadHtmlCacheBehavior [ RunTime:0.000029s ]
INFO: [ app_begin ] --END-- [ RunTime:0.000053s ]
NOTIC: [2] curl_close() expects exactly 1 parameter, 0 given /data/wwwroot/default/wx/wx/Home/Controller/IndexController.class.php 第 164 行.
INFO: [ app_end ] --START--
INFO: Run Behavior\ShowPageTraceBehavior [ RunTime:0.000069s ]
INFO: [ app_end ] --END-- [ RunTime:0.000133s ]

[ 2017-09-16T19:52:18+08:00 ] 103.95.95.36 /wx/Index/SendMsg
INFO: [ app_init ] --START--
INFO: Run Behavior\BuildLiteBehavior [ RunTime:0.000010s ]
INFO: [ app_init ] --END-- [ RunTime:0.000062s ]
INFO: [ app_begin ] --START--
INFO: Run Behavior\ReadHtmlCacheBehavior [ RunTime:0.000027s ]
INFO: [ app_begin ] --END-- [ RunTime:0.000050s ]
NOTIC: [2] curl_close() expects exactly 1 parameter, 0 given /data/wwwroot/default/wx/wx/Home/Controller/IndexController.class.php 第 164 行.
INFO: [ app_end ] --START--
INFO: Run Behavior\ShowPageTraceBehavior [ RunTime:0.000067s ]
INFO: [ app_end ] --END-- [ RunTime:0.000132s ]

[ 2017-09-16T19:53:08+08:00 ] 103.95.95.36 /wx/Index/SendMsg
INFO: [ app_init ] --START--
INFO: Run Behavior\BuildLiteBehavior [ RunTime:0.000011s ]
INFO: [ app_init ] --END-- [ RunTime:0.000072s ]
INFO: [ app_begin ] --START--
INFO: Run Behavior\ReadHtmlCacheBehavior [ RunTime:0.000051s ]
INFO: [ app_begin ] --END-- [ RunTime:0.000079s ]
NOTIC: [2] curl_close() expects exactly 1 parameter, 0 given /data/wwwroot/default/wx/wx/Home/Controller/IndexController.class.php 第 164 行.
INFO: [ app_end ] --START--
INFO: Run Behavior\ShowPageTraceBehavior [ RunTime:0.000072s ]
INFO: [ app_end ] --END-- [ RunTime:0.000137s ]

[ 2017-09-16T19:53:10+08:00 ] 103.95.95.36 /wx/Index/SendMsg
INFO: [ app_init ] --START--
INFO: Run Behavior\BuildLiteBehavior [ RunTime:0.000010s ]
INFO: [ app_init ] --END-- [ RunTime:0.000071s ]
INFO: [ app_begin ] --START--
INFO: Run Behavior\ReadHtmlCacheBehavior [ RunTime:0.000027s ]
INFO: [ app_begin ] --END-- [ RunTime:0.000049s ]
NOTIC: [2] curl_close() expects exactly 1 parameter, 0 given /data/wwwroot/default/wx/wx/Home/Controller/IndexController.class.php 第 164 行.
INFO: [ app_end ] --START--
INFO: Run Behavior\ShowPageTraceBehavior [ RunTime:0.000062s ]
INFO: [ app_end ] --END-- [ RunTime:0.000124s ]

[ 2017-09-16T19:53:11+08:00 ] 103.95.95.36 /wx/Index/SendMsg
INFO: [ app_init ] --START--
INFO: Run Behavior\BuildLiteBehavior [ RunTime:0.000011s ]
INFO: [ app_init ] --END-- [ RunTime:0.000063s ]
INFO: [ app_begin ] --START--
INFO: Run Behavior\ReadHtmlCacheBehavior [ RunTime:0.000026s ]
INFO: [ app_begin ] --END-- [ RunTime:0.000048s ]
NOTIC: [2] curl_close() expects exactly 1 parameter, 0 given /data/wwwroot/default/wx/wx/Home/Controller/IndexController.class.php 第 164 行.
INFO: [ app_end ] --START--
INFO: Run Behavior\ShowPageTraceBehavior [ RunTime:0.000067s ]
INFO: [ app_end ] --END-- [ RunTime:0.000130s ]

[ 2017-09-16T19:53:13+08:00 ] 103.95.95.36 /wx/Index/SendMsg
INFO: [ app_init ] --START--
INFO: Run Behavior\BuildLiteBehavior [ RunTime:0.000010s ]
INFO: [ app_init ] --END-- [ RunTime:0.000070s ]
INFO: [ app_begin ] --START--
INFO: Run Behavior\ReadHtmlCacheBehavior [ RunTime:0.000038s ]
INFO: [ app_begin ] --END-- [ RunTime:0.000067s ]
NOTIC: [2] curl_close() expects exactly 1 parameter, 0 given /data/wwwroot/default/wx/wx/Home/Controller/IndexController.class.php 第 164 行.
INFO: [ app_end ] --START--
INFO: Run Behavior\ShowPageTraceBehavior [ RunTime:0.000074s ]
INFO: [ app_end ] --END-- [ RunTime:0.000136s ]

[ 2017-09-16T19:54:39+08:00 ] 103.95.95.36 /wx/Index/SendMsg
INFO: [ app_init ] --START--
INFO: Run Behavior\BuildLiteBehavior [ RunTime:0.000012s ]
INFO: [ app_init ] --END-- [ RunTime:0.000075s ]
INFO: [ app_begin ] --START--
INFO: Run Behavior\ReadHtmlCacheBehavior [ RunTime:0.000034s ]
INFO: [ app_begin ] --END-- [ RunTime:0.000062s ]
NOTIC: [2] curl_close() expects exactly 1 parameter, 0 given /data/wwwroot/default/wx/wx/Home/Controller/IndexController.class.php 第 164 行.
INFO: [ app_end ] --START--
INFO: Run Behavior\ShowPageTraceBehavior [ RunTime:0.000075s ]
INFO: [ app_end ] --END-- [ RunTime:0.000140s ]

[ 2017-09-16T20:08:10+08:00 ] 103.95.95.36 /wx/Index/SendMsg
INFO: [ app_init ] --START--
INFO: Run Behavior\BuildLiteBehavior [ RunTime:0.000012s ]
INFO: [ app_init ] --END-- [ RunTime:0.000091s ]
INFO: [ app_begin ] --START--
INFO: Run Behavior\ReadHtmlCacheBehavior [ RunTime:0.000042s ]
INFO: [ app_begin ] --END-- [ RunTime:0.000095s ]
NOTIC: [2] curl_close() expects exactly 1 parameter, 0 given /data/wwwroot/default/wx/wx/Home/Controller/IndexController.class.php 第 164 行.
INFO: [ app_end ] --START--
INFO: Run Behavior\ShowPageTraceBehavior [ RunTime:0.000077s ]
INFO: [ app_end ] --END-- [ RunTime:0.000141s ]

[ 2017-09-16T20:11:54+08:00 ] 103.95.95.36 /wx/Index/SendMsg
INFO: [ app_init ] --START--
INFO: Run Behavior\BuildLiteBehavior [ RunTime:0.000011s ]
INFO: [ app_init ] --END-- [ RunTime:0.000075s ]
INFO: [ app_begin ] --START--
INFO: Run Behavior\ReadHtmlCacheBehavior [ RunTime:0.000034s ]
INFO: [ app_begin ] --END-- [ RunTime:0.000059s ]
NOTIC: [2] curl_close() expects exactly 1 parameter, 0 given /data/wwwroot/default/wx/wx/Home/Controller/IndexController.class.php 第 164 行.
INFO: [ app_end ] --START--
INFO: Run Behavior\ShowPageTraceBehavior [ RunTime:0.000078s ]
INFO: [ app_end ] --END-- [ RunTime:0.000151s ]

[ 2017-09-16T20:11:57+08:00 ] 103.95.95.36 /wx/Index/SendMsg
INFO: [ app_init ] --START--
INFO: Run Behavior\BuildLiteBehavior [ RunTime:0.000010s ]
INFO: [ app_init ] --END-- [ RunTime:0.000068s ]
INFO: [ app_begin ] --START--
INFO: Run Behavior\ReadHtmlCacheBehavior [ RunTime:0.000031s ]
INFO: [ app_begin ] --END-- [ RunTime:0.000057s ]
NOTIC: [2] curl_close() expects exactly 1 parameter, 0 given /data/wwwroot/default/wx/wx/Home/Controller/IndexController.class.php 第 164 行.
INFO: [ app_end ] --START--
INFO: Run Behavior\ShowPageTraceBehavior [ RunTime:0.000070s ]
INFO: [ app_end ] --END-- [ RunTime:0.000132s ]

[ 2017-09-16T20:19:51+08:00 ] 103.95.95.36 /wx/Index/SendMsg
INFO: [ app_init ] --START--
INFO: Run Behavior\BuildLiteBehavior [ RunTime:0.000010s ]
INFO: [ app_init ] --END-- [ RunTime:0.000073s ]
INFO: [ app_begin ] --START--
INFO: Run Behavior\ReadHtmlCacheBehavior [ RunTime:0.000034s ]
INFO: [ app_begin ] --END-- [ RunTime:0.000060s ]

[ 2017-09-16T20:20:22+08:00 ] 103.95.95.36 /wx/Index/SendMsg
INFO: [ app_init ] --START--
INFO: Run Behavior\BuildLiteBehavior [ RunTime:0.000011s ]
INFO: [ app_init ] --END-- [ RunTime:0.000067s ]
INFO: [ app_begin ] --START--
INFO: Run Behavior\ReadHtmlCacheBehavior [ RunTime:0.000030s ]
INFO: [ app_begin ] --END-- [ RunTime:0.000055s ]
NOTIC: [2] curl_close() expects exactly 1 parameter, 0 given /data/wwwroot/default/wx/wx/Home/Controller/IndexController.class.php 第 164 行.
INFO: [ app_end ] --START--
INFO: Run Behavior\ShowPageTraceBehavior [ RunTime:0.000074s ]
INFO: [ app_end ] --END-- [ RunTime:0.000138s ]

[ 2017-09-16T20:29:42+08:00 ] 103.95.95.36 /wx/Index/SendMsgAll
INFO: [ app_init ] --START--
INFO: Run Behavior\BuildLiteBehavior [ RunTime:0.000011s ]
INFO: [ app_init ] --END-- [ RunTime:0.000074s ]
INFO: [ app_begin ] --START--
INFO: Run Behavior\ReadHtmlCacheBehavior [ RunTime:0.000052s ]
INFO: [ app_begin ] --END-- [ RunTime:0.000076s ]

[ 2017-09-16T20:29:58+08:00 ] 103.95.95.36 /wx/Index/SendMsgAll
INFO: [ app_init ] --START--
INFO: Run Behavior\BuildLiteBehavior [ RunTime:0.000012s ]
INFO: [ app_init ] --END-- [ RunTime:0.000074s ]
INFO: [ app_begin ] --START--
INFO: Run Behavior\ReadHtmlCacheBehavior [ RunTime:0.000030s ]
INFO: [ app_begin ] --END-- [ RunTime:0.000057s ]
NOTIC: [2] curl_close() expects exactly 1 parameter, 0 given /data/wwwroot/default/wx/wx/Home/Controller/IndexController.class.php 第 164 行.
INFO: [ app_end ] --START--
INFO: Run Behavior\ShowPageTraceBehavior [ RunTime:0.000086s ]
INFO: [ app_end ] --END-- [ RunTime:0.000171s ]

[ 2017-09-16T20:31:01+08:00 ] 103.95.95.36 /wx/Index/SendMsgAll
INFO: [ app_init ] --START--
INFO: Run Behavior\BuildLiteBehavior [ RunTime:0.000010s ]
INFO: [ app_init ] --END-- [ RunTime:0.000070s ]
INFO: [ app_begin ] --START--
INFO: Run Behavior\ReadHtmlCacheBehavior [ RunTime:0.000031s ]
INFO: [ app_begin ] --END-- [ RunTime:0.000054s ]
NOTIC: [2] curl_close() expects exactly 1 parameter, 0 given /data/wwwroot/default/wx/wx/Home/Controller/IndexController.class.php 第 164 行.
INFO: [ app_end ] --START--
INFO: Run Behavior\ShowPageTraceBehavior [ RunTime:0.000075s ]
INFO: [ app_end ] --END-- [ RunTime:0.000149s ]

[ 2017-09-16T20:31:02+08:00 ] 140.207.54.80 /wx/Index/index?signature=d29d9c2ca1338e944ed07f8e720e32ddc5223947&timestamp=1505565061&nonce=1917583488&openid=of6qAv2LDG2tY1ORet1dGqHvo1rw
INFO: [ app_init ] --START--
INFO: Run Behavior\BuildLiteBehavior [ RunTime:0.000011s ]
INFO: [ app_init ] --END-- [ RunTime:0.000069s ]
INFO: [ app_begin ] --START--
INFO: Run Behavior\ReadHtmlCacheBehavior [ RunTime:0.000047s ]
INFO: [ app_begin ] --END-- [ RunTime:0.000073s ]
NOTIC: [8] Undefined index: echostr /data/wwwroot/default/wx/wx/Home/Controller/IndexController.class.php 第 12 行.
NOTIC: [2] curl_close() expects exactly 1 parameter, 0 given /data/wwwroot/default/wx/wx/Home/Controller/IndexController.class.php 第 89 行.
NOTIC: [8] Undefined index: results /data/wwwroot/default/wx/wx/Home/Controller/IndexController.class.php 第 93 行.
NOTIC: [8] Undefined index: results /data/wwwroot/default/wx/wx/Home/Controller/IndexController.class.php 第 93 行.
NOTIC: [8] Undefined index: results /data/wwwroot/default/wx/wx/Home/Controller/IndexController.class.php 第 93 行.
INFO: [ app_end ] --START--
INFO: Run Behavior\ShowPageTraceBehavior [ RunTime:0.000050s ]
INFO: [ app_end ] --END-- [ RunTime:0.000093s ]

[ 2017-09-16T20:31:59+08:00 ] 103.95.95.36 /wx/Index/SendMsgAll
INFO: [ app_init ] --START--
INFO: Run Behavior\BuildLiteBehavior [ RunTime:0.000010s ]
INFO: [ app_init ] --END-- [ RunTime:0.000067s ]
INFO: [ app_begin ] --START--
INFO: Run Behavior\ReadHtmlCacheBehavior [ RunTime:0.000028s ]
INFO: [ app_begin ] --END-- [ RunTime:0.000054s ]
NOTIC: [2] curl_close() expects exactly 1 parameter, 0 given /data/wwwroot/default/wx/wx/Home/Controller/IndexController.class.php 第 164 行.
INFO: [ app_end ] --START--
INFO: Run Behavior\ShowPageTraceBehavior [ RunTime:0.000078s ]
INFO: [ app_end ] --END-- [ RunTime:0.000141s ]

[ 2017-09-16T20:33:33+08:00 ] 103.95.95.36 /wx/Index/SendMsgAll
INFO: [ app_init ] --START--
INFO: Run Behavior\BuildLiteBehavior [ RunTime:0.000010s ]
INFO: [ app_init ] --END-- [ RunTime:0.000067s ]
INFO: [ app_begin ] --START--
INFO: Run Behavior\ReadHtmlCacheBehavior [ RunTime:0.000030s ]
INFO: [ app_begin ] --END-- [ RunTime:0.000052s ]
NOTIC: [2] curl_close() expects exactly 1 parameter, 0 given /data/wwwroot/default/wx/wx/Home/Controller/IndexController.class.php 第 164 行.
INFO: [ app_end ] --START--
INFO: Run Behavior\ShowPageTraceBehavior [ RunTime:0.000069s ]
INFO: [ app_end ] --END-- [ RunTime:0.000131s ]

[ 2017-09-16T20:33:35+08:00 ] 140.207.54.79 /wx/Index/index?signature=74cf57de71374e40f0ebcdce18632689f8e52062&timestamp=1505565215&nonce=929838101&openid=of6qAv2LDG2tY1ORet1dGqHvo1rw
INFO: [ app_init ] --START--
INFO: Run Behavior\BuildLiteBehavior [ RunTime:0.000010s ]
INFO: [ app_init ] --END-- [ RunTime:0.000066s ]
INFO: [ app_begin ] --START--
INFO: Run Behavior\ReadHtmlCacheBehavior [ RunTime:0.000042s ]
INFO: [ app_begin ] --END-- [ RunTime:0.000067s ]
NOTIC: [8] Undefined index: echostr /data/wwwroot/default/wx/wx/Home/Controller/IndexController.class.php 第 12 行.
NOTIC: [2] curl_close() expects exactly 1 parameter, 0 given /data/wwwroot/default/wx/wx/Home/Controller/IndexController.class.php 第 89 行.
NOTIC: [8] Undefined index: results /data/wwwroot/default/wx/wx/Home/Controller/IndexController.class.php 第 93 行.
NOTIC: [8] Undefined index: results /data/wwwroot/default/wx/wx/Home/Controller/IndexController.class.php 第 93 行.
NOTIC: [8] Undefined index: results /data/wwwroot/default/wx/wx/Home/Controller/IndexController.class.php 第 93 行.
INFO: [ app_end ] --START--
INFO: Run Behavior\ShowPageTraceBehavior [ RunTime:0.000061s ]
INFO: [ app_end ] --END-- [ RunTime:0.000108s ]

[ 2017-09-16T21:20:28+08:00 ] 140.207.54.79 /wx/Index/index?signature=b5fd24965a8d2ea075d3348c72fc09d70daf5874&timestamp=1505568027&nonce=1109933429&openid=of6qAvykb73uV2g4iD-W700KRXQ4
INFO: [ app_init ] --START--
INFO: Run Behavior\BuildLiteBehavior [ RunTime:0.000011s ]
INFO: [ app_init ] --END-- [ RunTime:0.000079s ]
INFO: [ app_begin ] --START--
INFO: Run Behavior\ReadHtmlCacheBehavior [ RunTime:0.000030s ]
INFO: [ app_begin ] --END-- [ RunTime:0.000053s ]
NOTIC: [8] Undefined index: echostr /data/wwwroot/default/wx/wx/Home/Controller/IndexController.class.php 第 12 行.
NOTIC: [2] curl_close() expects exactly 1 parameter, 0 given /data/wwwroot/default/wx/wx/Home/Controller/IndexController.class.php 第 89 行.
NOTIC: [8] Undefined index: results /data/wwwroot/default/wx/wx/Home/Controller/IndexController.class.php 第 93 行.
NOTIC: [8] Undefined index: results /data/wwwroot/default/wx/wx/Home/Controller/IndexController.class.php 第 93 行.
NOTIC: [8] Undefined index: results /data/wwwroot/default/wx/wx/Home/Controller/IndexController.class.php 第 93 行.
INFO: [ app_end ] --START--
INFO: Run Behavior\ShowPageTraceBehavior [ RunTime:0.000039s ]
INFO: [ app_end ] --END-- [ RunTime:0.000078s ]

[ 2017-09-16T22:16:30+08:00 ] 140.207.54.79 /wx/Index/index?signature=c81b8e458ae16f0cf1a29a03e50a82cf6cf2b448&timestamp=1505571386&nonce=108412407&openid=of6qAvykb73uV2g4iD-W700KRXQ4
INFO: [ app_init ] --START--
INFO: Run Behavior\BuildLiteBehavior [ RunTime:0.000010s ]
INFO: [ app_init ] --END-- [ RunTime:0.000070s ]
INFO: [ app_begin ] --START--
INFO: Run Behavior\ReadHtmlCacheBehavior [ RunTime:0.000029s ]
INFO: [ app_begin ] --END-- [ RunTime:0.000053s ]
NOTIC: [8] Undefined index: echostr /data/wwwroot/default/wx/wx/Home/Controller/IndexController.class.php 第 12 行.
NOTIC: [2] curl_close() expects exactly 1 parameter, 0 given /data/wwwroot/default/wx/wx/Home/Controller/IndexController.class.php 第 89 行.
NOTIC: [8] Undefined index: results /data/wwwroot/default/wx/wx/Home/Controller/IndexController.class.php 第 93 行.
NOTIC: [8] Undefined index: results /data/wwwroot/default/wx/wx/Home/Controller/IndexController.class.php 第 93 行.
NOTIC: [8] Undefined index: results /data/wwwroot/default/wx/wx/Home/Controller/IndexController.class.php 第 93 行.
INFO: [ app_end ] --START--
INFO: Run Behavior\ShowPageTraceBehavior [ RunTime:0.000039s ]
INFO: [ app_end ] --END-- [ RunTime:0.000080s ]

[ 2017-09-16T22:19:45+08:00 ] 103.95.95.36 /wx/Index/SendMsgAll
INFO: [ app_init ] --START--
INFO: Run Behavior\BuildLiteBehavior [ RunTime:0.000011s ]
INFO: [ app_init ] --END-- [ RunTime:0.000068s ]
INFO: [ app_begin ] --START--
INFO: Run Behavior\ReadHtmlCacheBehavior [ RunTime:0.000033s ]
INFO: [ app_begin ] --END-- [ RunTime:0.000059s ]
NOTIC: [2] curl_close() expects exactly 1 parameter, 0 given /data/wwwroot/default/wx/wx/Home/Controller/IndexController.class.php 第 164 行.
INFO: [ app_end ] --START--
INFO: Run Behavior\ShowPageTraceBehavior [ RunTime:0.000075s ]
INFO: [ app_end ] --END-- [ RunTime:0.000136s ]

[ 2017-09-16T22:19:47+08:00 ] 140.207.54.79 /wx/Index/index?signature=0f957c1add539c295ca04cc0a87de3e3c91ddb1c&timestamp=1505571586&nonce=1464359345&openid=of6qAv2LDG2tY1ORet1dGqHvo1rw
INFO: [ app_init ] --START--
INFO: Run Behavior\BuildLiteBehavior [ RunTime:0.000010s ]
INFO: [ app_init ] --END-- [ RunTime:0.000062s ]
INFO: [ app_begin ] --START--
INFO: Run Behavior\ReadHtmlCacheBehavior [ RunTime:0.000024s ]
INFO: [ app_begin ] --END-- [ RunTime:0.000047s ]
NOTIC: [8] Undefined index: echostr /data/wwwroot/default/wx/wx/Home/Controller/IndexController.class.php 第 12 行.
NOTIC: [2] curl_close() expects exactly 1 parameter, 0 given /data/wwwroot/default/wx/wx/Home/Controller/IndexController.class.php 第 89 行.
NOTIC: [8] Undefined index: results /data/wwwroot/default/wx/wx/Home/Controller/IndexController.class.php 第 93 行.
NOTIC: [8] Undefined index: results /data/wwwroot/default/wx/wx/Home/Controller/IndexController.class.php 第 93 行.
NOTIC: [8] Undefined index: results /data/wwwroot/default/wx/wx/Home/Controller/IndexController.class.php 第 93 行.
INFO: [ app_end ] --START--
INFO: Run Behavior\ShowPageTraceBehavior [ RunTime:0.000038s ]
INFO: [ app_end ] --END-- [ RunTime:0.000084s ]

[ 2017-09-16T22:23:15+08:00 ] 103.95.95.36 /wx/Index/SendMsgAll
INFO: [ app_init ] --START--
INFO: Run Behavior\BuildLiteBehavior [ RunTime:0.000011s ]
INFO: [ app_init ] --END-- [ RunTime:0.000069s ]
INFO: [ app_begin ] --START--
INFO: Run Behavior\ReadHtmlCacheBehavior [ RunTime:0.000032s ]
INFO: [ app_begin ] --END-- [ RunTime:0.000064s ]
NOTIC: [2] curl_close() expects exactly 1 parameter, 0 given /data/wwwroot/default/wx/wx/Home/Controller/IndexController.class.php 第 164 行.
INFO: [ app_end ] --START--
INFO: Run Behavior\ShowPageTraceBehavior [ RunTime:0.000072s ]
INFO: [ app_end ] --END-- [ RunTime:0.000134s ]

[ 2017-09-16T22:23:17+08:00 ] 140.207.54.79 /wx/Index/index?signature=12c5c7a0f50b69e3365c3c262cf0f5c5ada2429c&timestamp=1505571797&nonce=1296077165&openid=of6qAv2LDG2tY1ORet1dGqHvo1rw
INFO: [ app_init ] --START--
INFO: Run Behavior\BuildLiteBehavior [ RunTime:0.000011s ]
INFO: [ app_init ] --END-- [ RunTime:0.000066s ]
INFO: [ app_begin ] --START--
INFO: Run Behavior\ReadHtmlCacheBehavior [ RunTime:0.000026s ]
INFO: [ app_begin ] --END-- [ RunTime:0.000051s ]
NOTIC: [8] Undefined index: echostr /data/wwwroot/default/wx/wx/Home/Controller/IndexController.class.php 第 12 行.
NOTIC: [2] curl_close() expects exactly 1 parameter, 0 given /data/wwwroot/default/wx/wx/Home/Controller/IndexController.class.php 第 89 行.
NOTIC: [8] Undefined index: results /data/wwwroot/default/wx/wx/Home/Controller/IndexController.class.php 第 93 行.
NOTIC: [8] Undefined index: results /data/wwwroot/default/wx/wx/Home/Controller/IndexController.class.php 第 93 行.
NOTIC: [8] Undefined index: results /data/wwwroot/default/wx/wx/Home/Controller/IndexController.class.php 第 93 行.
INFO: [ app_end ] --START--
INFO: Run Behavior\ShowPageTraceBehavior [ RunTime:0.000035s ]
INFO: [ app_end ] --END-- [ RunTime:0.000076s ]

[ 2017-09-16T22:23:34+08:00 ] 103.95.95.36 /wx/Index/SendMsgAll
INFO: [ app_init ] --START--
INFO: Run Behavior\BuildLiteBehavior [ RunTime:0.000010s ]
INFO: [ app_init ] --END-- [ RunTime:0.000062s ]
INFO: [ app_begin ] --START--
INFO: Run Behavior\ReadHtmlCacheBehavior [ RunTime:0.000027s ]
INFO: [ app_begin ] --END-- [ RunTime:0.000051s ]
NOTIC: [2] curl_close() expects exactly 1 parameter, 0 given /data/wwwroot/default/wx/wx/Home/Controller/IndexController.class.php 第 164 行.
INFO: [ app_end ] --START--
INFO: Run Behavior\ShowPageTraceBehavior [ RunTime:0.000063s ]
INFO: [ app_end ] --END-- [ RunTime:0.000126s ]

[ 2017-09-16T22:24:37+08:00 ] 140.207.54.80 /wx/Index/index?signature=2e3f1a01145e9c0824bfeb746247febb87a7d7ce&timestamp=1505571877&nonce=825770615&openid=of6qAv4i_LMXgnKQYjRMsp4mzgqg
INFO: [ app_init ] --START--
INFO: Run Behavior\BuildLiteBehavior [ RunTime:0.000010s ]
INFO: [ app_init ] --END-- [ RunTime:0.000070s ]
INFO: [ app_begin ] --START--
INFO: Run Behavior\ReadHtmlCacheBehavior [ RunTime:0.000029s ]
INFO: [ app_begin ] --END-- [ RunTime:0.000053s ]
NOTIC: [8] Undefined index: echostr /data/wwwroot/default/wx/wx/Home/Controller/IndexController.class.php 第 12 行.
NOTIC: [2] curl_close() expects exactly 1 parameter, 0 given /data/wwwroot/default/wx/wx/Home/Controller/IndexController.class.php 第 89 行.
NOTIC: [8] Undefined index: results /data/wwwroot/default/wx/wx/Home/Controller/IndexController.class.php 第 93 行.
NOTIC: [8] Undefined index: results /data/wwwroot/default/wx/wx/Home/Controller/IndexController.class.php 第 93 行.
NOTIC: [8] Undefined index: results /data/wwwroot/default/wx/wx/Home/Controller/IndexController.class.php 第 93 行.
INFO: [ app_end ] --START--
INFO: Run Behavior\ShowPageTraceBehavior [ RunTime:0.000068s ]
INFO: [ app_end ] --END-- [ RunTime:0.000110s ]

[ 2017-09-16T22:24:50+08:00 ] 140.207.54.80 /wx/Index/index?signature=6fe4ed3943f564b7ffc22ca2095a834ad1fa5666&timestamp=1505571890&nonce=1623021944&openid=of6qAv4i_LMXgnKQYjRMsp4mzgqg
INFO: [ app_init ] --START--
INFO: Run Behavior\BuildLiteBehavior [ RunTime:0.000011s ]
INFO: [ app_init ] --END-- [ RunTime:0.000060s ]
INFO: [ app_begin ] --START--
INFO: Run Behavior\ReadHtmlCacheBehavior [ RunTime:0.000024s ]
INFO: [ app_begin ] --END-- [ RunTime:0.000046s ]
NOTIC: [8] Undefined index: echostr /data/wwwroot/default/wx/wx/Home/Controller/IndexController.class.php 第 12 行.
INFO: [ app_end ] --START--
INFO: Run Behavior\ShowPageTraceBehavior [ RunTime:0.000022s ]
INFO: [ app_end ] --END-- [ RunTime:0.000053s ]

[ 2017-09-16T22:25:14+08:00 ] 103.95.95.36 /wx/Index/SendMsgAll
INFO: [ app_init ] --START--
INFO: Run Behavior\BuildLiteBehavior [ RunTime:0.000010s ]
INFO: [ app_init ] --END-- [ RunTime:0.000063s ]
INFO: [ app_begin ] --START--
INFO: Run Behavior\ReadHtmlCacheBehavior [ RunTime:0.000027s ]
INFO: [ app_begin ] --END-- [ RunTime:0.000049s ]
NOTIC: [2] curl_close() expects exactly 1 parameter, 0 given /data/wwwroot/default/wx/wx/Home/Controller/IndexController.class.php 第 164 行.
INFO: [ app_end ] --START--
INFO: Run Behavior\ShowPageTraceBehavior [ RunTime:0.000078s ]
INFO: [ app_end ] --END-- [ RunTime:0.000141s ]

[ 2017-09-16T22:25:58+08:00 ] 103.95.95.36 /wx/Index/SendMsgAll
INFO: [ app_init ] --START--
INFO: Run Behavior\BuildLiteBehavior [ RunTime:0.000011s ]
INFO: [ app_init ] --END-- [ RunTime:0.000075s ]
INFO: [ app_begin ] --START--
INFO: Run Behavior\ReadHtmlCacheBehavior [ RunTime:0.000031s ]
INFO: [ app_begin ] --END-- [ RunTime:0.000054s ]
NOTIC: [2] curl_close() expects exactly 1 parameter, 0 given /data/wwwroot/default/wx/wx/Home/Controller/IndexController.class.php 第 164 行.
INFO: [ app_end ] --START--
INFO: Run Behavior\ShowPageTraceBehavior [ RunTime:0.000078s ]
INFO: [ app_end ] --END-- [ RunTime:0.000143s ]

[ 2017-09-16T22:26:00+08:00 ] 140.207.54.80 /wx/Index/index?signature=4c58686d84144349499a80951959e540e8dd80e7&timestamp=1505571959&nonce=358962074&openid=of6qAv2LDG2tY1ORet1dGqHvo1rw
INFO: [ app_init ] --START--
INFO: Run Behavior\BuildLiteBehavior [ RunTime:0.000011s ]
INFO: [ app_init ] --END-- [ RunTime:0.000067s ]
INFO: [ app_begin ] --START--
INFO: Run Behavior\ReadHtmlCacheBehavior [ RunTime:0.000027s ]
INFO: [ app_begin ] --END-- [ RunTime:0.000053s ]
NOTIC: [8] Undefined index: echostr /data/wwwroot/default/wx/wx/Home/Controller/IndexController.class.php 第 12 行.
NOTIC: [2] curl_close() expects exactly 1 parameter, 0 given /data/wwwroot/default/wx/wx/Home/Controller/IndexController.class.php 第 89 行.
NOTIC: [8] Undefined index: results /data/wwwroot/default/wx/wx/Home/Controller/IndexController.class.php 第 93 行.
NOTIC: [8] Undefined index: results /data/wwwroot/default/wx/wx/Home/Controller/IndexController.class.php 第 93 行.
NOTIC: [8] Undefined index: results /data/wwwroot/default/wx/wx/Home/Controller/IndexController.class.php 第 93 行.
INFO: [ app_end ] --START--
INFO: Run Behavior\ShowPageTraceBehavior [ RunTime:0.000038s ]
INFO: [ app_end ] --END-- [ RunTime:0.000084s ]

[ 2017-09-16T22:29:35+08:00 ] 103.95.95.36 /wx/Index/SendMsgAll
INFO: [ app_init ] --START--
INFO: Run Behavior\BuildLiteBehavior [ RunTime:0.000011s ]
INFO: [ app_init ] --END-- [ RunTime:0.000084s ]
INFO: [ app_begin ] --START--
INFO: Run Behavior\ReadHtmlCacheBehavior [ RunTime:0.000038s ]
INFO: [ app_begin ] --END-- [ RunTime:0.000063s ]
NOTIC: [2] curl_close() expects exactly 1 parameter, 0 given /data/wwwroot/default/wx/wx/Home/Controller/IndexController.class.php 第 164 行.
INFO: [ app_end ] --START--
INFO: Run Behavior\ShowPageTraceBehavior [ RunTime:0.000078s ]
INFO: [ app_end ] --END-- [ RunTime:0.000159s ]

[ 2017-09-16T22:29:37+08:00 ] 140.207.54.79 /wx/Index/index?signature=47c2a58621009212b5830699498e67ff64b5d81d&timestamp=1505572177&nonce=2050681661&openid=of6qAv2LDG2tY1ORet1dGqHvo1rw
INFO: [ app_init ] --START--
INFO: Run Behavior\BuildLiteBehavior [ RunTime:0.000010s ]
INFO: [ app_init ] --END-- [ RunTime:0.000061s ]
INFO: [ app_begin ] --START--
INFO: Run Behavior\ReadHtmlCacheBehavior [ RunTime:0.000023s ]
INFO: [ app_begin ] --END-- [ RunTime:0.000046s ]
NOTIC: [8] Undefined index: echostr /data/wwwroot/default/wx/wx/Home/Controller/IndexController.class.php 第 12 行.
NOTIC: [2] curl_close() expects exactly 1 parameter, 0 given /data/wwwroot/default/wx/wx/Home/Controller/IndexController.class.php 第 89 行.
NOTIC: [8] Undefined index: results /data/wwwroot/default/wx/wx/Home/Controller/IndexController.class.php 第 93 行.
NOTIC: [8] Undefined index: results /data/wwwroot/default/wx/wx/Home/Controller/IndexController.class.php 第 93 行.
NOTIC: [8] Undefined index: results /data/wwwroot/default/wx/wx/Home/Controller/IndexController.class.php 第 93 行.
INFO: [ app_end ] --START--
INFO: Run Behavior\ShowPageTraceBehavior [ RunTime:0.000035s ]
INFO: [ app_end ] --END-- [ RunTime:0.000079s ]

[ 2017-09-16T22:32:53+08:00 ] 103.95.95.36 /wx/Index/SendMsgAll
INFO: [ app_init ] --START--
INFO: Run Behavior\BuildLiteBehavior [ RunTime:0.000010s ]
INFO: [ app_init ] --END-- [ RunTime:0.000070s ]
INFO: [ app_begin ] --START--
INFO: Run Behavior\ReadHtmlCacheBehavior [ RunTime:0.000030s ]
INFO: [ app_begin ] --END-- [ RunTime:0.000052s ]

[ 2017-09-16T22:33:04+08:00 ] 103.95.95.36 /wx/Index/SendMsgAll
INFO: [ app_init ] --START--
INFO: Run Behavior\BuildLiteBehavior [ RunTime:0.000009s ]
INFO: [ app_init ] --END-- [ RunTime:0.000063s ]
INFO: [ app_begin ] --START--
INFO: Run Behavior\ReadHtmlCacheBehavior [ RunTime:0.000025s ]
INFO: [ app_begin ] --END-- [ RunTime:0.000048s ]

[ 2017-09-16T22:33:06+08:00 ] 103.95.95.36 /wx/Index/SendMsgAll
INFO: [ app_init ] --START--
INFO: Run Behavior\BuildLiteBehavior [ RunTime:0.000010s ]
INFO: [ app_init ] --END-- [ RunTime:0.000068s ]
INFO: [ app_begin ] --START--
INFO: Run Behavior\ReadHtmlCacheBehavior [ RunTime:0.000028s ]
INFO: [ app_begin ] --END-- [ RunTime:0.000054s ]

[ 2017-09-16T22:36:39+08:00 ] 103.95.95.36 /wx/Index/SendAllMsg
INFO: [ app_init ] --START--
INFO: Run Behavior\BuildLiteBehavior [ RunTime:0.000010s ]
INFO: [ app_init ] --END-- [ RunTime:0.000080s ]
INFO: [ app_begin ] --START--
INFO: Run Behavior\ReadHtmlCacheBehavior [ RunTime:0.000030s ]
INFO: [ app_begin ] --END-- [ RunTime:0.000064s ]
ERR: 非法操作:SendAllMsg

[ 2017-09-16T22:36:59+08:00 ] 103.95.95.36 /wx/Index/SendMsgAll
INFO: [ app_init ] --START--
INFO: Run Behavior\BuildLiteBehavior [ RunTime:0.000010s ]
INFO: [ app_init ] --END-- [ RunTime:0.000064s ]
INFO: [ app_begin ] --START--
INFO: Run Behavior\ReadHtmlCacheBehavior [ RunTime:0.000026s ]
INFO: [ app_begin ] --END-- [ RunTime:0.000051s ]
NOTIC: [2] curl_close() expects exactly 1 parameter, 0 given /data/wwwroot/default/wx/wx/Home/Controller/IndexController.class.php 第 164 行.

[ 2017-09-16T22:37:14+08:00 ] 103.95.95.36 /wx/Index/SendMsgAll
INFO: [ app_init ] --START--
INFO: Run Behavior\BuildLiteBehavior [ RunTime:0.000010s ]
INFO: [ app_init ] --END-- [ RunTime:0.000062s ]
INFO: [ app_begin ] --START--
INFO: Run Behavior\ReadHtmlCacheBehavior [ RunTime:0.000026s ]
INFO: [ app_begin ] --END-- [ RunTime:0.000049s ]
NOTIC: [2] curl_close() expects exactly 1 parameter, 0 given /data/wwwroot/default/wx/wx/Home/Controller/IndexController.class.php 第 164 行.

[ 2017-09-16T22:37:16+08:00 ] 103.95.95.36 /wx/Index/SendMsgAll
INFO: [ app_init ] --START--
INFO: Run Behavior\BuildLiteBehavior [ RunTime:0.000010s ]
INFO: [ app_init ] --END-- [ RunTime:0.000062s ]
INFO: [ app_begin ] --START--
INFO: Run Behavior\ReadHtmlCacheBehavior [ RunTime:0.000026s ]
INFO: [ app_begin ] --END-- [ RunTime:0.000049s ]
NOTIC: [2] curl_close() expects exactly 1 parameter, 0 given /data/wwwroot/default/wx/wx/Home/Controller/IndexController.class.php 第 164 行.

[ 2017-09-16T22:37:36+08:00 ] 103.95.95.36 /wx/Index/SendAllMsg
INFO: [ app_init ] --START--
INFO: Run Behavior\BuildLiteBehavior [ RunTime:0.000012s ]
INFO: [ app_init ] --END-- [ RunTime:0.000068s ]
INFO: [ app_begin ] --START--
INFO: Run Behavior\ReadHtmlCacheBehavior [ RunTime:0.000030s ]
INFO: [ app_begin ] --END-- [ RunTime:0.000056s ]
ERR: 非法操作:SendAllMsg

[ 2017-09-16T22:37:47+08:00 ] 103.95.95.36 /wx/Index/SendMsgAll
INFO: [ app_init ] --START--
INFO: Run Behavior\BuildLiteBehavior [ RunTime:0.000010s ]
INFO: [ app_init ] --END-- [ RunTime:0.000071s ]
INFO: [ app_begin ] --START--
INFO: Run Behavior\ReadHtmlCacheBehavior [ RunTime:0.000042s ]
INFO: [ app_begin ] --END-- [ RunTime:0.000073s ]
NOTIC: [2] curl_close() expects exactly 1 parameter, 0 given /data/wwwroot/default/wx/wx/Home/Controller/IndexController.class.php 第 164 行.

[ 2017-09-16T22:40:14+08:00 ] 103.95.95.36 /wx/Index/SendMsgAll
INFO: [ app_init ] --START--
INFO: Run Behavior\BuildLiteBehavior [ RunTime:0.000011s ]
INFO: [ app_init ] --END-- [ RunTime:0.000077s ]
INFO: [ app_begin ] --START--
INFO: Run Behavior\ReadHtmlCacheBehavior [ RunTime:0.000035s ]
INFO: [ app_begin ] --END-- [ RunTime:0.000061s ]
NOTIC: [2] curl_close() expects exactly 1 parameter, 0 given /data/wwwroot/default/wx/wx/Home/Controller/IndexController.class.php 第 164 行.
INFO: [ app_end ] --START--
INFO: Run Behavior\ShowPageTraceBehavior [ RunTime:0.000073s ]
INFO: [ app_end ] --END-- [ RunTime:0.000134s ]

[ 2017-09-16T22:40:16+08:00 ] 140.207.54.80 /wx/Index/index?signature=d86bc1611087da178d6f5605a9dc5d8da6d7ddaa&timestamp=1505572815&nonce=1097880291&openid=of6qAv2LDG2tY1ORet1dGqHvo1rw
INFO: [ app_init ] --START--
INFO: Run Behavior\BuildLiteBehavior [ RunTime:0.000010s ]
INFO: [ app_init ] --END-- [ RunTime:0.000062s ]
INFO: [ app_begin ] --START--
INFO: Run Behavior\ReadHtmlCacheBehavior [ RunTime:0.000024s ]
INFO: [ app_begin ] --END-- [ RunTime:0.000048s ]
NOTIC: [8] Undefined index: echostr /data/wwwroot/default/wx/wx/Home/Controller/IndexController.class.php 第 12 行.
NOTIC: [2] curl_close() expects exactly 1 parameter, 0 given /data/wwwroot/default/wx/wx/Home/Controller/IndexController.class.php 第 89 行.
NOTIC: [8] Undefined index: results /data/wwwroot/default/wx/wx/Home/Controller/IndexController.class.php 第 93 行.
NOTIC: [8] Undefined index: results /data/wwwroot/default/wx/wx/Home/Controller/IndexController.class.php 第 93 行.
NOTIC: [8] Undefined index: results /data/wwwroot/default/wx/wx/Home/Controller/IndexController.class.php 第 93 行.
INFO: [ app_end ] --START--
INFO: Run Behavior\ShowPageTraceBehavior [ RunTime:0.000036s ]
INFO: [ app_end ] --END-- [ RunTime:0.000088s ]

[ 2017-09-16T23:02:45+08:00 ] 103.95.95.36 /wx/Index/getToken
INFO: [ app_init ] --START--
INFO: Run Behavior\BuildLiteBehavior [ RunTime:0.000010s ]
INFO: [ app_init ] --END-- [ RunTime:0.000072s ]
INFO: [ app_begin ] --START--
INFO: Run Behavior\ReadHtmlCacheBehavior [ RunTime:0.000034s ]
INFO: [ app_begin ] --END-- [ RunTime:0.000060s ]

[ 2017-09-16T23:03:00+08:00 ] 103.95.95.36 /wx/Index/getToken
INFO: [ app_init ] --START--
INFO: Run Behavior\BuildLiteBehavior [ RunTime:0.000017s ]
INFO: [ app_init ] --END-- [ RunTime:0.000070s ]
INFO: [ app_begin ] --START--
INFO: Run Behavior\ReadHtmlCacheBehavior [ RunTime:0.000027s ]
INFO: [ app_begin ] --END-- [ RunTime:0.000052s ]

[ 2017-09-16T23:03:01+08:00 ] 103.95.95.36 /wx/Index/getToken
INFO: [ app_init ] --START--
INFO: Run Behavior\BuildLiteBehavior [ RunTime:0.000009s ]
INFO: [ app_init ] --END-- [ RunTime:0.000062s ]
INFO: [ app_begin ] --START--
INFO: Run Behavior\ReadHtmlCacheBehavior [ RunTime:0.000027s ]
INFO: [ app_begin ] --END-- [ RunTime:0.000050s ]

[ 2017-09-16T23:03:22+08:00 ] 103.95.95.36 /wx/Index/getToken
INFO: [ app_init ] --START--
INFO: Run Behavior\BuildLiteBehavior [ RunTime:0.000009s ]
INFO: [ app_init ] --END-- [ RunTime:0.000062s ]
INFO: [ app_begin ] --START--
INFO: Run Behavior\ReadHtmlCacheBehavior [ RunTime:0.000039s ]
INFO: [ app_begin ] --END-- [ RunTime:0.000066s ]
NOTIC: [2] http_build_query(): Parameter 1 expected to be Array or Object.  Incorrect value given /data/wwwroot/default/wx/wx/Home/Controller/IndexController.class.php 第 132 行.
INFO: [ app_end ] --START--
INFO: Run Behavior\ShowPageTraceBehavior [ RunTime:0.000084s ]
INFO: [ app_end ] --END-- [ RunTime:0.000146s ]

[ 2017-09-16T23:04:18+08:00 ] 103.95.95.36 /wx/Index/getIp
INFO: [ app_init ] --START--
INFO: Run Behavior\BuildLiteBehavior [ RunTime:0.000010s ]
INFO: [ app_init ] --END-- [ RunTime:0.000073s ]
INFO: [ app_begin ] --START--
INFO: Run Behavior\ReadHtmlCacheBehavior [ RunTime:0.000033s ]
INFO: [ app_begin ] --END-- [ RunTime:0.000060s ]
NOTIC: [2] http_build_query(): Parameter 1 expected to be Array or Object.  Incorrect value given /data/wwwroot/default/wx/wx/Home/Controller/IndexController.class.php 第 132 行.
NOTIC: [2] curl_close() expects exactly 1 parameter, 0 given /data/wwwroot/default/wx/wx/Home/Controller/IndexController.class.php 第 189 行.
INFO: [ app_end ] --START--
INFO: Run Behavior\ShowPageTraceBehavior [ RunTime:0.000067s ]
INFO: [ app_end ] --END-- [ RunTime:0.000115s ]

[ 2017-09-16T23:04:37+08:00 ] 103.95.95.36 /wx/Index/getIp
INFO: [ app_init ] --START--
INFO: Run Behavior\BuildLiteBehavior [ RunTime:0.000009s ]
INFO: [ app_init ] --END-- [ RunTime:0.000062s ]
INFO: [ app_begin ] --START--
INFO: Run Behavior\ReadHtmlCacheBehavior [ RunTime:0.000030s ]
INFO: [ app_begin ] --END-- [ RunTime:0.000056s ]
NOTIC: [2] http_build_query(): Parameter 1 expected to be Array or Object.  Incorrect value given /data/wwwroot/default/wx/wx/Home/Controller/IndexController.class.php 第 132 行.
NOTIC: [2] http_build_query(): Parameter 1 expected to be Array or Object.  Incorrect value given /data/wwwroot/default/wx/wx/Home/Controller/IndexController.class.php 第 132 行.
INFO: [ app_end ] --START--
INFO: Run Behavior\ShowPageTraceBehavior [ RunTime:0.000092s ]
INFO: [ app_end ] --END-- [ RunTime:0.000154s ]

[ 2017-09-16T23:05:25+08:00 ] 103.95.95.36 /wx/Index/getUserOpenId
INFO: [ app_init ] --START--
INFO: Run Behavior\BuildLiteBehavior [ RunTime:0.000010s ]
INFO: [ app_init ] --END-- [ RunTime:0.000072s ]
INFO: [ app_begin ] --START--
INFO: Run Behavior\ReadHtmlCacheBehavior [ RunTime:0.000032s ]
INFO: [ app_begin ] --END-- [ RunTime:0.000057s ]
NOTIC: [8] Undefined index: code /data/wwwroot/default/wx/wx/Home/Controller/IndexController.class.php 第 207 行.
NOTIC: [2] http_build_query(): Parameter 1 expected to be Array or Object.  Incorrect value given /data/wwwroot/default/wx/wx/Home/Controller/IndexController.class.php 第 132 行.
INFO: [ app_end ] --START--
INFO: Run Behavior\ShowPageTraceBehavior [ RunTime:0.000066s ]
INFO: [ app_end ] --END-- [ RunTime:0.000126s ]

[ 2017-09-16T23:07:07+08:00 ] 103.95.95.36 /wx/Index/getUserOpenId
INFO: [ app_init ] --START--
INFO: Run Behavior\BuildLiteBehavior [ RunTime:0.000010s ]
INFO: [ app_init ] --END-- [ RunTime:0.000072s ]
INFO: [ app_begin ] --START--
INFO: Run Behavior\ReadHtmlCacheBehavior [ RunTime:0.000031s ]
INFO: [ app_begin ] --END-- [ RunTime:0.000055s ]
NOTIC: [8] Undefined index: code /data/wwwroot/default/wx/wx/Home/Controller/IndexController.class.php 第 207 行.
NOTIC: [2] http_build_query(): Parameter 1 expected to be Array or Object.  Incorrect value given /data/wwwroot/default/wx/wx/Home/Controller/IndexController.class.php 第 132 行.
INFO: [ app_end ] --START--
INFO: Run Behavior\ShowPageTraceBehavior [ RunTime:0.000079s ]
INFO: [ app_end ] --END-- [ RunTime:0.000145s ]

[ 2017-09-16T23:07:09+08:00 ] 103.95.95.36 /wx/Index/getUserOpenId
INFO: [ app_init ] --START--
INFO: Run Behavior\BuildLiteBehavior [ RunTime:0.000009s ]
INFO: [ app_init ] --END-- [ RunTime:0.000075s ]
INFO: [ app_begin ] --START--
INFO: Run Behavior\ReadHtmlCacheBehavior [ RunTime:0.000028s ]
INFO: [ app_begin ] --END-- [ RunTime:0.000053s ]
NOTIC: [8] Undefined index: code /data/wwwroot/default/wx/wx/Home/Controller/IndexController.class.php 第 207 行.
NOTIC: [2] http_build_query(): Parameter 1 expected to be Array or Object.  Incorrect value given /data/wwwroot/default/wx/wx/Home/Controller/IndexController.class.php 第 132 行.
INFO: [ app_end ] --START--
INFO: Run Behavior\ShowPageTraceBehavior [ RunTime:0.000081s ]
INFO: [ app_end ] --END-- [ RunTime:0.000146s ]

[ 2017-09-16T23:09:13+08:00 ] 103.95.95.36 /wx/Index/getBaseInfo
INFO: [ app_init ] --START--
INFO: Run Behavior\BuildLiteBehavior [ RunTime:0.000010s ]
INFO: [ app_init ] --END-- [ RunTime:0.000069s ]
INFO: [ app_begin ] --START--
INFO: Run Behavior\ReadHtmlCacheBehavior [ RunTime:0.000037s ]
INFO: [ app_begin ] --END-- [ RunTime:0.000080s ]
INFO: [ app_end ] --START--
INFO: Run Behavior\ShowPageTraceBehavior [ RunTime:0.000029s ]
INFO: [ app_end ] --END-- [ RunTime:0.000052s ]

[ 2017-09-16T23:10:03+08:00 ] 123.151.42.50 /wx/Index/getBaseInfo
INFO: [ app_init ] --START--
INFO: Run Behavior\BuildLiteBehavior [ RunTime:0.000010s ]
INFO: [ app_init ] --END-- [ RunTime:0.000068s ]
INFO: [ app_begin ] --START--
INFO: Run Behavior\ReadHtmlCacheBehavior [ RunTime:0.000027s ]
INFO: [ app_begin ] --END-- [ RunTime:0.000053s ]
INFO: [ app_end ] --START--
INFO: Run Behavior\ShowPageTraceBehavior [ RunTime:0.000025s ]
INFO: [ app_end ] --END-- [ RunTime:0.000052s ]

[ 2017-09-16T23:10:04+08:00 ] 123.151.42.50 /wx/Index/getUserOpenId?code=021m2dXE1pUBt301rZVE103bXE1m2dXu&state=1
INFO: [ app_init ] --START--
INFO: Run Behavior\BuildLiteBehavior [ RunTime:0.000010s ]
INFO: [ app_init ] --END-- [ RunTime:0.000067s ]
INFO: [ app_begin ] --START--
INFO: Run Behavior\ReadHtmlCacheBehavior [ RunTime:0.000028s ]
INFO: [ app_begin ] --END-- [ RunTime:0.000054s ]
NOTIC: [2] http_build_query(): Parameter 1 expected to be Array or Object.  Incorrect value given /data/wwwroot/default/wx/wx/Home/Controller/IndexController.class.php 第 132 行.
INFO: [ app_end ] --START--
INFO: Run Behavior\ShowPageTraceBehavior [ RunTime:0.000067s ]
INFO: [ app_end ] --END-- [ RunTime:0.000128s ]

[ 2017-09-16T23:10:11+08:00 ] 117.185.27.114 /wx/Index/getBaseInfo
INFO: [ app_init ] --START--
INFO: Run Behavior\BuildLiteBehavior [ RunTime:0.000010s ]
INFO: [ app_init ] --END-- [ RunTime:0.000065s ]
INFO: [ app_begin ] --START--
INFO: Run Behavior\ReadHtmlCacheBehavior [ RunTime:0.000027s ]
INFO: [ app_begin ] --END-- [ RunTime:0.000051s ]
INFO: [ app_end ] --START--
INFO: Run Behavior\ShowPageTraceBehavior [ RunTime:0.000024s ]
INFO: [ app_end ] --END-- [ RunTime:0.000051s ]

[ 2017-09-16T23:10:26+08:00 ] 123.151.42.50 /wx/Index/getCode
INFO: [ app_init ] --START--
INFO: Run Behavior\BuildLiteBehavior [ RunTime:0.000010s ]
INFO: [ app_init ] --END-- [ RunTime:0.000073s ]
INFO: [ app_begin ] --START--
INFO: Run Behavior\ReadHtmlCacheBehavior [ RunTime:0.000034s ]
INFO: [ app_begin ] --END-- [ RunTime:0.000074s ]
INFO: [ app_end ] --START--
INFO: Run Behavior\ShowPageTraceBehavior [ RunTime:0.000031s ]
INFO: [ app_end ] --END-- [ RunTime:0.000058s ]

[ 2017-09-16T23:10:29+08:00 ] 125.39.57.38 /wx/Index/getUserInfo?code=001FlAf61jUooR1XZtc6135uf61FlAfz&state=1
INFO: [ app_init ] --START--
INFO: Run Behavior\BuildLiteBehavior [ RunTime:0.000010s ]
INFO: [ app_init ] --END-- [ RunTime:0.000065s ]
INFO: [ app_begin ] --START--
INFO: Run Behavior\ReadHtmlCacheBehavior [ RunTime:0.000037s ]
INFO: [ app_begin ] --END-- [ RunTime:0.000067s ]
NOTIC: [2] http_build_query(): Parameter 1 expected to be Array or Object.  Incorrect value given /data/wwwroot/default/wx/wx/Home/Controller/IndexController.class.php 第 132 行.
NOTIC: [2] http_build_query(): Parameter 1 expected to be Array or Object.  Incorrect value given /data/wwwroot/default/wx/wx/Home/Controller/IndexController.class.php 第 132 行.
INFO: [ view_parse ] --START--
INFO: [ template_filter ] --START--
INFO: Run Behavior\ContentReplaceBehavior [ RunTime:0.000027s ]
INFO: [ template_filter ] --END-- [ RunTime:0.000062s ]
INFO: Run Behavior\ParseTemplateBehavior [ RunTime:0.005281s ]
INFO: [ view_parse ] --END-- [ RunTime:0.005323s ]
INFO: [ view_filter ] --START--
INFO: Run Behavior\WriteHtmlCacheBehavior [ RunTime:0.000159s ]
INFO: [ view_filter ] --END-- [ RunTime:0.000182s ]
INFO: [ app_end ] --START--
INFO: Run Behavior\ShowPageTraceBehavior [ RunTime:0.000026s ]
INFO: [ app_end ] --END-- [ RunTime:0.000046s ]

[ 2017-09-16T23:10:36+08:00 ] 117.185.27.115 /wx/Index/getUserInfo
INFO: [ app_init ] --START--
INFO: Run Behavior\BuildLiteBehavior [ RunTime:0.000009s ]
INFO: [ app_init ] --END-- [ RunTime:0.000061s ]
INFO: [ app_begin ] --START--
INFO: Run Behavior\ReadHtmlCacheBehavior [ RunTime:0.000027s ]
INFO: [ app_begin ] --END-- [ RunTime:0.000050s ]
NOTIC: [8] Undefined index: code /data/wwwroot/default/wx/wx/Home/Controller/IndexController.class.php 第 228 行.
NOTIC: [2] http_build_query(): Parameter 1 expected to be Array or Object.  Incorrect value given /data/wwwroot/default/wx/wx/Home/Controller/IndexController.class.php 第 132 行.
NOTIC: [8] Undefined index: access_token /data/wwwroot/default/wx/wx/Home/Controller/IndexController.class.php 第 233 行.
NOTIC: [8] Undefined index: openid /data/wwwroot/default/wx/wx/Home/Controller/IndexController.class.php 第 234 行.
NOTIC: [2] http_build_query(): Parameter 1 expected to be Array or Object.  Incorrect value given /data/wwwroot/default/wx/wx/Home/Controller/IndexController.class.php 第 132 行.
INFO: [ view_parse ] --START--
INFO: [ template_filter ] --START--
INFO: Run Behavior\ContentReplaceBehavior [ RunTime:0.000032s ]
INFO: [ template_filter ] --END-- [ RunTime:0.000079s ]
NOTIC: [8] Undefined index: nickname /data/wwwroot/default/wx/wx/Runtime/Cache/Home/eea06d71df332b0618f676663204581e.php 第 8 行.
NOTIC: [8] Undefined index: sex /data/wwwroot/default/wx/wx/Runtime/Cache/Home/eea06d71df332b0618f676663204581e.php 第 10 行.
NOTIC: [8] Undefined index: city /data/wwwroot/default/wx/wx/Runtime/Cache/Home/eea06d71df332b0618f676663204581e.php 第 12 行.
INFO: Run Behavior\ParseTemplateBehavior [ RunTime:0.001535s ]
INFO: [ view_parse ] --END-- [ RunTime:0.001574s ]
INFO: [ view_filter ] --START--
INFO: Run Behavior\WriteHtmlCacheBehavior [ RunTime:0.000030s ]
INFO: [ view_filter ] --END-- [ RunTime:0.000047s ]
INFO: [ app_end ] --START--
INFO: Run Behavior\ShowPageTraceBehavior [ RunTime:0.000024s ]
INFO: [ app_end ] --END-- [ RunTime:0.000041s ]

[ 2017-09-16T23:13:21+08:00 ] 103.95.95.36 /wx/Index/getQrCode
INFO: [ app_init ] --START--
INFO: Run Behavior\BuildLiteBehavior [ RunTime:0.000010s ]
INFO: [ app_init ] --END-- [ RunTime:0.000085s ]
INFO: [ app_begin ] --START--
INFO: Run Behavior\ReadHtmlCacheBehavior [ RunTime:0.000034s ]
INFO: [ app_begin ] --END-- [ RunTime:0.000060s ]
NOTIC: [2] http_build_query(): Parameter 1 expected to be Array or Object.  Incorrect value given /data/wwwroot/default/wx/wx/Home/Controller/IndexController.class.php 第 132 行.
NOTIC: [8] Use of undefined constant post - assumed 'post' /data/wwwroot/default/wx/wx/Home/Controller/IndexController.class.php 第 259 行.
NOTIC: [8] Undefined variable: multi /data/wwwroot/default/wx/wx/Home/Controller/IndexController.class.php 第 136 行.
INFO: [ app_end ] --START--
INFO: Run Behavior\ShowPageTraceBehavior [ RunTime:0.000082s ]
INFO: [ app_end ] --END-- [ RunTime:0.000159s ]

[ 2017-09-16T23:13:49+08:00 ] 103.95.95.36 /wx/Index/getQrCode
INFO: [ app_init ] --START--
INFO: Run Behavior\BuildLiteBehavior [ RunTime:0.000008s ]
INFO: [ app_init ] --END-- [ RunTime:0.000059s ]
INFO: [ app_begin ] --START--
INFO: Run Behavior\ReadHtmlCacheBehavior [ RunTime:0.000026s ]
INFO: [ app_begin ] --END-- [ RunTime:0.000050s ]
NOTIC: [2] http_build_query(): Parameter 1 expected to be Array or Object.  Incorrect value given /data/wwwroot/default/wx/wx/Home/Controller/IndexController.class.php 第 132 行.
NOTIC: [8] Use of undefined constant post - assumed 'post' /data/wwwroot/default/wx/wx/Home/Controller/IndexController.class.php 第 259 行.
NOTIC: [8] Undefined variable: multi /data/wwwroot/default/wx/wx/Home/Controller/IndexController.class.php 第 136 行.
INFO: [ app_end ] --START--
INFO: Run Behavior\ShowPageTraceBehavior [ RunTime:0.000079s ]
INFO: [ app_end ] --END-- [ RunTime:0.000144s ]

[ 2017-09-16T23:14:33+08:00 ] 103.95.95.36 /wx/Index/getQrCode
INFO: [ app_init ] --START--
INFO: Run Behavior\BuildLiteBehavior [ RunTime:0.000009s ]
INFO: [ app_init ] --END-- [ RunTime:0.000062s ]
INFO: [ app_begin ] --START--
INFO: Run Behavior\ReadHtmlCacheBehavior [ RunTime:0.000026s ]
INFO: [ app_begin ] --END-- [ RunTime:0.000050s ]
NOTIC: [2] http_build_query(): Parameter 1 expected to be Array or Object.  Incorrect value given /data/wwwroot/default/wx/wx/Home/Controller/IndexController.class.php 第 132 行.
NOTIC: [8] Use of undefined constant post - assumed 'post' /data/wwwroot/default/wx/wx/Home/Controller/IndexController.class.php 第 259 行.
NOTIC: [8] Undefined variable: multi /data/wwwroot/default/wx/wx/Home/Controller/IndexController.class.php 第 136 行.
INFO: [ app_end ] --START--
INFO: Run Behavior\ShowPageTraceBehavior [ RunTime:0.000067s ]
INFO: [ app_end ] --END-- [ RunTime:0.000129s ]

[ 2017-09-16T23:14:33+08:00 ] 103.95.95.36 /wx/Index/getQrCode
INFO: [ app_init ] --START--
INFO: Run Behavior\BuildLiteBehavior [ RunTime:0.000011s ]
INFO: [ app_init ] --END-- [ RunTime:0.000077s ]
INFO: [ app_begin ] --START--
INFO: Run Behavior\ReadHtmlCacheBehavior [ RunTime:0.000035s ]
INFO: [ app_begin ] --END-- [ RunTime:0.000064s ]
NOTIC: [2] http_build_query(): Parameter 1 expected to be Array or Object.  Incorrect value given /data/wwwroot/default/wx/wx/Home/Controller/IndexController.class.php 第 132 行.
NOTIC: [8] Use of undefined constant post - assumed 'post' /data/wwwroot/default/wx/wx/Home/Controller/IndexController.class.php 第 251 行.
NOTIC: [8] Undefined variable: multi /data/wwwroot/default/wx/wx/Home/Controller/IndexController.class.php 第 136 行.
NOTIC: [8] Undefined index: ticket /data/wwwroot/default/wx/wx/Home/Controller/IndexController.class.php 第 253 行.
INFO: [ app_end ] --START--
INFO: Run Behavior\ShowPageTraceBehavior [ RunTime:0.000080s ]
INFO: [ app_end ] --END-- [ RunTime:0.000120s ]

[ 2017-09-16T23:14:43+08:00 ] 103.95.95.36 /wx/Index/getQrCode
INFO: [ app_init ] --START--
INFO: Run Behavior\BuildLiteBehavior [ RunTime:0.000010s ]
INFO: [ app_init ] --END-- [ RunTime:0.000064s ]
INFO: [ app_begin ] --START--
INFO: Run Behavior\ReadHtmlCacheBehavior [ RunTime:0.000026s ]
INFO: [ app_begin ] --END-- [ RunTime:0.000050s ]
NOTIC: [2] http_build_query(): Parameter 1 expected to be Array or Object.  Incorrect value given /data/wwwroot/default/wx/wx/Home/Controller/IndexController.class.php 第 132 行.
NOTIC: [8] Use of undefined constant post - assumed 'post' /data/wwwroot/default/wx/wx/Home/Controller/IndexController.class.php 第 251 行.
NOTIC: [8] Undefined variable: multi /data/wwwroot/default/wx/wx/Home/Controller/IndexController.class.php 第 136 行.
NOTIC: [8] Undefined index: ticket /data/wwwroot/default/wx/wx/Home/Controller/IndexController.class.php 第 253 行.
INFO: [ app_end ] --START--
INFO: Run Behavior\ShowPageTraceBehavior [ RunTime:0.000065s ]
INFO: [ app_end ] --END-- [ RunTime:0.000103s ]

[ 2017-09-16T23:16:01+08:00 ] 103.95.95.36 /wx/Index/getQrCode
INFO: [ app_init ] --START--
INFO: Run Behavior\BuildLiteBehavior [ RunTime:0.000010s ]
INFO: [ app_init ] --END-- [ RunTime:0.000068s ]
INFO: [ app_begin ] --START--
INFO: Run Behavior\ReadHtmlCacheBehavior [ RunTime:0.000030s ]
INFO: [ app_begin ] --END-- [ RunTime:0.000053s ]
NOTIC: [2] Missing argument 3 for Home\Controller\IndexController::http_curl(), called in /data/wwwroot/default/wx/wx/Home/Controller/IndexController.class.php on line 165 and defined /data/wwwroot/default/wx/wx/Home/Controller/IndexController.class.php 第 122 行.
NOTIC: [2] Missing argument 4 for Home\Controller\IndexController::http_curl(), called in /data/wwwroot/default/wx/wx/Home/Controller/IndexController.class.php on line 165 and defined /data/wwwroot/default/wx/wx/Home/Controller/IndexController.class.php 第 122 行.
NOTIC: [8] Undefined variable: data /data/wwwroot/default/wx/wx/Home/Controller/IndexController.class.php 第 132 行.
NOTIC: [2] http_build_query(): Parameter 1 expected to be Array or Object.  Incorrect value given /data/wwwroot/default/wx/wx/Home/Controller/IndexController.class.php 第 132 行.
NOTIC: [8] Use of undefined constant post - assumed 'post' /data/wwwroot/default/wx/wx/Home/Controller/IndexController.class.php 第 251 行.
NOTIC: [8] Undefined variable: multi /data/wwwroot/default/wx/wx/Home/Controller/IndexController.class.php 第 136 行.
NOTIC: [8] Undefined index: ticket /data/wwwroot/default/wx/wx/Home/Controller/IndexController.class.php 第 253 行.
INFO: [ app_end ] --START--
INFO: Run Behavior\ShowPageTraceBehavior [ RunTime:0.000074s ]
INFO: [ app_end ] --END-- [ RunTime:0.000111s ]

[ 2017-09-16T23:16:03+08:00 ] 103.95.95.36 /wx/Index/getQrCode
INFO: [ app_init ] --START--
INFO: Run Behavior\BuildLiteBehavior [ RunTime:0.000009s ]
INFO: [ app_init ] --END-- [ RunTime:0.000062s ]
INFO: [ app_begin ] --START--
INFO: Run Behavior\ReadHtmlCacheBehavior [ RunTime:0.000027s ]
INFO: [ app_begin ] --END-- [ RunTime:0.000050s ]
NOTIC: [2] Missing argument 3 for Home\Controller\IndexController::http_curl(), called in /data/wwwroot/default/wx/wx/Home/Controller/IndexController.class.php on line 165 and defined /data/wwwroot/default/wx/wx/Home/Controller/IndexController.class.php 第 122 行.
NOTIC: [2] Missing argument 4 for Home\Controller\IndexController::http_curl(), called in /data/wwwroot/default/wx/wx/Home/Controller/IndexController.class.php on line 165 and defined /data/wwwroot/default/wx/wx/Home/Controller/IndexController.class.php 第 122 行.
NOTIC: [8] Undefined variable: data /data/wwwroot/default/wx/wx/Home/Controller/IndexController.class.php 第 132 行.
NOTIC: [2] http_build_query(): Parameter 1 expected to be Array or Object.  Incorrect value given /data/wwwroot/default/wx/wx/Home/Controller/IndexController.class.php 第 132 行.
NOTIC: [8] Use of undefined constant post - assumed 'post' /data/wwwroot/default/wx/wx/Home/Controller/IndexController.class.php 第 251 行.
NOTIC: [8] Undefined variable: multi /data/wwwroot/default/wx/wx/Home/Controller/IndexController.class.php 第 136 行.
NOTIC: [8] Undefined index: ticket /data/wwwroot/default/wx/wx/Home/Controller/IndexController.class.php 第 253 行.
INFO: [ app_end ] --START--
INFO: Run Behavior\ShowPageTraceBehavior [ RunTime:0.000080s ]
INFO: [ app_end ] --END-- [ RunTime:0.000117s ]

[ 2017-09-16T23:16:33+08:00 ] 103.95.95.36 /wx/Index/getQrCode
INFO: [ app_init ] --START--
INFO: Run Behavior\BuildLiteBehavior [ RunTime:0.000009s ]
INFO: [ app_init ] --END-- [ RunTime:0.000062s ]
INFO: [ app_begin ] --START--
INFO: Run Behavior\ReadHtmlCacheBehavior [ RunTime:0.000026s ]
INFO: [ app_begin ] --END-- [ RunTime:0.000049s ]
NOTIC: [2] Missing argument 3 for Home\Controller\IndexController::http_curl(), called in /data/wwwroot/default/wx/wx/Home/Controller/IndexController.class.php on line 165 and defined /data/wwwroot/default/wx/wx/Home/Controller/IndexController.class.php 第 122 行.
NOTIC: [2] Missing argument 4 for Home\Controller\IndexController::http_curl(), called in /data/wwwroot/default/wx/wx/Home/Controller/IndexController.class.php on line 165 and defined /data/wwwroot/default/wx/wx/Home/Controller/IndexController.class.php 第 122 行.
NOTIC: [8] Undefined variable: data /data/wwwroot/default/wx/wx/Home/Controller/IndexController.class.php 第 132 行.
NOTIC: [2] http_build_query(): Parameter 1 expected to be Array or Object.  Incorrect value given /data/wwwroot/default/wx/wx/Home/Controller/IndexController.class.php 第 132 行.
NOTIC: [8] Use of undefined constant post - assumed 'post' /data/wwwroot/default/wx/wx/Home/Controller/IndexController.class.php 第 251 行.
NOTIC: [8] Undefined variable: multi /data/wwwroot/default/wx/wx/Home/Controller/IndexController.class.php 第 136 行.
NOTIC: [8] Undefined index: ticket /data/wwwroot/default/wx/wx/Home/Controller/IndexController.class.php 第 253 行.
INFO: [ app_end ] --START--
INFO: Run Behavior\ShowPageTraceBehavior [ RunTime:0.000059s ]
INFO: [ app_end ] --END-- [ RunTime:0.000094s ]

[ 2017-09-16T23:16:35+08:00 ] 103.95.95.36 /wx/Index/getQrCode
INFO: [ app_init ] --START--
INFO: Run Behavior\BuildLiteBehavior [ RunTime:0.000011s ]
INFO: [ app_init ] --END-- [ RunTime:0.000068s ]
INFO: [ app_begin ] --START--
INFO: Run Behavior\ReadHtmlCacheBehavior [ RunTime:0.000029s ]
INFO: [ app_begin ] --END-- [ RunTime:0.000055s ]
NOTIC: [2] Missing argument 3 for Home\Controller\IndexController::http_curl(), called in /data/wwwroot/default/wx/wx/Home/Controller/IndexController.class.php on line 165 and defined /data/wwwroot/default/wx/wx/Home/Controller/IndexController.class.php 第 122 行.
NOTIC: [2] Missing argument 4 for Home\Controller\IndexController::http_curl(), called in /data/wwwroot/default/wx/wx/Home/Controller/IndexController.class.php on line 165 and defined /data/wwwroot/default/wx/wx/Home/Controller/IndexController.class.php 第 122 行.
NOTIC: [8] Undefined variable: data /data/wwwroot/default/wx/wx/Home/Controller/IndexController.class.php 第 132 行.
NOTIC: [2] http_build_query(): Parameter 1 expected to be Array or Object.  Incorrect value given /data/wwwroot/default/wx/wx/Home/Controller/IndexController.class.php 第 132 行.
NOTIC: [8] Use of undefined constant post - assumed 'post' /data/wwwroot/default/wx/wx/Home/Controller/IndexController.class.php 第 251 行.
NOTIC: [8] Undefined variable: multi /data/wwwroot/default/wx/wx/Home/Controller/IndexController.class.php 第 136 行.
NOTIC: [8] Undefined index: ticket /data/wwwroot/default/wx/wx/Home/Controller/IndexController.class.php 第 253 行.
INFO: [ app_end ] --START--
INFO: Run Behavior\ShowPageTraceBehavior [ RunTime:0.000070s ]
INFO: [ app_end ] --END-- [ RunTime:0.000109s ]

[ 2017-09-16T23:17:24+08:00 ] 140.207.124.105 /wx/Index/getCode
INFO: [ app_init ] --START--
INFO: Run Behavior\BuildLiteBehavior [ RunTime:0.000010s ]
INFO: [ app_init ] --END-- [ RunTime:0.000068s ]
INFO: [ app_begin ] --START--
INFO: Run Behavior\ReadHtmlCacheBehavior [ RunTime:0.000030s ]
INFO: [ app_begin ] --END-- [ RunTime:0.000052s ]
INFO: [ app_end ] --START--
INFO: Run Behavior\ShowPageTraceBehavior [ RunTime:0.000034s ]
INFO: [ app_end ] --END-- [ RunTime:0.000064s ]

[ 2017-09-16T23:17:41+08:00 ] 101.226.89.120 /wx/Index/getCode
INFO: [ app_init ] --START--
INFO: Run Behavior\BuildLiteBehavior [ RunTime:0.000009s ]
INFO: [ app_init ] --END-- [ RunTime:0.000063s ]
INFO: [ app_begin ] --START--
INFO: Run Behavior\ReadHtmlCacheBehavior [ RunTime:0.000027s ]
INFO: [ app_begin ] --END-- [ RunTime:0.000050s ]
INFO: [ app_end ] --START--
INFO: Run Behavior\ShowPageTraceBehavior [ RunTime:0.000023s ]
INFO: [ app_end ] --END-- [ RunTime:0.000048s ]

[ 2017-09-16T23:18:12+08:00 ] 103.95.95.36 /wx/Index/getQrCode
INFO: [ app_init ] --START--
INFO: Run Behavior\BuildLiteBehavior [ RunTime:0.000009s ]
INFO: [ app_init ] --END-- [ RunTime:0.000062s ]
INFO: [ app_begin ] --START--
INFO: Run Behavior\ReadHtmlCacheBehavior [ RunTime:0.000025s ]
INFO: [ app_begin ] --END-- [ RunTime:0.000047s ]
NOTIC: [2] Missing argument 3 for Home\Controller\IndexController::http_curl(), called in /data/wwwroot/default/wx/wx/Home/Controller/IndexController.class.php on line 165 and defined /data/wwwroot/default/wx/wx/Home/Controller/IndexController.class.php 第 122 行.
NOTIC: [2] Missing argument 4 for Home\Controller\IndexController::http_curl(), called in /data/wwwroot/default/wx/wx/Home/Controller/IndexController.class.php on line 165 and defined /data/wwwroot/default/wx/wx/Home/Controller/IndexController.class.php 第 122 行.
NOTIC: [8] Undefined variable: data /data/wwwroot/default/wx/wx/Home/Controller/IndexController.class.php 第 132 行.
NOTIC: [2] http_build_query(): Parameter 1 expected to be Array or Object.  Incorrect value given /data/wwwroot/default/wx/wx/Home/Controller/IndexController.class.php 第 132 行.
NOTIC: [8] Use of undefined constant post - assumed 'post' /data/wwwroot/default/wx/wx/Home/Controller/IndexController.class.php 第 251 行.
NOTIC: [8] Undefined variable: multi /data/wwwroot/default/wx/wx/Home/Controller/IndexController.class.php 第 136 行.
NOTIC: [8] Undefined index: ticket /data/wwwroot/default/wx/wx/Home/Controller/IndexController.class.php 第 253 行.
INFO: [ app_end ] --START--
INFO: Run Behavior\ShowPageTraceBehavior [ RunTime:0.000067s ]
INFO: [ app_end ] --END-- [ RunTime:0.000107s ]

[ 2017-09-16T23:18:13+08:00 ] 103.95.95.36 /wx/Index/getQrCode
INFO: [ app_init ] --START--
INFO: Run Behavior\BuildLiteBehavior [ RunTime:0.000011s ]
INFO: [ app_init ] --END-- [ RunTime:0.000073s ]
INFO: [ app_begin ] --START--
INFO: Run Behavior\ReadHtmlCacheBehavior [ RunTime:0.000040s ]
INFO: [ app_begin ] --END-- [ RunTime:0.000064s ]
NOTIC: [2] Missing argument 3 for Home\Controller\IndexController::http_curl(), called in /data/wwwroot/default/wx/wx/Home/Controller/IndexController.class.php on line 165 and defined /data/wwwroot/default/wx/wx/Home/Controller/IndexController.class.php 第 122 行.
NOTIC: [2] Missing argument 4 for Home\Controller\IndexController::http_curl(), called in /data/wwwroot/default/wx/wx/Home/Controller/IndexController.class.php on line 165 and defined /data/wwwroot/default/wx/wx/Home/Controller/IndexController.class.php 第 122 行.
NOTIC: [8] Undefined variable: data /data/wwwroot/default/wx/wx/Home/Controller/IndexController.class.php 第 132 行.
NOTIC: [2] http_build_query(): Parameter 1 expected to be Array or Object.  Incorrect value given /data/wwwroot/default/wx/wx/Home/Controller/IndexController.class.php 第 132 行.
NOTIC: [8] Use of undefined constant post - assumed 'post' /data/wwwroot/default/wx/wx/Home/Controller/IndexController.class.php 第 251 行.
NOTIC: [8] Undefined variable: multi /data/wwwroot/default/wx/wx/Home/Controller/IndexController.class.php 第 136 行.
NOTIC: [8] Undefined index: ticket /data/wwwroot/default/wx/wx/Home/Controller/IndexController.class.php 第 253 行.
INFO: [ app_end ] --START--
INFO: Run Behavior\ShowPageTraceBehavior [ RunTime:0.000068s ]
INFO: [ app_end ] --END-- [ RunTime:0.000117s ]

[ 2017-09-16T23:20:36+08:00 ] 103.95.95.36 /wx/Index/getQrCode
INFO: [ app_init ] --START--
INFO: Run Behavior\BuildLiteBehavior [ RunTime:0.000010s ]
INFO: [ app_init ] --END-- [ RunTime:0.000069s ]
INFO: [ app_begin ] --START--
INFO: Run Behavior\ReadHtmlCacheBehavior [ RunTime:0.000031s ]
INFO: [ app_begin ] --END-- [ RunTime:0.000055s ]
NOTIC: [2] Missing argument 3 for Home\Controller\IndexController::http_curl(), called in /data/wwwroot/default/wx/wx/Home/Controller/IndexController.class.php on line 165 and defined /data/wwwroot/default/wx/wx/Home/Controller/IndexController.class.php 第 122 行.
NOTIC: [8] Undefined variable: data /data/wwwroot/default/wx/wx/Home/Controller/IndexController.class.php 第 132 行.
NOTIC: [2] http_build_query(): Parameter 1 expected to be Array or Object.  Incorrect value given /data/wwwroot/default/wx/wx/Home/Controller/IndexController.class.php 第 132 行.
NOTIC: [8] Use of undefined constant post - assumed 'post' /data/wwwroot/default/wx/wx/Home/Controller/IndexController.class.php 第 251 行.
NOTIC: [8] Undefined variable: multi /data/wwwroot/default/wx/wx/Home/Controller/IndexController.class.php 第 136 行.
NOTIC: [8] Undefined index: ticket /data/wwwroot/default/wx/wx/Home/Controller/IndexController.class.php 第 255 行.
INFO: [ app_end ] --START--
INFO: Run Behavior\ShowPageTraceBehavior [ RunTime:0.000072s ]
INFO: [ app_end ] --END-- [ RunTime:0.000115s ]

[ 2017-09-16T23:20:42+08:00 ] 103.95.95.36 /wx/Index/getQrCode
INFO: [ app_init ] --START--
INFO: Run Behavior\BuildLiteBehavior [ RunTime:0.000010s ]
INFO: [ app_init ] --END-- [ RunTime:0.000063s ]
INFO: [ app_begin ] --START--
INFO: Run Behavior\ReadHtmlCacheBehavior [ RunTime:0.000027s ]
INFO: [ app_begin ] --END-- [ RunTime:0.000051s ]
NOTIC: [2] Missing argument 3 for Home\Controller\IndexController::http_curl(), called in /data/wwwroot/default/wx/wx/Home/Controller/IndexController.class.php on line 165 and defined /data/wwwroot/default/wx/wx/Home/Controller/IndexController.class.php 第 122 行.
NOTIC: [8] Undefined variable: data /data/wwwroot/default/wx/wx/Home/Controller/IndexController.class.php 第 132 行.
NOTIC: [2] http_build_query(): Parameter 1 expected to be Array or Object.  Incorrect value given /data/wwwroot/default/wx/wx/Home/Controller/IndexController.class.php 第 132 行.
NOTIC: [8] Use of undefined constant post - assumed 'post' /data/wwwroot/default/wx/wx/Home/Controller/IndexController.class.php 第 251 行.
NOTIC: [8] Undefined variable: multi /data/wwwroot/default/wx/wx/Home/Controller/IndexController.class.php 第 136 行.
NOTIC: [8] Undefined index: ticket /data/wwwroot/default/wx/wx/Home/Controller/IndexController.class.php 第 255 行.
INFO: [ app_end ] --START--
INFO: Run Behavior\ShowPageTraceBehavior [ RunTime:0.000066s ]
INFO: [ app_end ] --END-- [ RunTime:0.000105s ]

[ 2017-09-16T23:21:32+08:00 ] 103.95.95.36 /wx/Index/getQrCode
INFO: [ app_init ] --START--
INFO: Run Behavior\BuildLiteBehavior [ RunTime:0.000010s ]
INFO: [ app_init ] --END-- [ RunTime:0.000070s ]
INFO: [ app_begin ] --START--
INFO: Run Behavior\ReadHtmlCacheBehavior [ RunTime:0.000029s ]
INFO: [ app_begin ] --END-- [ RunTime:0.000056s ]
NOTIC: [2] Missing argument 3 for Home\Controller\IndexController::http_curl(), called in /data/wwwroot/default/wx/wx/Home/Controller/IndexController.class.php on line 165 and defined /data/wwwroot/default/wx/wx/Home/Controller/IndexController.class.php 第 122 行.
NOTIC: [8] Undefined variable: data /data/wwwroot/default/wx/wx/Home/Controller/IndexController.class.php 第 132 行.
NOTIC: [2] http_build_query(): Parameter 1 expected to be Array or Object.  Incorrect value given /data/wwwroot/default/wx/wx/Home/Controller/IndexController.class.php 第 132 行.
NOTIC: [8] Use of undefined constant post - assumed 'post' /data/wwwroot/default/wx/wx/Home/Controller/IndexController.class.php 第 251 行.
NOTIC: [8] Undefined variable: multi /data/wwwroot/default/wx/wx/Home/Controller/IndexController.class.php 第 136 行.
NOTIC: [8] Undefined index: ticket /data/wwwroot/default/wx/wx/Home/Controller/IndexController.class.php 第 255 行.
INFO: [ app_end ] --START--
INFO: Run Behavior\ShowPageTraceBehavior [ RunTime:0.000065s ]
INFO: [ app_end ] --END-- [ RunTime:0.000101s ]

[ 2017-09-16T23:21:35+08:00 ] 103.95.95.36 /wx/Index/getQrCode
INFO: [ app_init ] --START--
INFO: Run Behavior\BuildLiteBehavior [ RunTime:0.000009s ]
INFO: [ app_init ] --END-- [ RunTime:0.000063s ]
INFO: [ app_begin ] --START--
INFO: Run Behavior\ReadHtmlCacheBehavior [ RunTime:0.000027s ]
INFO: [ app_begin ] --END-- [ RunTime:0.000049s ]
NOTIC: [2] Missing argument 3 for Home\Controller\IndexController::http_curl(), called in /data/wwwroot/default/wx/wx/Home/Controller/IndexController.class.php on line 165 and defined /data/wwwroot/default/wx/wx/Home/Controller/IndexController.class.php 第 122 行.
NOTIC: [8] Undefined variable: data /data/wwwroot/default/wx/wx/Home/Controller/IndexController.class.php 第 132 行.
NOTIC: [2] http_build_query(): Parameter 1 expected to be Array or Object.  Incorrect value given /data/wwwroot/default/wx/wx/Home/Controller/IndexController.class.php 第 132 行.
NOTIC: [8] Use of undefined constant post - assumed 'post' /data/wwwroot/default/wx/wx/Home/Controller/IndexController.class.php 第 251 行.
NOTIC: [8] Undefined variable: multi /data/wwwroot/default/wx/wx/Home/Controller/IndexController.class.php 第 136 行.
NOTIC: [8] Undefined index: ticket /data/wwwroot/default/wx/wx/Home/Controller/IndexController.class.php 第 255 行.
INFO: [ app_end ] --START--
INFO: Run Behavior\ShowPageTraceBehavior [ RunTime:0.000064s ]
INFO: [ app_end ] --END-- [ RunTime:0.000101s ]

[ 2017-09-16T23:21:36+08:00 ] 103.95.95.36 /wx/Index/getQrCode
INFO: [ app_init ] --START--
INFO: Run Behavior\BuildLiteBehavior [ RunTime:0.000011s ]
INFO: [ app_init ] --END-- [ RunTime:0.000069s ]
INFO: [ app_begin ] --START--
INFO: Run Behavior\ReadHtmlCacheBehavior [ RunTime:0.000031s ]
INFO: [ app_begin ] --END-- [ RunTime:0.000057s ]
NOTIC: [2] Missing argument 3 for Home\Controller\IndexController::http_curl(), called in /data/wwwroot/default/wx/wx/Home/Controller/IndexController.class.php on line 165 and defined /data/wwwroot/default/wx/wx/Home/Controller/IndexController.class.php 第 122 行.
NOTIC: [8] Undefined variable: data /data/wwwroot/default/wx/wx/Home/Controller/IndexController.class.php 第 132 行.
NOTIC: [2] http_build_query(): Parameter 1 expected to be Array or Object.  Incorrect value given /data/wwwroot/default/wx/wx/Home/Controller/IndexController.class.php 第 132 行.
NOTIC: [8] Use of undefined constant post - assumed 'post' /data/wwwroot/default/wx/wx/Home/Controller/IndexController.class.php 第 251 行.
NOTIC: [8] Undefined variable: multi /data/wwwroot/default/wx/wx/Home/Controller/IndexController.class.php 第 136 行.
NOTIC: [8] Undefined index: ticket /data/wwwroot/default/wx/wx/Home/Controller/IndexController.class.php 第 255 行.
INFO: [ app_end ] --START--
INFO: Run Behavior\ShowPageTraceBehavior [ RunTime:0.000068s ]
INFO: [ app_end ] --END-- [ RunTime:0.000108s ]

[ 2017-09-16T23:21:38+08:00 ] 103.95.95.36 /wx/Index/getQrCode
INFO: [ app_init ] --START--
INFO: Run Behavior\BuildLiteBehavior [ RunTime:0.000009s ]
INFO: [ app_init ] --END-- [ RunTime:0.000067s ]
INFO: [ app_begin ] --START--
INFO: Run Behavior\ReadHtmlCacheBehavior [ RunTime:0.000031s ]
INFO: [ app_begin ] --END-- [ RunTime:0.000053s ]
NOTIC: [2] Missing argument 3 for Home\Controller\IndexController::http_curl(), called in /data/wwwroot/default/wx/wx/Home/Controller/IndexController.class.php on line 165 and defined /data/wwwroot/default/wx/wx/Home/Controller/IndexController.class.php 第 122 行.
NOTIC: [8] Undefined variable: data /data/wwwroot/default/wx/wx/Home/Controller/IndexController.class.php 第 132 行.
NOTIC: [2] http_build_query(): Parameter 1 expected to be Array or Object.  Incorrect value given /data/wwwroot/default/wx/wx/Home/Controller/IndexController.class.php 第 132 行.
NOTIC: [8] Use of undefined constant post - assumed 'post' /data/wwwroot/default/wx/wx/Home/Controller/IndexController.class.php 第 251 行.
NOTIC: [8] Undefined variable: multi /data/wwwroot/default/wx/wx/Home/Controller/IndexController.class.php 第 136 行.
NOTIC: [8] Undefined index: ticket /data/wwwroot/default/wx/wx/Home/Controller/IndexController.class.php 第 255 行.
INFO: [ app_end ] --START--
INFO: Run Behavior\ShowPageTraceBehavior [ RunTime:0.000072s ]
INFO: [ app_end ] --END-- [ RunTime:0.000109s ]

[ 2017-09-16T23:26:13+08:00 ] 103.95.95.36 /wx/Index/getQrCode
INFO: [ app_init ] --START--
INFO: Run Behavior\BuildLiteBehavior [ RunTime:0.000010s ]
INFO: [ app_init ] --END-- [ RunTime:0.000070s ]
INFO: [ app_begin ] --START--
INFO: Run Behavior\ReadHtmlCacheBehavior [ RunTime:0.000031s ]
INFO: [ app_begin ] --END-- [ RunTime:0.000054s ]
NOTIC: [2] Missing argument 3 for Home\Controller\IndexController::http_curl(), called in /data/wwwroot/default/wx/wx/Home/Controller/IndexController.class.php on line 162 and defined /data/wwwroot/default/wx/wx/Home/Controller/IndexController.class.php 第 122 行.
NOTIC: [8] Undefined variable: data /data/wwwroot/default/wx/wx/Home/Controller/IndexController.class.php 第 132 行.
NOTIC: [2] http_build_query(): Parameter 1 expected to be Array or Object.  Incorrect value given /data/wwwroot/default/wx/wx/Home/Controller/IndexController.class.php 第 132 行.
NOTIC: [8] Use of undefined constant post - assumed 'post' /data/wwwroot/default/wx/wx/Home/Controller/IndexController.class.php 第 248 行.
NOTIC: [8] Undefined index: ticket /data/wwwroot/default/wx/wx/Home/Controller/IndexController.class.php 第 252 行.
INFO: [ app_end ] --START--
INFO: Run Behavior\ShowPageTraceBehavior [ RunTime:0.000074s ]
INFO: [ app_end ] --END-- [ RunTime:0.000113s ]

[ 2017-09-16T23:34:36+08:00 ] 103.95.95.36 /wx/Index/getQrCode
INFO: [ app_init ] --START--
INFO: Run Behavior\BuildLiteBehavior [ RunTime:0.000009s ]
INFO: [ app_init ] --END-- [ RunTime:0.000079s ]
INFO: [ app_begin ] --START--
INFO: Run Behavior\ReadHtmlCacheBehavior [ RunTime:0.000031s ]
INFO: [ app_begin ] --END-- [ RunTime:0.000054s ]
NOTIC: [2] Missing argument 3 for Home\Controller\IndexController::http_curl(), called in /data/wwwroot/default/wx/wx/Home/Controller/IndexController.class.php on line 160 and defined /data/wwwroot/default/wx/wx/Home/Controller/IndexController.class.php 第 122 行.
NOTIC: [8] Undefined variable: params /data/wwwroot/default/wx/wx/Home/Controller/IndexController.class.php 第 132 行.
NOTIC: [2] http_build_query(): Parameter 1 expected to be Array or Object.  Incorrect value given /data/wwwroot/default/wx/wx/Home/Controller/IndexController.class.php 第 132 行.
NOTIC: [8] Use of undefined constant post - assumed 'post' /data/wwwroot/default/wx/wx/Home/Controller/IndexController.class.php 第 246 行.
NOTIC: [8] Undefined variable: multi /data/wwwroot/default/wx/wx/Home/Controller/IndexController.class.php 第 136 行.
NOTIC: [2] http_build_query(): Parameter 1 expected to be Array or Object.  Incorrect value given /data/wwwroot/default/wx/wx/Home/Controller/IndexController.class.php 第 136 行.
NOTIC: [8] Undefined index: ticket /data/wwwroot/default/wx/wx/Home/Controller/IndexController.class.php 第 250 行.
INFO: [ app_end ] --START--
INFO: Run Behavior\ShowPageTraceBehavior [ RunTime:0.000098s ]
INFO: [ app_end ] --END-- [ RunTime:0.000150s ]

[ 2017-09-16T23:35:28+08:00 ] 103.95.95.36 /wx/Index/getQrCode
INFO: [ app_init ] --START--
INFO: Run Behavior\BuildLiteBehavior [ RunTime:0.000009s ]
INFO: [ app_init ] --END-- [ RunTime:0.000061s ]
INFO: [ app_begin ] --START--
INFO: Run Behavior\ReadHtmlCacheBehavior [ RunTime:0.000027s ]
INFO: [ app_begin ] --END-- [ RunTime:0.000050s ]
NOTIC: [2] Missing argument 3 for Home\Controller\IndexController::http_curl(), called in /data/wwwroot/default/wx/wx/Home/Controller/IndexController.class.php on line 160 and defined /data/wwwroot/default/wx/wx/Home/Controller/IndexController.class.php 第 122 行.
NOTIC: [8] Undefined variable: params /data/wwwroot/default/wx/wx/Home/Controller/IndexController.class.php 第 132 行.
NOTIC: [2] http_build_query(): Parameter 1 expected to be Array or Object.  Incorrect value given /data/wwwroot/default/wx/wx/Home/Controller/IndexController.class.php 第 132 行.
NOTIC: [8] Use of undefined constant post - assumed 'post' /data/wwwroot/default/wx/wx/Home/Controller/IndexController.class.php 第 246 行.
NOTIC: [8] Undefined variable: multi /data/wwwroot/default/wx/wx/Home/Controller/IndexController.class.php 第 136 行.
NOTIC: [2] http_build_query(): Parameter 1 expected to be Array or Object.  Incorrect value given /data/wwwroot/default/wx/wx/Home/Controller/IndexController.class.php 第 136 行.
NOTIC: [8] Undefined index: ticket /data/wwwroot/default/wx/wx/Home/Controller/IndexController.class.php 第 250 行.
INFO: [ app_end ] --START--
INFO: Run Behavior\ShowPageTraceBehavior [ RunTime:0.000066s ]
INFO: [ app_end ] --END-- [ RunTime:0.000102s ]

[ 2017-09-16T23:38:13+08:00 ] 103.95.95.36 /wx/Index/getQrCode
INFO: [ app_init ] --START--
INFO: Run Behavior\BuildLiteBehavior [ RunTime:0.000011s ]
INFO: [ app_init ] --END-- [ RunTime:0.000078s ]
INFO: [ app_begin ] --START--
INFO: Run Behavior\ReadHtmlCacheBehavior [ RunTime:0.000033s ]
INFO: [ app_begin ] --END-- [ RunTime:0.000059s ]
NOTIC: [2] Missing argument 3 for Home\Controller\IndexController::http_curl(), called in /data/wwwroot/default/wx/wx/Home/Controller/IndexController.class.php on line 159 and defined /data/wwwroot/default/wx/wx/Home/Controller/IndexController.class.php 第 122 行.
NOTIC: [8] Undefined variable: params /data/wwwroot/default/wx/wx/Home/Controller/IndexController.class.php 第 132 行.
NOTIC: [2] http_build_query(): Parameter 1 expected to be Array or Object.  Incorrect value given /data/wwwroot/default/wx/wx/Home/Controller/IndexController.class.php 第 132 行.
INFO: [ app_end ] --START--
INFO: Run Behavior\ShowPageTraceBehavior [ RunTime:0.000082s ]
INFO: [ app_end ] --END-- [ RunTime:0.000161s ]

[ 2017-09-16T23:38:28+08:00 ] 103.95.95.36 /wx/Index/getQrCode
INFO: [ app_init ] --START--
INFO: Run Behavior\BuildLiteBehavior [ RunTime:0.000010s ]
INFO: [ app_init ] --END-- [ RunTime:0.000065s ]
INFO: [ app_begin ] --START--
INFO: Run Behavior\ReadHtmlCacheBehavior [ RunTime:0.000026s ]
INFO: [ app_begin ] --END-- [ RunTime:0.000049s ]
NOTIC: [2] Missing argument 3 for Home\Controller\IndexController::http_curl(), called in /data/wwwroot/default/wx/wx/Home/Controller/IndexController.class.php on line 159 and defined /data/wwwroot/default/wx/wx/Home/Controller/IndexController.class.php 第 122 行.
NOTIC: [8] Undefined variable: params /data/wwwroot/default/wx/wx/Home/Controller/IndexController.class.php 第 132 行.
NOTIC: [2] http_build_query(): Parameter 1 expected to be Array or Object.  Incorrect value given /data/wwwroot/default/wx/wx/Home/Controller/IndexController.class.php 第 132 行.
INFO: [ app_end ] --START--
INFO: Run Behavior\ShowPageTraceBehavior [ RunTime:0.000066s ]
INFO: [ app_end ] --END-- [ RunTime:0.000125s ]

[ 2017-09-16T23:38:43+08:00 ] 103.95.95.36 /wx/Index/getQrCode
INFO: [ app_init ] --START--
INFO: Run Behavior\BuildLiteBehavior [ RunTime:0.000010s ]
INFO: [ app_init ] --END-- [ RunTime:0.000079s ]
INFO: [ app_begin ] --START--
INFO: Run Behavior\ReadHtmlCacheBehavior [ RunTime:0.000027s ]
INFO: [ app_begin ] --END-- [ RunTime:0.000051s ]
NOTIC: [2] Missing argument 3 for Home\Controller\IndexController::http_curl(), called in /data/wwwroot/default/wx/wx/Home/Controller/IndexController.class.php on line 159 and defined /data/wwwroot/default/wx/wx/Home/Controller/IndexController.class.php 第 122 行.
NOTIC: [8] Undefined variable: params /data/wwwroot/default/wx/wx/Home/Controller/IndexController.class.php 第 132 行.
NOTIC: [2] http_build_query(): Parameter 1 expected to be Array or Object.  Incorrect value given /data/wwwroot/default/wx/wx/Home/Controller/IndexController.class.php 第 132 行.
INFO: [ app_end ] --START--
INFO: Run Behavior\ShowPageTraceBehavior [ RunTime:0.000078s ]
INFO: [ app_end ] --END-- [ RunTime:0.000140s ]

[ 2017-09-16T23:38:45+08:00 ] 103.95.95.36 /wx/Index/getQrCode
INFO: [ app_init ] --START--
INFO: Run Behavior\BuildLiteBehavior [ RunTime:0.000009s ]
INFO: [ app_init ] --END-- [ RunTime:0.000061s ]
INFO: [ app_begin ] --START--
INFO: Run Behavior\ReadHtmlCacheBehavior [ RunTime:0.000028s ]
INFO: [ app_begin ] --END-- [ RunTime:0.000110s ]
NOTIC: [2] Missing argument 3 for Home\Controller\IndexController::http_curl(), called in /data/wwwroot/default/wx/wx/Home/Controller/IndexController.class.php on line 159 and defined /data/wwwroot/default/wx/wx/Home/Controller/IndexController.class.php 第 122 行.
NOTIC: [8] Undefined variable: params /data/wwwroot/default/wx/wx/Home/Controller/IndexController.class.php 第 132 行.
NOTIC: [2] http_build_query(): Parameter 1 expected to be Array or Object.  Incorrect value given /data/wwwroot/default/wx/wx/Home/Controller/IndexController.class.php 第 132 行.
INFO: [ app_end ] --START--
INFO: Run Behavior\ShowPageTraceBehavior [ RunTime:0.000083s ]
INFO: [ app_end ] --END-- [ RunTime:0.000145s ]

[ 2017-09-16T23:38:58+08:00 ] 103.95.95.36 /wx/Index/getQrCode
INFO: [ app_init ] --START--
INFO: Run Behavior\BuildLiteBehavior [ RunTime:0.000011s ]
INFO: [ app_init ] --END-- [ RunTime:0.000067s ]
INFO: [ app_begin ] --START--
INFO: Run Behavior\ReadHtmlCacheBehavior [ RunTime:0.000043s ]
INFO: [ app_begin ] --END-- [ RunTime:0.000069s ]
NOTIC: [2] Missing argument 3 for Home\Controller\IndexController::http_curl(), called in /data/wwwroot/default/wx/wx/Home/Controller/IndexController.class.php on line 159 and defined /data/wwwroot/default/wx/wx/Home/Controller/IndexController.class.php 第 122 行.
NOTIC: [8] Undefined variable: params /data/wwwroot/default/wx/wx/Home/Controller/IndexController.class.php 第 132 行.
NOTIC: [2] http_build_query(): Parameter 1 expected to be Array or Object.  Incorrect value given /data/wwwroot/default/wx/wx/Home/Controller/IndexController.class.php 第 132 行.
INFO: [ app_end ] --START--
INFO: Run Behavior\ShowPageTraceBehavior [ RunTime:0.000069s ]
INFO: [ app_end ] --END-- [ RunTime:0.000132s ]

[ 2017-09-16T23:39:16+08:00 ] 103.95.95.36 /wx/Index/getQrCode
INFO: [ app_init ] --START--
INFO: Run Behavior\BuildLiteBehavior [ RunTime:0.000010s ]
INFO: [ app_init ] --END-- [ RunTime:0.000069s ]
INFO: [ app_begin ] --START--
INFO: Run Behavior\ReadHtmlCacheBehavior [ RunTime:0.000031s ]
INFO: [ app_begin ] --END-- [ RunTime:0.000054s ]
NOTIC: [2] Missing argument 3 for Home\Controller\IndexController::http_curl(), called in /data/wwwroot/default/wx/wx/Home/Controller/IndexController.class.php on line 159 and defined /data/wwwroot/default/wx/wx/Home/Controller/IndexController.class.php 第 122 行.
NOTIC: [8] Undefined variable: params /data/wwwroot/default/wx/wx/Home/Controller/IndexController.class.php 第 132 行.
NOTIC: [2] http_build_query(): Parameter 1 expected to be Array or Object.  Incorrect value given /data/wwwroot/default/wx/wx/Home/Controller/IndexController.class.php 第 132 行.
INFO: [ app_end ] --START--
INFO: Run Behavior\ShowPageTraceBehavior [ RunTime:0.000081s ]
INFO: [ app_end ] --END-- [ RunTime:0.000159s ]

[ 2017-09-16T23:43:38+08:00 ] 123.151.42.50 /wx/Index/getCode
INFO: [ app_init ] --START--
INFO: Run Behavior\BuildLiteBehavior [ RunTime:0.000011s ]
INFO: [ app_init ] --END-- [ RunTime:0.000084s ]
INFO: [ app_begin ] --START--
INFO: Run Behavior\ReadHtmlCacheBehavior [ RunTime:0.000032s ]
INFO: [ app_begin ] --END-- [ RunTime:0.000055s ]
INFO: [ app_end ] --START--
INFO: Run Behavior\ShowPageTraceBehavior [ RunTime:0.000034s ]
INFO: [ app_end ] --END-- [ RunTime:0.000065s ]

[ 2017-09-16T23:43:41+08:00 ] 123.151.42.50 /wx/Index/getUserInfo?code=061KFtqs1lUM5p0WZRqs1s2oqs1KFtqs&state=1
INFO: [ app_init ] --START--
INFO: Run Behavior\BuildLiteBehavior [ RunTime:0.000011s ]
INFO: [ app_init ] --END-- [ RunTime:0.000079s ]
INFO: [ app_begin ] --START--
INFO: Run Behavior\ReadHtmlCacheBehavior [ RunTime:0.000028s ]
INFO: [ app_begin ] --END-- [ RunTime:0.000052s ]
NOTIC: [2] Missing argument 3 for Home\Controller\IndexController::http_curl(), called in /data/wwwroot/default/wx/wx/Home/Controller/IndexController.class.php on line 217 and defined /data/wwwroot/default/wx/wx/Home/Controller/IndexController.class.php 第 122 行.
NOTIC: [8] Undefined variable: params /data/wwwroot/default/wx/wx/Home/Controller/IndexController.class.php 第 132 行.
NOTIC: [2] http_build_query(): Parameter 1 expected to be Array or Object.  Incorrect value given /data/wwwroot/default/wx/wx/Home/Controller/IndexController.class.php 第 132 行.
NOTIC: [2] Missing argument 3 for Home\Controller\IndexController::http_curl(), called in /data/wwwroot/default/wx/wx/Home/Controller/IndexController.class.php on line 224 and defined /data/wwwroot/default/wx/wx/Home/Controller/IndexController.class.php 第 122 行.
NOTIC: [8] Undefined variable: params /data/wwwroot/default/wx/wx/Home/Controller/IndexController.class.php 第 132 行.
NOTIC: [2] http_build_query(): Parameter 1 expected to be Array or Object.  Incorrect value given /data/wwwroot/default/wx/wx/Home/Controller/IndexController.class.php 第 132 行.
INFO: [ view_parse ] --START--
INFO: [ template_filter ] --START--
INFO: Run Behavior\ContentReplaceBehavior [ RunTime:0.000029s ]
INFO: [ template_filter ] --END-- [ RunTime:0.000063s ]
INFO: Run Behavior\ParseTemplateBehavior [ RunTime:0.001145s ]
INFO: [ view_parse ] --END-- [ RunTime:0.001190s ]
INFO: [ view_filter ] --START--
INFO: Run Behavior\WriteHtmlCacheBehavior [ RunTime:0.000034s ]
INFO: [ view_filter ] --END-- [ RunTime:0.000051s ]
INFO: [ app_end ] --START--
INFO: Run Behavior\ShowPageTraceBehavior [ RunTime:0.000022s ]
INFO: [ app_end ] --END-- [ RunTime:0.000039s ]

